#
# There is insufficient memory for the Java Runtime Environment to continue.
# Native memory allocation (malloc) failed to allocate 2067856 bytes for Chunk::new
# Possible reasons:
#   The system is out of physical RAM or swap space
#   The process is running with CompressedOops enabled, and the Java Heap may be blocking the growth of the native heap
# Possible solutions:
#   Reduce memory load on the system
#   Increase physical memory or swap space
#   Check if swap backing store is full
#   Decrease Java heap size (-Xmx/-Xms)
#   Decrease number of Java threads
#   Decrease Java thread stack sizes (-Xss)
#   Set larger code cache with -XX:ReservedCodeCacheSize=
#   JVM is running with Unscaled Compressed Oops mode in which the Java heap is
#     placed in the first 4GB address space. The Java Heap base address is the
#     maximum limit for the native heap growth. Please use -XX:HeapBaseMinAddress
#     to set the Java Heap base and to place the Java Heap above 4GB virtual address.
# This output file may be truncated or incomplete.
#
#  Out of Memory Error (./src/hotspot/share/memory/arena.cpp:197), pid=7884, tid=5028
#
# JRE version: OpenJDK Runtime Environment (11.0.7+10) (build 11.0.7+10-b765.64)
# Java VM: OpenJDK 64-Bit Server VM (11.0.7+10-b765.64, mixed mode, sharing, tiered, compressed oops, g1 gc, windows-amd64)
# No core dump will be written. Minidumps are not enabled by default on client versions of Windows
#

---------------  S U M M A R Y ------------

Command Line: --add-opens=java.base/java.util=ALL-UNNAMED --add-opens=java.base/java.lang=ALL-UNNAMED --add-opens=java.base/java.lang.invoke=ALL-UNNAMED --add-opens=java.prefs/java.util.prefs=ALL-UNNAMED -XX:MaxMetaspaceSize=256m -XX:+HeapDumpOnOutOfMemoryError -Xms256m -Xmx512m -Dfile.encoding=windows-1252 -Duser.country=US -Duser.language=en -Duser.variant org.gradle.launcher.daemon.bootstrap.GradleDaemon 5.3.1

Host: Intel(R) Core(TM) i5-7200U CPU @ 2.50GHz, 4 cores, 7G,  Windows 10 , 64 bit Build 18362 (10.0.18362.900)
Time: Fri Jul 17 00:52:27 2020 Central Europe Daylight Time elapsed time: 6 seconds (0d 0h 0m 6s)

---------------  T H R E A D  ---------------

Current thread (0x0000012bcafe2800):  JavaThread "C2 CompilerThread0" daemon [_thread_in_native, id=5028, stack(0x0000000e99500000,0x0000000e99600000)]


Current CompileTask:
C2:   6255 3671       4       org.objectweb.asm.Frame::execute (2318 bytes)

Stack: [0x0000000e99500000,0x0000000e99600000]
Native frames: (J=compiled Java code, j=interpreted, Vv=VM code, C=native code)
V  [jvm.dll+0x5dda4a]
V  [jvm.dll+0x711595]
V  [jvm.dll+0x712aed]
V  [jvm.dll+0x7131a3]
V  [jvm.dll+0x23e368]
V  [jvm.dll+0xb8a9c]
V  [jvm.dll+0xb8fac]
V  [jvm.dll+0x34fe9d]
V  [jvm.dll+0x31dc43]
V  [jvm.dll+0x31d1da]
V  [jvm.dll+0x1f7452]
V  [jvm.dll+0x1f6624]
V  [jvm.dll+0x17f21c]
V  [jvm.dll+0x204c67]
V  [jvm.dll+0x2034b1]
V  [jvm.dll+0x6da2cf]
V  [jvm.dll+0x6d3065]
V  [jvm.dll+0x5dc9f6]
C  [ucrtbase.dll+0x20e82]
C  [KERNEL32.DLL+0x17bd4]
C  [ntdll.dll+0x6ce51]


---------------  P R O C E S S  ---------------

Threads class SMR info:
_java_thread_list=0x0000012bcf6e1250, length=33, elements={
0x0000012bb27ce000, 0x0000012bcafba000, 0x0000012bcafbd000, 0x0000012bcafde000,
0x0000012bcafdf000, 0x0000012bcafe2800, 0x0000012bcafe9800, 0x0000012bcafef800,
0x0000012bcba37800, 0x0000012bcba3c800, 0x0000012bccdca000, 0x0000012bcbadb800,
0x0000012bcc3c4800, 0x0000012bcd616800, 0x0000012bcc7d9000, 0x0000012bcd619000,
0x0000012bcd0eb800, 0x0000012bcd66a000, 0x0000012bcd624800, 0x0000012bcd625000,
0x0000012bcd431000, 0x0000012bcd432000, 0x0000012bcd432800, 0x0000012bcd1f6000,
0x0000012bcd433800, 0x0000012bcf7f8000, 0x0000012bcf7f5800, 0x0000012bcf7f8800,
0x0000012bcf7f9800, 0x0000012bcf7fa800, 0x0000012bcf7f4800, 0x0000012bcf7f6000,
0x0000012bcf7f7000
}

Java Threads: ( => current thread )
  0x0000012bb27ce000 JavaThread "main" [_thread_blocked, id=1332, stack(0x0000000e98900000,0x0000000e98a00000)]
  0x0000012bcafba000 JavaThread "Reference Handler" daemon [_thread_blocked, id=9160, stack(0x0000000e99000000,0x0000000e99100000)]
  0x0000012bcafbd000 JavaThread "Finalizer" daemon [_thread_blocked, id=12092, stack(0x0000000e99100000,0x0000000e99200000)]
  0x0000012bcafde000 JavaThread "Signal Dispatcher" daemon [_thread_blocked, id=12556, stack(0x0000000e99300000,0x0000000e99400000)]
  0x0000012bcafdf000 JavaThread "Attach Listener" daemon [_thread_blocked, id=15580, stack(0x0000000e99400000,0x0000000e99500000)]
=>0x0000012bcafe2800 JavaThread "C2 CompilerThread0" daemon [_thread_in_native, id=5028, stack(0x0000000e99500000,0x0000000e99600000)]
  0x0000012bcafe9800 JavaThread "C1 CompilerThread0" daemon [_thread_blocked, id=14956, stack(0x0000000e99600000,0x0000000e99700000)]
  0x0000012bcafef800 JavaThread "Sweeper thread" daemon [_thread_blocked, id=7952, stack(0x0000000e99700000,0x0000000e99800000)]
  0x0000012bcba37800 JavaThread "Common-Cleaner" daemon [_thread_blocked, id=7888, stack(0x0000000e99800000,0x0000000e99900000)]
  0x0000012bcba3c800 JavaThread "Service Thread" daemon [_thread_blocked, id=12580, stack(0x0000000e99900000,0x0000000e99a00000)]
  0x0000012bccdca000 JavaThread "Daemon health stats" [_thread_blocked, id=4224, stack(0x0000000e99f00000,0x0000000e9a000000)]
  0x0000012bcbadb800 JavaThread "Incoming local TCP Connector on port 52104" [_thread_in_native, id=10076, stack(0x0000000e99b00000,0x0000000e99c00000)]
  0x0000012bcc3c4800 JavaThread "Daemon periodic checks" [_thread_blocked, id=11800, stack(0x0000000e9a000000,0x0000000e9a100000)]
  0x0000012bcd616800 JavaThread "Daemon" [_thread_blocked, id=380, stack(0x0000000e9a100000,0x0000000e9a200000)]
  0x0000012bcc7d9000 JavaThread "Handler for socket connection from /127.0.0.1:52104 to /127.0.0.1:52105" [_thread_in_native, id=5248, stack(0x0000000e9a200000,0x0000000e9a300000)]
  0x0000012bcd619000 JavaThread "Cancel handler" [_thread_blocked, id=11484, stack(0x0000000e9a300000,0x0000000e9a400000)]
  0x0000012bcd0eb800 JavaThread "Daemon worker" [_thread_in_vm, id=10408, stack(0x0000000e9a400000,0x0000000e9a500000)]
  0x0000012bcd66a000 JavaThread "Asynchronous log dispatcher for DefaultDaemonConnection: socket connection from /127.0.0.1:52104 to /127.0.0.1:52105" [_thread_blocked, id=2528, stack(0x0000000e9a500000,0x0000000e9a600000)]
  0x0000012bcd624800 JavaThread "Stdin handler" [_thread_blocked, id=484, stack(0x0000000e9a600000,0x0000000e9a700000)]
  0x0000012bcd625000 JavaThread "Thread-8" [_thread_blocked, id=15348, stack(0x0000000e9a700000,0x0000000e9a800000)]
  0x0000012bcd431000 JavaThread "Cache worker for file hash cache (C:\Users\Michael\.gradle\caches\5.3.1\fileHashes)" [_thread_blocked, id=14924, stack(0x0000000e9a800000,0x0000000e9a900000)]
  0x0000012bcd432000 JavaThread "File lock request listener" [_thread_in_native, id=14784, stack(0x0000000e9a900000,0x0000000e9aa00000)]
  0x0000012bcd432800 JavaThread "Cache worker for journal cache (C:\Users\Michael\.gradle\caches\journal-1)" [_thread_blocked, id=14572, stack(0x0000000e9aa00000,0x0000000e9ab00000)]
  0x0000012bcd1f6000 JavaThread "C2 CompilerThread1" daemon [_thread_in_native, id=10108, stack(0x0000000e9ab00000,0x0000000e9ac00000)]
  0x0000012bcd433800 JavaThread "Cache worker for file hash cache (C:\Users\Michael\IdeaProjects\Encryption-Decryption\.gradle\5.3.1\fileHashes)" [_thread_blocked, id=11548, stack(0x0000000e9ac00000,0x0000000e9ad00000)]
  0x0000012bcf7f8000 JavaThread "Cache worker for cache directory md-supplier (C:\Users\Michael\.gradle\caches\5.3.1\md-supplier)" [_thread_blocked, id=2756, stack(0x0000000e9ad00000,0x0000000e9ae00000)]
  0x0000012bcf7f5800 JavaThread "Cache worker for cache directory md-rule (C:\Users\Michael\.gradle\caches\5.3.1\md-rule)" [_thread_blocked, id=16008, stack(0x0000000e9ae00000,0x0000000e9af00000)]
  0x0000012bcf7f8800 JavaThread "Cache worker for execution history cache (C:\Users\Michael\.gradle\caches\5.3.1\executionHistory)" [_thread_blocked, id=12112, stack(0x0000000e9af00000,0x0000000e9b000000)]
  0x0000012bcf7f9800 JavaThread "Build operations" [_thread_blocked, id=6264, stack(0x0000000e9b000000,0x0000000e9b100000)]
  0x0000012bcf7fa800 JavaThread "Build operations Thread 2" [_thread_blocked, id=9944, stack(0x0000000e9b100000,0x0000000e9b200000)]
  0x0000012bcf7f4800 JavaThread "Build operations Thread 3" [_thread_blocked, id=15288, stack(0x0000000e9b200000,0x0000000e9b300000)]
  0x0000012bcf7f6000 JavaThread "Build operations Thread 4" [_thread_blocked, id=13072, stack(0x0000000e9b300000,0x0000000e9b400000)]
  0x0000012bcf7f7000 JavaThread "Cache worker for Build Output Cleanup Cache (C:\Users\Michael\IdeaProjects\Encryption-Decryption\.gradle\buildOutputCleanup)" [_thread_blocked, id=7700, stack(0x0000000e9b400000,0x0000000e9b500000)]

Other Threads:
  0x0000012bcafb6800 VMThread "VM Thread" [stack: 0x0000000e98f00000,0x0000000e99000000] [id=3372]
  0x0000012bcba3d800 WatcherThread [stack: 0x0000000e99a00000,0x0000000e99b00000] [id=15688]
  0x0000012bb27e5800 GCTaskThread "GC Thread#0" [stack: 0x0000000e98a00000,0x0000000e98b00000] [id=13820]
  0x0000012bcc3a0800 GCTaskThread "GC Thread#1" [stack: 0x0000000e99c00000,0x0000000e99d00000] [id=14160]
  0x0000012bcc08f800 GCTaskThread "GC Thread#2" [stack: 0x0000000e99d00000,0x0000000e99e00000] [id=12680]
  0x0000012bcc090000 GCTaskThread "GC Thread#3" [stack: 0x0000000e99e00000,0x0000000e99f00000] [id=13428]
  0x0000012bb27f9800 ConcurrentGCThread "G1 Main Marker" [stack: 0x0000000e98b00000,0x0000000e98c00000] [id=6252]
  0x0000012bb27fb800 ConcurrentGCThread "G1 Conc#0" [stack: 0x0000000e98c00000,0x0000000e98d00000] [id=2468]
  0x0000012bcae7e800 ConcurrentGCThread "G1 Refine#0" [stack: 0x0000000e98d00000,0x0000000e98e00000] [id=7712]
  0x0000012bcae7f000 ConcurrentGCThread "G1 Young RemSet Sampling" [stack: 0x0000000e98e00000,0x0000000e98f00000] [id=10324]

Threads with active compile tasks:
C2 CompilerThread0   6282 3671       4       org.objectweb.asm.Frame::execute (2318 bytes)
C2 CompilerThread1   6282 3413       4       java.net.URLClassLoader$1::run (5 bytes)

VM state:not at safepoint (normal execution)

VM Mutex/Monitor currently owned by a thread: None

Heap address: 0x00000000e0000000, size: 512 MB, Compressed Oops mode: 32-bit
Narrow klass base: 0x0000000800000000, Narrow klass shift: 3
Compressed class space size: 260046848 Address: 0x0000000840000000

Heap:
 garbage-first heap   total 262144K, used 65248K [0x00000000e0000000, 0x0000000100000000)
  region size 1024K, 46 young (47104K), 9 survivors (9216K)
 Metaspace       used 37886K, capacity 38859K, committed 38940K, reserved 288768K
  class space    used 5186K, capacity 5457K, committed 5504K, reserved 253952K
Heap Regions: E=young(eden), S=young(survivor), O=old, HS=humongous(starts), HC=humongous(continues), CS=collection set, F=free, A=archive, TAMS=top-at-mark-start (previous, next)
|   0|0x00000000e0000000, 0x00000000e0100000, 0x00000000e0100000|100%| O|  |TAMS 0x00000000e0100000, 0x00000000e0000000| Untracked 
|   1|0x00000000e0100000, 0x00000000e0200000, 0x00000000e0200000|100%| O|  |TAMS 0x00000000e0200000, 0x00000000e0100000| Untracked 
|   2|0x00000000e0200000, 0x00000000e0300000, 0x00000000e0300000|100%|HS|  |TAMS 0x00000000e0300000, 0x00000000e0200000| Complete 
|   3|0x00000000e0300000, 0x00000000e0400000, 0x00000000e0400000|100%|HS|  |TAMS 0x00000000e0400000, 0x00000000e0300000| Complete 
|   4|0x00000000e0400000, 0x00000000e0500000, 0x00000000e0500000|100%|HC|  |TAMS 0x00000000e0500000, 0x00000000e0400000| Complete 
|   5|0x00000000e0500000, 0x00000000e0600000, 0x00000000e0600000|100%| O|  |TAMS 0x00000000e0600000, 0x00000000e0500000| Untracked 
|   6|0x00000000e0600000, 0x00000000e0700000, 0x00000000e0700000|100%| O|  |TAMS 0x00000000e0700000, 0x00000000e0600000| Untracked 
|   7|0x00000000e0700000, 0x00000000e0800000, 0x00000000e0800000|100%| O|  |TAMS 0x00000000e0800000, 0x00000000e0700000| Untracked 
|   8|0x00000000e0800000, 0x00000000e0900000, 0x00000000e0900000|100%| O|  |TAMS 0x00000000e0900000, 0x00000000e0800000| Untracked 
|   9|0x00000000e0900000, 0x00000000e0a00000, 0x00000000e0a00000|100%| O|  |TAMS 0x00000000e0a00000, 0x00000000e0900000| Untracked 
|  10|0x00000000e0a00000, 0x00000000e0b00000, 0x00000000e0b00000|100%| O|  |TAMS 0x00000000e0b00000, 0x00000000e0a00000| Untracked 
|  11|0x00000000e0b00000, 0x00000000e0c00000, 0x00000000e0c00000|100%| O|  |TAMS 0x00000000e0c00000, 0x00000000e0b00000| Untracked 
|  12|0x00000000e0c00000, 0x00000000e0d00000, 0x00000000e0d00000|100%| O|  |TAMS 0x00000000e0d00000, 0x00000000e0c00000| Untracked 
|  13|0x00000000e0d00000, 0x00000000e0e00000, 0x00000000e0e00000|100%| O|  |TAMS 0x00000000e0e00000, 0x00000000e0d00000| Untracked 
|  14|0x00000000e0e00000, 0x00000000e0f00000, 0x00000000e0f00000|100%| O|  |TAMS 0x00000000e0f00000, 0x00000000e0e00000| Untracked 
|  15|0x00000000e0f00000, 0x00000000e1000000, 0x00000000e1000000|100%| O|  |TAMS 0x00000000e1000000, 0x00000000e0f00000| Untracked 
|  16|0x00000000e1000000, 0x00000000e1100000, 0x00000000e1100000|100%| O|  |TAMS 0x00000000e1100000, 0x00000000e1000000| Untracked 
|  17|0x00000000e1100000, 0x00000000e114d400, 0x00000000e1200000| 30%| O|  |TAMS 0x00000000e114d400, 0x00000000e1100000| Untracked 
|  18|0x00000000e1200000, 0x00000000e1300000, 0x00000000e1300000|100%|HS|  |TAMS 0x00000000e1200000, 0x00000000e1200000| Complete 
|  19|0x00000000e1300000, 0x00000000e1400000, 0x00000000e1400000|100%|HC|  |TAMS 0x00000000e1300000, 0x00000000e1300000| Complete 
|  20|0x00000000e1400000, 0x00000000e1400000, 0x00000000e1500000|  0%| F|  |TAMS 0x00000000e1400000, 0x00000000e1400000| Untracked 
|  21|0x00000000e1500000, 0x00000000e1500000, 0x00000000e1600000|  0%| F|  |TAMS 0x00000000e1500000, 0x00000000e1500000| Untracked 
|  22|0x00000000e1600000, 0x00000000e1600000, 0x00000000e1700000|  0%| F|  |TAMS 0x00000000e1600000, 0x00000000e1600000| Untracked 
|  23|0x00000000e1700000, 0x00000000e1700000, 0x00000000e1800000|  0%| F|  |TAMS 0x00000000e1700000, 0x00000000e1700000| Untracked 
|  24|0x00000000e1800000, 0x00000000e1800000, 0x00000000e1900000|  0%| F|  |TAMS 0x00000000e1800000, 0x00000000e1800000| Untracked 
|  25|0x00000000e1900000, 0x00000000e1900000, 0x00000000e1a00000|  0%| F|  |TAMS 0x00000000e1900000, 0x00000000e1900000| Untracked 
|  26|0x00000000e1a00000, 0x00000000e1a00000, 0x00000000e1b00000|  0%| F|  |TAMS 0x00000000e1a00000, 0x00000000e1a00000| Untracked 
|  27|0x00000000e1b00000, 0x00000000e1b00000, 0x00000000e1c00000|  0%| F|  |TAMS 0x00000000e1b00000, 0x00000000e1b00000| Untracked 
|  28|0x00000000e1c00000, 0x00000000e1c00000, 0x00000000e1d00000|  0%| F|  |TAMS 0x00000000e1c00000, 0x00000000e1c00000| Untracked 
|  29|0x00000000e1d00000, 0x00000000e1d00000, 0x00000000e1e00000|  0%| F|  |TAMS 0x00000000e1d00000, 0x00000000e1d00000| Untracked 
|  30|0x00000000e1e00000, 0x00000000e1e00000, 0x00000000e1f00000|  0%| F|  |TAMS 0x00000000e1e00000, 0x00000000e1e00000| Untracked 
|  31|0x00000000e1f00000, 0x00000000e1f00000, 0x00000000e2000000|  0%| F|  |TAMS 0x00000000e1f00000, 0x00000000e1f00000| Untracked 
|  32|0x00000000e2000000, 0x00000000e2000000, 0x00000000e2100000|  0%| F|  |TAMS 0x00000000e2000000, 0x00000000e2000000| Untracked 
|  33|0x00000000e2100000, 0x00000000e2100000, 0x00000000e2200000|  0%| F|  |TAMS 0x00000000e2100000, 0x00000000e2100000| Untracked 
|  34|0x00000000e2200000, 0x00000000e2200000, 0x00000000e2300000|  0%| F|  |TAMS 0x00000000e2200000, 0x00000000e2200000| Untracked 
|  35|0x00000000e2300000, 0x00000000e2300000, 0x00000000e2400000|  0%| F|  |TAMS 0x00000000e2300000, 0x00000000e2300000| Untracked 
|  36|0x00000000e2400000, 0x00000000e2400000, 0x00000000e2500000|  0%| F|  |TAMS 0x00000000e2400000, 0x00000000e2400000| Untracked 
|  37|0x00000000e2500000, 0x00000000e2500000, 0x00000000e2600000|  0%| F|  |TAMS 0x00000000e2500000, 0x00000000e2500000| Untracked 
|  38|0x00000000e2600000, 0x00000000e2600000, 0x00000000e2700000|  0%| F|  |TAMS 0x00000000e2600000, 0x00000000e2600000| Untracked 
|  39|0x00000000e2700000, 0x00000000e2700000, 0x00000000e2800000|  0%| F|  |TAMS 0x00000000e2700000, 0x00000000e2700000| Untracked 
|  40|0x00000000e2800000, 0x00000000e2800000, 0x00000000e2900000|  0%| F|  |TAMS 0x00000000e2800000, 0x00000000e2800000| Untracked 
|  41|0x00000000e2900000, 0x00000000e2900000, 0x00000000e2a00000|  0%| F|  |TAMS 0x00000000e2900000, 0x00000000e2900000| Untracked 
|  42|0x00000000e2a00000, 0x00000000e2a00000, 0x00000000e2b00000|  0%| F|  |TAMS 0x00000000e2a00000, 0x00000000e2a00000| Untracked 
|  43|0x00000000e2b00000, 0x00000000e2b00000, 0x00000000e2c00000|  0%| F|  |TAMS 0x00000000e2b00000, 0x00000000e2b00000| Untracked 
|  44|0x00000000e2c00000, 0x00000000e2c00000, 0x00000000e2d00000|  0%| F|  |TAMS 0x00000000e2c00000, 0x00000000e2c00000| Untracked 
|  45|0x00000000e2d00000, 0x00000000e2d00000, 0x00000000e2e00000|  0%| F|  |TAMS 0x00000000e2d00000, 0x00000000e2d00000| Untracked 
|  46|0x00000000e2e00000, 0x00000000e2e00000, 0x00000000e2f00000|  0%| F|  |TAMS 0x00000000e2e00000, 0x00000000e2e00000| Untracked 
|  47|0x00000000e2f00000, 0x00000000e2f00000, 0x00000000e3000000|  0%| F|  |TAMS 0x00000000e2f00000, 0x00000000e2f00000| Untracked 
|  48|0x00000000e3000000, 0x00000000e3000000, 0x00000000e3100000|  0%| F|  |TAMS 0x00000000e3000000, 0x00000000e3000000| Untracked 
|  49|0x00000000e3100000, 0x00000000e3100000, 0x00000000e3200000|  0%| F|  |TAMS 0x00000000e3100000, 0x00000000e3100000| Untracked 
|  50|0x00000000e3200000, 0x00000000e3200000, 0x00000000e3300000|  0%| F|  |TAMS 0x00000000e3200000, 0x00000000e3200000| Untracked 
|  51|0x00000000e3300000, 0x00000000e3300000, 0x00000000e3400000|  0%| F|  |TAMS 0x00000000e3300000, 0x00000000e3300000| Untracked 
|  52|0x00000000e3400000, 0x00000000e3400000, 0x00000000e3500000|  0%| F|  |TAMS 0x00000000e3400000, 0x00000000e3400000| Untracked 
|  53|0x00000000e3500000, 0x00000000e3500000, 0x00000000e3600000|  0%| F|  |TAMS 0x00000000e3500000, 0x00000000e3500000| Untracked 
|  54|0x00000000e3600000, 0x00000000e3600000, 0x00000000e3700000|  0%| F|  |TAMS 0x00000000e3600000, 0x00000000e3600000| Untracked 
|  55|0x00000000e3700000, 0x00000000e3700000, 0x00000000e3800000|  0%| F|  |TAMS 0x00000000e3700000, 0x00000000e3700000| Untracked 
|  56|0x00000000e3800000, 0x00000000e3800000, 0x00000000e3900000|  0%| F|  |TAMS 0x00000000e3800000, 0x00000000e3800000| Untracked 
|  57|0x00000000e3900000, 0x00000000e3900000, 0x00000000e3a00000|  0%| F|  |TAMS 0x00000000e3900000, 0x00000000e3900000| Untracked 
|  58|0x00000000e3a00000, 0x00000000e3a00000, 0x00000000e3b00000|  0%| F|  |TAMS 0x00000000e3a00000, 0x00000000e3a00000| Untracked 
|  59|0x00000000e3b00000, 0x00000000e3b00000, 0x00000000e3c00000|  0%| F|  |TAMS 0x00000000e3b00000, 0x00000000e3b00000| Untracked 
|  60|0x00000000e3c00000, 0x00000000e3c00000, 0x00000000e3d00000|  0%| F|  |TAMS 0x00000000e3c00000, 0x00000000e3c00000| Untracked 
|  61|0x00000000e3d00000, 0x00000000e3d00000, 0x00000000e3e00000|  0%| F|  |TAMS 0x00000000e3d00000, 0x00000000e3d00000| Untracked 
|  62|0x00000000e3e00000, 0x00000000e3e00000, 0x00000000e3f00000|  0%| F|  |TAMS 0x00000000e3e00000, 0x00000000e3e00000| Untracked 
|  63|0x00000000e3f00000, 0x00000000e3f00000, 0x00000000e4000000|  0%| F|  |TAMS 0x00000000e3f00000, 0x00000000e3f00000| Untracked 
|  64|0x00000000e4000000, 0x00000000e4000000, 0x00000000e4100000|  0%| F|  |TAMS 0x00000000e4000000, 0x00000000e4000000| Untracked 
|  65|0x00000000e4100000, 0x00000000e4100000, 0x00000000e4200000|  0%| F|  |TAMS 0x00000000e4100000, 0x00000000e4100000| Untracked 
|  66|0x00000000e4200000, 0x00000000e4200000, 0x00000000e4300000|  0%| F|  |TAMS 0x00000000e4200000, 0x00000000e4200000| Untracked 
|  67|0x00000000e4300000, 0x00000000e4300000, 0x00000000e4400000|  0%| F|  |TAMS 0x00000000e4300000, 0x00000000e4300000| Untracked 
|  68|0x00000000e4400000, 0x00000000e4400000, 0x00000000e4500000|  0%| F|  |TAMS 0x00000000e4400000, 0x00000000e4400000| Untracked 
|  69|0x00000000e4500000, 0x00000000e4500000, 0x00000000e4600000|  0%| F|  |TAMS 0x00000000e4500000, 0x00000000e4500000| Untracked 
|  70|0x00000000e4600000, 0x00000000e4600000, 0x00000000e4700000|  0%| F|  |TAMS 0x00000000e4600000, 0x00000000e4600000| Untracked 
|  71|0x00000000e4700000, 0x00000000e4700000, 0x00000000e4800000|  0%| F|  |TAMS 0x00000000e4700000, 0x00000000e4700000| Untracked 
|  72|0x00000000e4800000, 0x00000000e4800000, 0x00000000e4900000|  0%| F|  |TAMS 0x00000000e4800000, 0x00000000e4800000| Untracked 
|  73|0x00000000e4900000, 0x00000000e4900000, 0x00000000e4a00000|  0%| F|  |TAMS 0x00000000e4900000, 0x00000000e4900000| Untracked 
|  74|0x00000000e4a00000, 0x00000000e4a00000, 0x00000000e4b00000|  0%| F|  |TAMS 0x00000000e4a00000, 0x00000000e4a00000| Untracked 
|  75|0x00000000e4b00000, 0x00000000e4b00000, 0x00000000e4c00000|  0%| F|  |TAMS 0x00000000e4b00000, 0x00000000e4b00000| Untracked 
|  76|0x00000000e4c00000, 0x00000000e4c00000, 0x00000000e4d00000|  0%| F|  |TAMS 0x00000000e4c00000, 0x00000000e4c00000| Untracked 
|  77|0x00000000e4d00000, 0x00000000e4d00000, 0x00000000e4e00000|  0%| F|  |TAMS 0x00000000e4d00000, 0x00000000e4d00000| Untracked 
|  78|0x00000000e4e00000, 0x00000000e4e00000, 0x00000000e4f00000|  0%| F|  |TAMS 0x00000000e4e00000, 0x00000000e4e00000| Untracked 
|  79|0x00000000e4f00000, 0x00000000e4f00000, 0x00000000e5000000|  0%| F|  |TAMS 0x00000000e4f00000, 0x00000000e4f00000| Untracked 
|  80|0x00000000e5000000, 0x00000000e5000000, 0x00000000e5100000|  0%| F|  |TAMS 0x00000000e5000000, 0x00000000e5000000| Untracked 
|  81|0x00000000e5100000, 0x00000000e5100000, 0x00000000e5200000|  0%| F|  |TAMS 0x00000000e5100000, 0x00000000e5100000| Untracked 
|  82|0x00000000e5200000, 0x00000000e5200000, 0x00000000e5300000|  0%| F|  |TAMS 0x00000000e5200000, 0x00000000e5200000| Untracked 
|  83|0x00000000e5300000, 0x00000000e5300000, 0x00000000e5400000|  0%| F|  |TAMS 0x00000000e5300000, 0x00000000e5300000| Untracked 
|  84|0x00000000e5400000, 0x00000000e5400000, 0x00000000e5500000|  0%| F|  |TAMS 0x00000000e5400000, 0x00000000e5400000| Untracked 
|  85|0x00000000e5500000, 0x00000000e5500000, 0x00000000e5600000|  0%| F|  |TAMS 0x00000000e5500000, 0x00000000e5500000| Untracked 
|  86|0x00000000e5600000, 0x00000000e5600000, 0x00000000e5700000|  0%| F|  |TAMS 0x00000000e5600000, 0x00000000e5600000| Untracked 
|  87|0x00000000e5700000, 0x00000000e5700000, 0x00000000e5800000|  0%| F|  |TAMS 0x00000000e5700000, 0x00000000e5700000| Untracked 
|  88|0x00000000e5800000, 0x00000000e5800000, 0x00000000e5900000|  0%| F|  |TAMS 0x00000000e5800000, 0x00000000e5800000| Untracked 
|  89|0x00000000e5900000, 0x00000000e5900000, 0x00000000e5a00000|  0%| F|  |TAMS 0x00000000e5900000, 0x00000000e5900000| Untracked 
|  90|0x00000000e5a00000, 0x00000000e5a00000, 0x00000000e5b00000|  0%| F|  |TAMS 0x00000000e5a00000, 0x00000000e5a00000| Untracked 
|  91|0x00000000e5b00000, 0x00000000e5b00000, 0x00000000e5c00000|  0%| F|  |TAMS 0x00000000e5b00000, 0x00000000e5b00000| Untracked 
|  92|0x00000000e5c00000, 0x00000000e5c00000, 0x00000000e5d00000|  0%| F|  |TAMS 0x00000000e5c00000, 0x00000000e5c00000| Untracked 
|  93|0x00000000e5d00000, 0x00000000e5d00000, 0x00000000e5e00000|  0%| F|  |TAMS 0x00000000e5d00000, 0x00000000e5d00000| Untracked 
|  94|0x00000000e5e00000, 0x00000000e5e00000, 0x00000000e5f00000|  0%| F|  |TAMS 0x00000000e5e00000, 0x00000000e5e00000| Untracked 
|  95|0x00000000e5f00000, 0x00000000e5f00000, 0x00000000e6000000|  0%| F|  |TAMS 0x00000000e5f00000, 0x00000000e5f00000| Untracked 
|  96|0x00000000e6000000, 0x00000000e6000000, 0x00000000e6100000|  0%| F|  |TAMS 0x00000000e6000000, 0x00000000e6000000| Untracked 
|  97|0x00000000e6100000, 0x00000000e6100000, 0x00000000e6200000|  0%| F|  |TAMS 0x00000000e6100000, 0x00000000e6100000| Untracked 
|  98|0x00000000e6200000, 0x00000000e6200000, 0x00000000e6300000|  0%| F|  |TAMS 0x00000000e6200000, 0x00000000e6200000| Untracked 
|  99|0x00000000e6300000, 0x00000000e6300000, 0x00000000e6400000|  0%| F|  |TAMS 0x00000000e6300000, 0x00000000e6300000| Untracked 
| 100|0x00000000e6400000, 0x00000000e6400000, 0x00000000e6500000|  0%| F|  |TAMS 0x00000000e6400000, 0x00000000e6400000| Untracked 
| 101|0x00000000e6500000, 0x00000000e6500000, 0x00000000e6600000|  0%| F|  |TAMS 0x00000000e6500000, 0x00000000e6500000| Untracked 
| 102|0x00000000e6600000, 0x00000000e6600000, 0x00000000e6700000|  0%| F|  |TAMS 0x00000000e6600000, 0x00000000e6600000| Untracked 
| 103|0x00000000e6700000, 0x00000000e6700000, 0x00000000e6800000|  0%| F|  |TAMS 0x00000000e6700000, 0x00000000e6700000| Untracked 
| 104|0x00000000e6800000, 0x00000000e6800000, 0x00000000e6900000|  0%| F|  |TAMS 0x00000000e6800000, 0x00000000e6800000| Untracked 
| 105|0x00000000e6900000, 0x00000000e6900000, 0x00000000e6a00000|  0%| F|  |TAMS 0x00000000e6900000, 0x00000000e6900000| Untracked 
| 106|0x00000000e6a00000, 0x00000000e6a00000, 0x00000000e6b00000|  0%| F|  |TAMS 0x00000000e6a00000, 0x00000000e6a00000| Untracked 
| 107|0x00000000e6b00000, 0x00000000e6b00000, 0x00000000e6c00000|  0%| F|  |TAMS 0x00000000e6b00000, 0x00000000e6b00000| Untracked 
| 108|0x00000000e6c00000, 0x00000000e6c00000, 0x00000000e6d00000|  0%| F|  |TAMS 0x00000000e6c00000, 0x00000000e6c00000| Untracked 
| 109|0x00000000e6d00000, 0x00000000e6d00000, 0x00000000e6e00000|  0%| F|  |TAMS 0x00000000e6d00000, 0x00000000e6d00000| Untracked 
| 110|0x00000000e6e00000, 0x00000000e6e00000, 0x00000000e6f00000|  0%| F|  |TAMS 0x00000000e6e00000, 0x00000000e6e00000| Untracked 
| 111|0x00000000e6f00000, 0x00000000e6f00000, 0x00000000e7000000|  0%| F|  |TAMS 0x00000000e6f00000, 0x00000000e6f00000| Untracked 
| 112|0x00000000e7000000, 0x00000000e7000000, 0x00000000e7100000|  0%| F|  |TAMS 0x00000000e7000000, 0x00000000e7000000| Untracked 
| 113|0x00000000e7100000, 0x00000000e7100000, 0x00000000e7200000|  0%| F|  |TAMS 0x00000000e7100000, 0x00000000e7100000| Untracked 
| 114|0x00000000e7200000, 0x00000000e7200000, 0x00000000e7300000|  0%| F|  |TAMS 0x00000000e7200000, 0x00000000e7200000| Untracked 
| 115|0x00000000e7300000, 0x00000000e7300000, 0x00000000e7400000|  0%| F|  |TAMS 0x00000000e7300000, 0x00000000e7300000| Untracked 
| 116|0x00000000e7400000, 0x00000000e7400000, 0x00000000e7500000|  0%| F|  |TAMS 0x00000000e7400000, 0x00000000e7400000| Untracked 
| 117|0x00000000e7500000, 0x00000000e7500000, 0x00000000e7600000|  0%| F|  |TAMS 0x00000000e7500000, 0x00000000e7500000| Untracked 
| 118|0x00000000e7600000, 0x00000000e7600000, 0x00000000e7700000|  0%| F|  |TAMS 0x00000000e7600000, 0x00000000e7600000| Untracked 
| 119|0x00000000e7700000, 0x00000000e7700000, 0x00000000e7800000|  0%| F|  |TAMS 0x00000000e7700000, 0x00000000e7700000| Untracked 
| 120|0x00000000e7800000, 0x00000000e7800000, 0x00000000e7900000|  0%| F|  |TAMS 0x00000000e7800000, 0x00000000e7800000| Untracked 
| 121|0x00000000e7900000, 0x00000000e7900000, 0x00000000e7a00000|  0%| F|  |TAMS 0x00000000e7900000, 0x00000000e7900000| Untracked 
| 122|0x00000000e7a00000, 0x00000000e7a00000, 0x00000000e7b00000|  0%| F|  |TAMS 0x00000000e7a00000, 0x00000000e7a00000| Untracked 
| 123|0x00000000e7b00000, 0x00000000e7b00000, 0x00000000e7c00000|  0%| F|  |TAMS 0x00000000e7b00000, 0x00000000e7b00000| Untracked 
| 124|0x00000000e7c00000, 0x00000000e7c00000, 0x00000000e7d00000|  0%| F|  |TAMS 0x00000000e7c00000, 0x00000000e7c00000| Untracked 
| 125|0x00000000e7d00000, 0x00000000e7d00000, 0x00000000e7e00000|  0%| F|  |TAMS 0x00000000e7d00000, 0x00000000e7d00000| Untracked 
| 126|0x00000000e7e00000, 0x00000000e7e00000, 0x00000000e7f00000|  0%| F|  |TAMS 0x00000000e7e00000, 0x00000000e7e00000| Untracked 
| 127|0x00000000e7f00000, 0x00000000e7f00000, 0x00000000e8000000|  0%| F|  |TAMS 0x00000000e7f00000, 0x00000000e7f00000| Untracked 
| 128|0x00000000e8000000, 0x00000000e8000000, 0x00000000e8100000|  0%| F|  |TAMS 0x00000000e8000000, 0x00000000e8000000| Untracked 
| 129|0x00000000e8100000, 0x00000000e8100000, 0x00000000e8200000|  0%| F|  |TAMS 0x00000000e8100000, 0x00000000e8100000| Untracked 
| 130|0x00000000e8200000, 0x00000000e8200000, 0x00000000e8300000|  0%| F|  |TAMS 0x00000000e8200000, 0x00000000e8200000| Untracked 
| 131|0x00000000e8300000, 0x00000000e8300000, 0x00000000e8400000|  0%| F|  |TAMS 0x00000000e8300000, 0x00000000e8300000| Untracked 
| 132|0x00000000e8400000, 0x00000000e8400000, 0x00000000e8500000|  0%| F|  |TAMS 0x00000000e8400000, 0x00000000e8400000| Untracked 
| 133|0x00000000e8500000, 0x00000000e8500000, 0x00000000e8600000|  0%| F|  |TAMS 0x00000000e8500000, 0x00000000e8500000| Untracked 
| 134|0x00000000e8600000, 0x00000000e8600000, 0x00000000e8700000|  0%| F|  |TAMS 0x00000000e8600000, 0x00000000e8600000| Untracked 
| 135|0x00000000e8700000, 0x00000000e8700000, 0x00000000e8800000|  0%| F|  |TAMS 0x00000000e8700000, 0x00000000e8700000| Untracked 
| 136|0x00000000e8800000, 0x00000000e8800000, 0x00000000e8900000|  0%| F|  |TAMS 0x00000000e8800000, 0x00000000e8800000| Untracked 
| 137|0x00000000e8900000, 0x00000000e8900000, 0x00000000e8a00000|  0%| F|  |TAMS 0x00000000e8900000, 0x00000000e8900000| Untracked 
| 138|0x00000000e8a00000, 0x00000000e8a00000, 0x00000000e8b00000|  0%| F|  |TAMS 0x00000000e8a00000, 0x00000000e8a00000| Untracked 
| 139|0x00000000e8b00000, 0x00000000e8b00000, 0x00000000e8c00000|  0%| F|  |TAMS 0x00000000e8b00000, 0x00000000e8b00000| Untracked 
| 140|0x00000000e8c00000, 0x00000000e8c00000, 0x00000000e8d00000|  0%| F|  |TAMS 0x00000000e8c00000, 0x00000000e8c00000| Untracked 
| 141|0x00000000e8d00000, 0x00000000e8d00000, 0x00000000e8e00000|  0%| F|  |TAMS 0x00000000e8d00000, 0x00000000e8d00000| Untracked 
| 142|0x00000000e8e00000, 0x00000000e8e00000, 0x00000000e8f00000|  0%| F|  |TAMS 0x00000000e8e00000, 0x00000000e8e00000| Untracked 
| 143|0x00000000e8f00000, 0x00000000e8f00000, 0x00000000e9000000|  0%| F|  |TAMS 0x00000000e8f00000, 0x00000000e8f00000| Untracked 
| 144|0x00000000e9000000, 0x00000000e9000000, 0x00000000e9100000|  0%| F|  |TAMS 0x00000000e9000000, 0x00000000e9000000| Untracked 
| 145|0x00000000e9100000, 0x00000000e9100000, 0x00000000e9200000|  0%| F|  |TAMS 0x00000000e9100000, 0x00000000e9100000| Untracked 
| 146|0x00000000e9200000, 0x00000000e9200000, 0x00000000e9300000|  0%| F|  |TAMS 0x00000000e9200000, 0x00000000e9200000| Untracked 
| 147|0x00000000e9300000, 0x00000000e9300000, 0x00000000e9400000|  0%| F|  |TAMS 0x00000000e9300000, 0x00000000e9300000| Untracked 
| 148|0x00000000e9400000, 0x00000000e9400000, 0x00000000e9500000|  0%| F|  |TAMS 0x00000000e9400000, 0x00000000e9400000| Untracked 
| 149|0x00000000e9500000, 0x00000000e9500000, 0x00000000e9600000|  0%| F|  |TAMS 0x00000000e9500000, 0x00000000e9500000| Untracked 
| 150|0x00000000e9600000, 0x00000000e9600000, 0x00000000e9700000|  0%| F|  |TAMS 0x00000000e9600000, 0x00000000e9600000| Untracked 
| 151|0x00000000e9700000, 0x00000000e9700000, 0x00000000e9800000|  0%| F|  |TAMS 0x00000000e9700000, 0x00000000e9700000| Untracked 
| 152|0x00000000e9800000, 0x00000000e9800000, 0x00000000e9900000|  0%| F|  |TAMS 0x00000000e9800000, 0x00000000e9800000| Untracked 
| 153|0x00000000e9900000, 0x00000000e9900000, 0x00000000e9a00000|  0%| F|  |TAMS 0x00000000e9900000, 0x00000000e9900000| Untracked 
| 154|0x00000000e9a00000, 0x00000000e9a00000, 0x00000000e9b00000|  0%| F|  |TAMS 0x00000000e9a00000, 0x00000000e9a00000| Untracked 
| 155|0x00000000e9b00000, 0x00000000e9b00000, 0x00000000e9c00000|  0%| F|  |TAMS 0x00000000e9b00000, 0x00000000e9b00000| Untracked 
| 156|0x00000000e9c00000, 0x00000000e9c00000, 0x00000000e9d00000|  0%| F|  |TAMS 0x00000000e9c00000, 0x00000000e9c00000| Untracked 
| 157|0x00000000e9d00000, 0x00000000e9d00000, 0x00000000e9e00000|  0%| F|  |TAMS 0x00000000e9d00000, 0x00000000e9d00000| Untracked 
| 158|0x00000000e9e00000, 0x00000000e9e00000, 0x00000000e9f00000|  0%| F|  |TAMS 0x00000000e9e00000, 0x00000000e9e00000| Untracked 
| 159|0x00000000e9f00000, 0x00000000e9f00000, 0x00000000ea000000|  0%| F|  |TAMS 0x00000000e9f00000, 0x00000000e9f00000| Untracked 
| 160|0x00000000ea000000, 0x00000000ea000000, 0x00000000ea100000|  0%| F|  |TAMS 0x00000000ea000000, 0x00000000ea000000| Untracked 
| 161|0x00000000ea100000, 0x00000000ea100000, 0x00000000ea200000|  0%| F|  |TAMS 0x00000000ea100000, 0x00000000ea100000| Untracked 
| 162|0x00000000ea200000, 0x00000000ea200000, 0x00000000ea300000|  0%| F|  |TAMS 0x00000000ea200000, 0x00000000ea200000| Untracked 
| 163|0x00000000ea300000, 0x00000000ea300000, 0x00000000ea400000|  0%| F|  |TAMS 0x00000000ea300000, 0x00000000ea300000| Untracked 
| 164|0x00000000ea400000, 0x00000000ea400000, 0x00000000ea500000|  0%| F|  |TAMS 0x00000000ea400000, 0x00000000ea400000| Untracked 
| 165|0x00000000ea500000, 0x00000000ea500000, 0x00000000ea600000|  0%| F|  |TAMS 0x00000000ea500000, 0x00000000ea500000| Untracked 
| 166|0x00000000ea600000, 0x00000000ea600000, 0x00000000ea700000|  0%| F|  |TAMS 0x00000000ea600000, 0x00000000ea600000| Untracked 
| 167|0x00000000ea700000, 0x00000000ea700000, 0x00000000ea800000|  0%| F|  |TAMS 0x00000000ea700000, 0x00000000ea700000| Untracked 
| 168|0x00000000ea800000, 0x00000000ea800000, 0x00000000ea900000|  0%| F|  |TAMS 0x00000000ea800000, 0x00000000ea800000| Untracked 
| 169|0x00000000ea900000, 0x00000000ea900000, 0x00000000eaa00000|  0%| F|  |TAMS 0x00000000ea900000, 0x00000000ea900000| Untracked 
| 170|0x00000000eaa00000, 0x00000000eaa00000, 0x00000000eab00000|  0%| F|  |TAMS 0x00000000eaa00000, 0x00000000eaa00000| Untracked 
| 171|0x00000000eab00000, 0x00000000eab00000, 0x00000000eac00000|  0%| F|  |TAMS 0x00000000eab00000, 0x00000000eab00000| Untracked 
| 172|0x00000000eac00000, 0x00000000eac00000, 0x00000000ead00000|  0%| F|  |TAMS 0x00000000eac00000, 0x00000000eac00000| Untracked 
| 173|0x00000000ead00000, 0x00000000ead00000, 0x00000000eae00000|  0%| F|  |TAMS 0x00000000ead00000, 0x00000000ead00000| Untracked 
| 174|0x00000000eae00000, 0x00000000eae00000, 0x00000000eaf00000|  0%| F|  |TAMS 0x00000000eae00000, 0x00000000eae00000| Untracked 
| 175|0x00000000eaf00000, 0x00000000eaf00000, 0x00000000eb000000|  0%| F|  |TAMS 0x00000000eaf00000, 0x00000000eaf00000| Untracked 
| 176|0x00000000eb000000, 0x00000000eb000000, 0x00000000eb100000|  0%| F|  |TAMS 0x00000000eb000000, 0x00000000eb000000| Untracked 
| 177|0x00000000eb100000, 0x00000000eb100000, 0x00000000eb200000|  0%| F|  |TAMS 0x00000000eb100000, 0x00000000eb100000| Untracked 
| 178|0x00000000eb200000, 0x00000000eb200000, 0x00000000eb300000|  0%| F|  |TAMS 0x00000000eb200000, 0x00000000eb200000| Untracked 
| 179|0x00000000eb300000, 0x00000000eb300000, 0x00000000eb400000|  0%| F|  |TAMS 0x00000000eb300000, 0x00000000eb300000| Untracked 
| 180|0x00000000eb400000, 0x00000000eb400000, 0x00000000eb500000|  0%| F|  |TAMS 0x00000000eb400000, 0x00000000eb400000| Untracked 
| 181|0x00000000eb500000, 0x00000000eb500000, 0x00000000eb600000|  0%| F|  |TAMS 0x00000000eb500000, 0x00000000eb500000| Untracked 
| 182|0x00000000eb600000, 0x00000000eb600000, 0x00000000eb700000|  0%| F|  |TAMS 0x00000000eb600000, 0x00000000eb600000| Untracked 
| 183|0x00000000eb700000, 0x00000000eb700000, 0x00000000eb800000|  0%| F|  |TAMS 0x00000000eb700000, 0x00000000eb700000| Untracked 
| 184|0x00000000eb800000, 0x00000000eb800000, 0x00000000eb900000|  0%| F|  |TAMS 0x00000000eb800000, 0x00000000eb800000| Untracked 
| 185|0x00000000eb900000, 0x00000000eb900000, 0x00000000eba00000|  0%| F|  |TAMS 0x00000000eb900000, 0x00000000eb900000| Untracked 
| 186|0x00000000eba00000, 0x00000000eba00000, 0x00000000ebb00000|  0%| F|  |TAMS 0x00000000eba00000, 0x00000000eba00000| Untracked 
| 187|0x00000000ebb00000, 0x00000000ebb00000, 0x00000000ebc00000|  0%| F|  |TAMS 0x00000000ebb00000, 0x00000000ebb00000| Untracked 
| 188|0x00000000ebc00000, 0x00000000ebc00000, 0x00000000ebd00000|  0%| F|  |TAMS 0x00000000ebc00000, 0x00000000ebc00000| Untracked 
| 189|0x00000000ebd00000, 0x00000000ebd00000, 0x00000000ebe00000|  0%| F|  |TAMS 0x00000000ebd00000, 0x00000000ebd00000| Untracked 
| 190|0x00000000ebe00000, 0x00000000ebe00000, 0x00000000ebf00000|  0%| F|  |TAMS 0x00000000ebe00000, 0x00000000ebe00000| Untracked 
| 191|0x00000000ebf00000, 0x00000000ebf00000, 0x00000000ec000000|  0%| F|  |TAMS 0x00000000ebf00000, 0x00000000ebf00000| Untracked 
| 192|0x00000000ec000000, 0x00000000ec000000, 0x00000000ec100000|  0%| F|  |TAMS 0x00000000ec000000, 0x00000000ec000000| Untracked 
| 193|0x00000000ec100000, 0x00000000ec100000, 0x00000000ec200000|  0%| F|  |TAMS 0x00000000ec100000, 0x00000000ec100000| Untracked 
| 194|0x00000000ec200000, 0x00000000ec200000, 0x00000000ec300000|  0%| F|  |TAMS 0x00000000ec200000, 0x00000000ec200000| Untracked 
| 195|0x00000000ec300000, 0x00000000ec300000, 0x00000000ec400000|  0%| F|  |TAMS 0x00000000ec300000, 0x00000000ec300000| Untracked 
| 196|0x00000000ec400000, 0x00000000ec400000, 0x00000000ec500000|  0%| F|  |TAMS 0x00000000ec400000, 0x00000000ec400000| Untracked 
| 197|0x00000000ec500000, 0x00000000ec500000, 0x00000000ec600000|  0%| F|  |TAMS 0x00000000ec500000, 0x00000000ec500000| Untracked 
| 198|0x00000000ec600000, 0x00000000ec600000, 0x00000000ec700000|  0%| F|  |TAMS 0x00000000ec600000, 0x00000000ec600000| Untracked 
| 199|0x00000000ec700000, 0x00000000ec700000, 0x00000000ec800000|  0%| F|  |TAMS 0x00000000ec700000, 0x00000000ec700000| Untracked 
| 200|0x00000000ec800000, 0x00000000ec800000, 0x00000000ec900000|  0%| F|  |TAMS 0x00000000ec800000, 0x00000000ec800000| Untracked 
| 201|0x00000000ec900000, 0x00000000ec900000, 0x00000000eca00000|  0%| F|  |TAMS 0x00000000ec900000, 0x00000000ec900000| Untracked 
| 202|0x00000000eca00000, 0x00000000eca6acc0, 0x00000000ecb00000| 41%| S|CS|TAMS 0x00000000eca00000, 0x00000000eca00000| Complete 
| 203|0x00000000ecb00000, 0x00000000ecc00000, 0x00000000ecc00000|100%| S|CS|TAMS 0x00000000ecb00000, 0x00000000ecb00000| Complete 
| 204|0x00000000ecc00000, 0x00000000ecd00000, 0x00000000ecd00000|100%| S|CS|TAMS 0x00000000ecc00000, 0x00000000ecc00000| Complete 
| 205|0x00000000ecd00000, 0x00000000ece00000, 0x00000000ece00000|100%| S|CS|TAMS 0x00000000ecd00000, 0x00000000ecd00000| Complete 
| 206|0x00000000ece00000, 0x00000000ecf00000, 0x00000000ecf00000|100%| S|CS|TAMS 0x00000000ece00000, 0x00000000ece00000| Complete 
| 207|0x00000000ecf00000, 0x00000000ed000000, 0x00000000ed000000|100%| S|CS|TAMS 0x00000000ecf00000, 0x00000000ecf00000| Complete 
| 208|0x00000000ed000000, 0x00000000ed100000, 0x00000000ed100000|100%| S|CS|TAMS 0x00000000ed000000, 0x00000000ed000000| Complete 
| 209|0x00000000ed100000, 0x00000000ed200000, 0x00000000ed200000|100%| S|CS|TAMS 0x00000000ed100000, 0x00000000ed100000| Complete 
| 210|0x00000000ed200000, 0x00000000ed300000, 0x00000000ed300000|100%| S|CS|TAMS 0x00000000ed200000, 0x00000000ed200000| Complete 
| 211|0x00000000ed300000, 0x00000000ed300000, 0x00000000ed400000|  0%| F|  |TAMS 0x00000000ed300000, 0x00000000ed300000| Untracked 
| 212|0x00000000ed400000, 0x00000000ed400000, 0x00000000ed500000|  0%| F|  |TAMS 0x00000000ed400000, 0x00000000ed400000| Untracked 
| 213|0x00000000ed500000, 0x00000000ed500000, 0x00000000ed600000|  0%| F|  |TAMS 0x00000000ed500000, 0x00000000ed500000| Untracked 
| 214|0x00000000ed600000, 0x00000000ed600000, 0x00000000ed700000|  0%| F|  |TAMS 0x00000000ed600000, 0x00000000ed600000| Untracked 
| 215|0x00000000ed700000, 0x00000000ed700000, 0x00000000ed800000|  0%| F|  |TAMS 0x00000000ed700000, 0x00000000ed700000| Untracked 
| 216|0x00000000ed800000, 0x00000000ed800000, 0x00000000ed900000|  0%| F|  |TAMS 0x00000000ed800000, 0x00000000ed800000| Untracked 
| 217|0x00000000ed900000, 0x00000000ed900000, 0x00000000eda00000|  0%| F|  |TAMS 0x00000000ed900000, 0x00000000ed900000| Untracked 
| 218|0x00000000eda00000, 0x00000000eda00000, 0x00000000edb00000|  0%| F|  |TAMS 0x00000000eda00000, 0x00000000eda00000| Untracked 
| 219|0x00000000edb00000, 0x00000000edb80800, 0x00000000edc00000| 50%| E|  |TAMS 0x00000000edb00000, 0x00000000edb00000| Complete 
| 220|0x00000000edc00000, 0x00000000edd00000, 0x00000000edd00000|100%| E|CS|TAMS 0x00000000edc00000, 0x00000000edc00000| Complete 
| 221|0x00000000edd00000, 0x00000000ede00000, 0x00000000ede00000|100%| E|CS|TAMS 0x00000000edd00000, 0x00000000edd00000| Complete 
| 222|0x00000000ede00000, 0x00000000edf00000, 0x00000000edf00000|100%| E|CS|TAMS 0x00000000ede00000, 0x00000000ede00000| Complete 
| 223|0x00000000edf00000, 0x00000000ee000000, 0x00000000ee000000|100%| E|CS|TAMS 0x00000000edf00000, 0x00000000edf00000| Complete 
| 224|0x00000000ee000000, 0x00000000ee100000, 0x00000000ee100000|100%| E|CS|TAMS 0x00000000ee000000, 0x00000000ee000000| Complete 
| 225|0x00000000ee100000, 0x00000000ee200000, 0x00000000ee200000|100%| E|CS|TAMS 0x00000000ee100000, 0x00000000ee100000| Complete 
| 226|0x00000000ee200000, 0x00000000ee300000, 0x00000000ee300000|100%| E|CS|TAMS 0x00000000ee200000, 0x00000000ee200000| Complete 
| 227|0x00000000ee300000, 0x00000000ee400000, 0x00000000ee400000|100%| E|CS|TAMS 0x00000000ee300000, 0x00000000ee300000| Complete 
| 228|0x00000000ee400000, 0x00000000ee500000, 0x00000000ee500000|100%| E|CS|TAMS 0x00000000ee400000, 0x00000000ee400000| Complete 
| 229|0x00000000ee500000, 0x00000000ee600000, 0x00000000ee600000|100%| E|CS|TAMS 0x00000000ee500000, 0x00000000ee500000| Complete 
| 230|0x00000000ee600000, 0x00000000ee700000, 0x00000000ee700000|100%| E|CS|TAMS 0x00000000ee600000, 0x00000000ee600000| Complete 
| 231|0x00000000ee700000, 0x00000000ee800000, 0x00000000ee800000|100%| E|CS|TAMS 0x00000000ee700000, 0x00000000ee700000| Complete 
| 232|0x00000000ee800000, 0x00000000ee900000, 0x00000000ee900000|100%| E|CS|TAMS 0x00000000ee800000, 0x00000000ee800000| Complete 
| 233|0x00000000ee900000, 0x00000000eea00000, 0x00000000eea00000|100%| E|CS|TAMS 0x00000000ee900000, 0x00000000ee900000| Complete 
| 234|0x00000000eea00000, 0x00000000eeb00000, 0x00000000eeb00000|100%| E|CS|TAMS 0x00000000eea00000, 0x00000000eea00000| Complete 
| 235|0x00000000eeb00000, 0x00000000eec00000, 0x00000000eec00000|100%| E|CS|TAMS 0x00000000eeb00000, 0x00000000eeb00000| Complete 
| 236|0x00000000eec00000, 0x00000000eed00000, 0x00000000eed00000|100%| E|CS|TAMS 0x00000000eec00000, 0x00000000eec00000| Complete 
| 237|0x00000000eed00000, 0x00000000eee00000, 0x00000000eee00000|100%| E|CS|TAMS 0x00000000eed00000, 0x00000000eed00000| Complete 
| 238|0x00000000eee00000, 0x00000000eef00000, 0x00000000eef00000|100%| E|CS|TAMS 0x00000000eee00000, 0x00000000eee00000| Complete 
| 239|0x00000000eef00000, 0x00000000ef000000, 0x00000000ef000000|100%| E|CS|TAMS 0x00000000eef00000, 0x00000000eef00000| Complete 
| 240|0x00000000ef000000, 0x00000000ef100000, 0x00000000ef100000|100%| E|CS|TAMS 0x00000000ef000000, 0x00000000ef000000| Complete 
| 241|0x00000000ef100000, 0x00000000ef200000, 0x00000000ef200000|100%| E|CS|TAMS 0x00000000ef100000, 0x00000000ef100000| Complete 
| 242|0x00000000ef200000, 0x00000000ef300000, 0x00000000ef300000|100%| E|CS|TAMS 0x00000000ef200000, 0x00000000ef200000| Complete 
| 243|0x00000000ef300000, 0x00000000ef400000, 0x00000000ef400000|100%| E|CS|TAMS 0x00000000ef300000, 0x00000000ef300000| Complete 
| 244|0x00000000ef400000, 0x00000000ef500000, 0x00000000ef500000|100%| E|CS|TAMS 0x00000000ef400000, 0x00000000ef400000| Complete 
| 245|0x00000000ef500000, 0x00000000ef600000, 0x00000000ef600000|100%| E|CS|TAMS 0x00000000ef500000, 0x00000000ef500000| Complete 
| 246|0x00000000ef600000, 0x00000000ef700000, 0x00000000ef700000|100%| E|CS|TAMS 0x00000000ef600000, 0x00000000ef600000| Complete 
| 247|0x00000000ef700000, 0x00000000ef800000, 0x00000000ef800000|100%| E|CS|TAMS 0x00000000ef700000, 0x00000000ef700000| Complete 
| 248|0x00000000ef800000, 0x00000000ef900000, 0x00000000ef900000|100%| E|CS|TAMS 0x00000000ef800000, 0x00000000ef800000| Complete 
| 249|0x00000000ef900000, 0x00000000efa00000, 0x00000000efa00000|100%| E|CS|TAMS 0x00000000ef900000, 0x00000000ef900000| Complete 
| 250|0x00000000efa00000, 0x00000000efb00000, 0x00000000efb00000|100%| E|CS|TAMS 0x00000000efa00000, 0x00000000efa00000| Complete 
| 251|0x00000000efb00000, 0x00000000efc00000, 0x00000000efc00000|100%| E|CS|TAMS 0x00000000efb00000, 0x00000000efb00000| Complete 
| 252|0x00000000efc00000, 0x00000000efd00000, 0x00000000efd00000|100%| E|CS|TAMS 0x00000000efc00000, 0x00000000efc00000| Complete 
| 253|0x00000000efd00000, 0x00000000efe00000, 0x00000000efe00000|100%| E|CS|TAMS 0x00000000efd00000, 0x00000000efd00000| Complete 
| 254|0x00000000efe00000, 0x00000000eff00000, 0x00000000eff00000|100%| E|CS|TAMS 0x00000000efe00000, 0x00000000efe00000| Complete 
| 255|0x00000000eff00000, 0x00000000f0000000, 0x00000000f0000000|100%| E|CS|TAMS 0x00000000eff00000, 0x00000000eff00000| Complete 

Card table byte_map: [0x0000012bc77f0000,0x0000012bc78f0000] _byte_map_base: 0x0000012bc70f0000

Marking Bits (Prev, Next): (CMBitMap*) 0x0000012bb27f6798, (CMBitMap*) 0x0000012bb27f67d0
 Prev Bits: [0x0000012bc79f0000, 0x0000012bc81f0000)
 Next Bits: [0x0000012bc81f0000, 0x0000012bc89f0000)

Polling page: 0x0000012bb2640000

Metaspace:

Usage:
  Non-class:     32.68 MB capacity,    31.97 MB ( 98%) used,   667.91 KB (  2%) free+waste,    61.75 KB ( <1%) overhead. 
      Class:      5.33 MB capacity,     5.07 MB ( 95%) used,   235.60 KB (  4%) free+waste,    30.19 KB ( <1%) overhead. 
       Both:     38.01 MB capacity,    37.04 MB ( 97%) used,   903.52 KB (  2%) free+waste,    91.94 KB ( <1%) overhead. 

Virtual space:
  Non-class space:       34.00 MB reserved,      32.90 MB ( 97%) committed 
      Class space:      248.00 MB reserved,       5.38 MB (  2%) committed 
             Both:      282.00 MB reserved,      38.28 MB ( 14%) committed 

Chunk freelists:
   Non-Class:  34.00 KB
       Class:  15.00 KB
        Both:  49.00 KB

MaxMetaspaceSize: 256.00 MB
CompressedClassSpaceSize: 248.00 MB

CodeHeap 'non-profiled nmethods': size=120064Kb used=1746Kb max_used=1746Kb free=118317Kb
 bounds [0x0000012bbfb90000, 0x0000012bbfe00000, 0x0000012bc70d0000]
CodeHeap 'profiled nmethods': size=120000Kb used=8542Kb max_used=8542Kb free=111457Kb
 bounds [0x0000012bb8660000, 0x0000012bb8ec0000, 0x0000012bbfb90000]
CodeHeap 'non-nmethods': size=5696Kb used=2235Kb max_used=2275Kb free=3460Kb
 bounds [0x0000012bb80d0000, 0x0000012bb8340000, 0x0000012bb8660000]
 total_blobs=5512 nmethods=3590 adapters=705
 compilation: enabled
              stopped_count=0, restarted_count=0
 full_count=0

Compilation events (20 events):
Event: 6.212 Thread 0x0000012bcafe9800 3740   !   2       org.gradle.internal.classloader.CachingClassLoader::loadClass (85 bytes)
Event: 6.213 Thread 0x0000012bcafe9800 nmethod 3740 0x0000012bb8eb2610 code [0x0000012bb8eb2800, 0x0000012bb8eb2bf0]
Event: 6.213 Thread 0x0000012bcafe9800 3741       2       com.google.common.collect.MapMakerInternalMap::get (23 bytes)
Event: 6.214 Thread 0x0000012bcafe9800 nmethod 3741 0x0000012bb8eb2d90 code [0x0000012bb8eb2f80, 0x0000012bb8eb3210]
Event: 6.220 Thread 0x0000012bcafe9800 3742       2       java.util.concurrent.atomic.AtomicLong::getAndIncrement (12 bytes)
Event: 6.220 Thread 0x0000012bcafe9800 nmethod 3742 0x0000012bb8eb3410 code [0x0000012bb8eb35c0, 0x0000012bb8eb3758]
Event: 6.224 Thread 0x0000012bcafe9800 3743       2       org.objectweb.asm.SymbolTable::addConstantUtf8 (98 bytes)
Event: 6.224 Thread 0x0000012bcafe9800 nmethod 3743 0x0000012bb8eb3810 code [0x0000012bb8eb3a20, 0x0000012bb8eb3ea0]
Event: 6.224 Thread 0x0000012bcafe9800 3744       2       org.objectweb.asm.SymbolTable$Entry::<init> (17 bytes)
Event: 6.225 Thread 0x0000012bcafe9800 nmethod 3744 0x0000012bb8eb4190 code [0x0000012bb8eb4340, 0x0000012bb8eb4510]
Event: 6.227 Thread 0x0000012bcafe9800 3745       2       org.objectweb.asm.ByteVector::putUTF8 (144 bytes)
Event: 6.228 Thread 0x0000012bcafe9800 nmethod 3745 0x0000012bb8eb4610 code [0x0000012bb8eb4820, 0x0000012bb8eb4e70]
Event: 6.234 Thread 0x0000012bcafe9800 3746       2       com.google.common.collect.CompactLinkedHashMap::setSucceeds (41 bytes)
Event: 6.234 Thread 0x0000012bcafe9800 nmethod 3746 0x0000012bb8eb5290 code [0x0000012bb8eb5440, 0x0000012bb8eb5698]
Event: 6.234 Thread 0x0000012bcafe9800 3747       2       com.google.common.collect.AbstractMapEntry::<init> (5 bytes)
Event: 6.234 Thread 0x0000012bcafe9800 nmethod 3747 0x0000012bb8eb5810 code [0x0000012bb8eb59c0, 0x0000012bb8eb5b38]
Event: 6.235 Thread 0x0000012bcafe9800 3748       2       com.google.common.collect.AbstractMapBasedMultimap$WrappedCollection$WrappedIterator::validateIterator (30 bytes)
Event: 6.236 Thread 0x0000012bcafe9800 nmethod 3748 0x0000012bb8eb5c10 code [0x0000012bb8eb5de0, 0x0000012bb8eb6060]
Event: 6.251 Thread 0x0000012bcafe9800 3750       2       java.util.concurrent.locks.AbstractQueuedSynchronizer$ConditionObject::unlinkCancelledWaiters (67 bytes)
Event: 6.252 Thread 0x0000012bcafe9800 nmethod 3750 0x0000012bb8eb6190 code [0x0000012bb8eb6360, 0x0000012bb8eb66d8]

GC Heap History (14 events):
Event: 0.489 GC heap before
{Heap before GC invocations=0 (full 0):
 garbage-first heap   total 262144K, used 18432K [0x00000000e0000000, 0x0000000100000000)
  region size 1024K, 14 young (14336K), 0 survivors (0K)
 Metaspace       used 2672K, capacity 5718K, committed 5760K, reserved 262144K
  class space    used 333K, capacity 630K, committed 640K, reserved 253952K
}
Event: 0.493 GC heap after
{Heap after GC invocations=1 (full 0):
 garbage-first heap   total 262144K, used 7180K [0x00000000e0000000, 0x0000000100000000)
  region size 1024K, 2 young (2048K), 2 survivors (2048K)
 Metaspace       used 2672K, capacity 5718K, committed 5760K, reserved 262144K
  class space    used 333K, capacity 630K, committed 640K, reserved 253952K
}
Event: 0.683 GC heap before
{Heap before GC invocations=1 (full 0):
 garbage-first heap   total 262144K, used 18444K [0x00000000e0000000, 0x0000000100000000)
  region size 1024K, 13 young (13312K), 2 survivors (2048K)
 Metaspace       used 3794K, capacity 6507K, committed 6656K, reserved 262144K
  class space    used 486K, capacity 765K, committed 768K, reserved 253952K
}
Event: 0.686 GC heap after
{Heap after GC invocations=2 (full 0):
 garbage-first heap   total 262144K, used 7577K [0x00000000e0000000, 0x0000000100000000)
  region size 1024K, 1 young (1024K), 1 survivors (1024K)
 Metaspace       used 3794K, capacity 6507K, committed 6656K, reserved 262144K
  class space    used 486K, capacity 765K, committed 768K, reserved 253952K
}
Event: 1.206 GC heap before
{Heap before GC invocations=2 (full 0):
 garbage-first heap   total 262144K, used 38297K [0x00000000e0000000, 0x0000000100000000)
  region size 1024K, 31 young (31744K), 1 survivors (1024K)
 Metaspace       used 5902K, capacity 7723K, committed 8064K, reserved 262144K
  class space    used 815K, capacity 1025K, committed 1152K, reserved 253952K
}
Event: 1.211 GC heap after
{Heap after GC invocations=3 (full 0):
 garbage-first heap   total 262144K, used 12779K [0x00000000e0000000, 0x0000000100000000)
  region size 1024K, 4 young (4096K), 4 survivors (4096K)
 Metaspace       used 5902K, capacity 7723K, committed 8064K, reserved 262144K
  class space    used 815K, capacity 1025K, committed 1152K, reserved 253952K
}
Event: 2.528 GC heap before
{Heap before GC invocations=3 (full 0):
 garbage-first heap   total 262144K, used 56811K [0x00000000e0000000, 0x0000000100000000)
  region size 1024K, 47 young (48128K), 4 survivors (4096K)
 Metaspace       used 13209K, capacity 13555K, committed 13696K, reserved 266240K
  class space    used 1941K, capacity 2070K, committed 2176K, reserved 253952K
}
Event: 2.536 GC heap after
{Heap after GC invocations=4 (full 0):
 garbage-first heap   total 262144K, used 15334K [0x00000000e0000000, 0x0000000100000000)
  region size 1024K, 3 young (3072K), 3 survivors (3072K)
 Metaspace       used 13209K, capacity 13555K, committed 13696K, reserved 266240K
  class space    used 1941K, capacity 2070K, committed 2176K, reserved 253952K
}
Event: 3.395 GC heap before
{Heap before GC invocations=4 (full 0):
 garbage-first heap   total 262144K, used 60390K [0x00000000e0000000, 0x0000000100000000)
  region size 1024K, 49 young (50176K), 3 survivors (3072K)
 Metaspace       used 20689K, capacity 21114K, committed 21296K, reserved 272384K
  class space    used 2910K, capacity 3073K, committed 3200K, reserved 253952K
}
Event: 3.405 GC heap after
{Heap after GC invocations=5 (full 0):
 garbage-first heap   total 262144K, used 17530K [0x00000000e0000000, 0x0000000100000000)
  region size 1024K, 5 young (5120K), 5 survivors (5120K)
 Metaspace       used 20689K, capacity 21114K, committed 21296K, reserved 272384K
  class space    used 2910K, capacity 3073K, committed 3200K, reserved 253952K
}
Event: 4.996 GC heap before
{Heap before GC invocations=6 (full 0):
 garbage-first heap   total 262144K, used 97402K [0x00000000e0000000, 0x0000000100000000)
  region size 1024K, 80 young (81920K), 5 survivors (5120K)
 Metaspace       used 31378K, capacity 32152K, committed 32304K, reserved 282624K
  class space    used 4162K, capacity 4418K, committed 4480K, reserved 253952K
}
Event: 5.011 GC heap after
{Heap after GC invocations=7 (full 0):
 garbage-first heap   total 262144K, used 23885K [0x00000000e0000000, 0x0000000100000000)
  region size 1024K, 10 young (10240K), 10 survivors (10240K)
 Metaspace       used 31378K, capacity 32152K, committed 32304K, reserved 282624K
  class space    used 4162K, capacity 4418K, committed 4480K, reserved 253952K
}
Event: 5.592 GC heap before
{Heap before GC invocations=7 (full 0):
 garbage-first heap   total 262144K, used 68941K [0x00000000e0000000, 0x0000000100000000)
  region size 1024K, 55 young (56320K), 10 survivors (10240K)
 Metaspace       used 34868K, capacity 35645K, committed 35888K, reserved 286720K
  class space    used 4718K, capacity 4965K, committed 4992K, reserved 253952K
}
Event: 5.612 GC heap after
{Heap after GC invocations=8 (full 0):
 garbage-first heap   total 262144K, used 26336K [0x00000000e0000000, 0x0000000100000000)
  region size 1024K, 9 young (9216K), 9 survivors (9216K)
 Metaspace       used 34868K, capacity 35645K, committed 35888K, reserved 286720K
  class space    used 4718K, capacity 4965K, committed 4992K, reserved 253952K
}

Deoptimization events (20 events):
Event: 5.933 Thread 0x0000012bcd0eb800 DEOPT PACKING pc=0x0000012bb8e3ef3f sp=0x0000000e9a4f22a0
Event: 5.933 Thread 0x0000012bcd0eb800 DEOPT UNPACKING pc=0x0000012bb80f904e sp=0x0000000e9a4f1728 mode 0
Event: 5.945 Thread 0x0000012bcd0eb800 DEOPT PACKING pc=0x0000012bb896dc70 sp=0x0000000e9a4ef610
Event: 5.945 Thread 0x0000012bcd0eb800 DEOPT UNPACKING pc=0x0000012bb80f904e sp=0x0000000e9a4eea98 mode 0
Event: 6.060 Thread 0x0000012bcd0eb800 DEOPT PACKING pc=0x0000012bb8e3ef3f sp=0x0000000e9a4f2f80
Event: 6.060 Thread 0x0000012bcd0eb800 DEOPT UNPACKING pc=0x0000012bb80f904e sp=0x0000000e9a4f2408 mode 0
Event: 6.146 Thread 0x0000012bcd0eb800 DEOPT PACKING pc=0x0000012bb8e3ef3f sp=0x0000000e9a4f3d30
Event: 6.146 Thread 0x0000012bcd0eb800 DEOPT UNPACKING pc=0x0000012bb80f904e sp=0x0000000e9a4f31b8 mode 0
Event: 6.207 Thread 0x0000012bcd0eb800 DEOPT PACKING pc=0x0000012bb896dc70 sp=0x0000000e9a4f4150
Event: 6.207 Thread 0x0000012bcd0eb800 DEOPT UNPACKING pc=0x0000012bb80f904e sp=0x0000000e9a4f35d8 mode 0
Event: 6.215 Thread 0x0000012bcd0eb800 DEOPT PACKING pc=0x0000012bb8709f5b sp=0x0000000e9a4ed030
Event: 6.215 Thread 0x0000012bcd0eb800 DEOPT UNPACKING pc=0x0000012bb80f904e sp=0x0000000e9a4ec570 mode 0
Event: 6.223 Thread 0x0000012bcd0eb800 Uncommon trap: trap_request=0xffffff45 fr.pc=0x0000012bbfd0b9a0 relative=0x0000000000000d80
Event: 6.223 Thread 0x0000012bcd0eb800 Uncommon trap: reason=unstable_fused_if action=reinterpret pc=0x0000012bbfd0b9a0 method=org.objectweb.asm.ByteVector.putUTF8(Ljava/lang/String;)Lorg/objectweb/asm/ByteVector; @ 93 c2
Event: 6.223 Thread 0x0000012bcd0eb800 DEOPT PACKING pc=0x0000012bbfd0b9a0 sp=0x0000000e9a4f6270
Event: 6.223 Thread 0x0000012bcd0eb800 DEOPT UNPACKING pc=0x0000012bb80f922f sp=0x0000000e9a4f61c8 mode 2
Event: 6.227 Thread 0x0000012bcd0eb800 Uncommon trap: trap_request=0xffffff45 fr.pc=0x0000012bbfcdf9fc relative=0x000000000000021c
Event: 6.227 Thread 0x0000012bcd0eb800 Uncommon trap: reason=unstable_fused_if action=reinterpret pc=0x0000012bbfcdf9fc method=org.objectweb.asm.ByteVector.putUTF8(Ljava/lang/String;)Lorg/objectweb/asm/ByteVector; @ 93 c2
Event: 6.227 Thread 0x0000012bcd0eb800 DEOPT PACKING pc=0x0000012bbfcdf9fc sp=0x0000000e9a4f61e0
Event: 6.227 Thread 0x0000012bcd0eb800 DEOPT UNPACKING pc=0x0000012bb80f922f sp=0x0000000e9a4f6160 mode 2

Classes redefined (0 events):
No events

Internal exceptions (20 events):
Event: 5.052 Thread 0x0000012bcd0eb800 Exception <a 'java/lang/ClassNotFoundException'{0x00000000efad6958}: org/gradle/api/internal/DefaultNamedDomainObjectListCustomizer> (0x00000000efad6958) thrown at [./src/hotspot/share/classfile/systemDictionary.cpp, line 231]
Event: 5.055 Thread 0x0000012bcd0eb800 Exception <a 'java/lang/ClassNotFoundException'{0x00000000ef91a6e0}: org/gradle/api/internal/artifacts/DefaultArtifactRepositoryContainerCustomizer> (0x00000000ef91a6e0) thrown at [./src/hotspot/share/classfile/systemDictionary.cpp, line 231]
Event: 5.057 Thread 0x0000012bcd0eb800 Exception <a 'java/lang/ClassNotFoundException'{0x00000000ef9541b8}: org/gradle/api/internal/artifacts/dsl/DefaultRepositoryHandlerCustomizer> (0x00000000ef9541b8) thrown at [./src/hotspot/share/classfile/systemDictionary.cpp, line 231]
Event: 5.059 Thread 0x0000012bcd0eb800 Exception <a 'java/lang/ClassNotFoundException'{0x00000000ef996d10}: org/gradle/api/internal/artifacts/dsl/DefaultRepositoryHandler_DecoratedCustomizer> (0x00000000ef996d10) thrown at [./src/hotspot/share/classfile/systemDictionary.cpp, line 231]
Event: 5.372 Thread 0x0000012bcd0eb800 Exception <a 'java/lang/ClassNotFoundException'{0x00000000ee314d40}: org/gradle/api/internal/artifacts/dsl/dependencies/DefaultDependencyHandler_DecoratedBeanInfo> (0x00000000ee314d40) thrown at [./src/hotspot/share/classfile/systemDictionary.cpp, line 231]
Event: 5.373 Thread 0x0000012bcd0eb800 Exception <a 'java/lang/ClassNotFoundException'{0x00000000ee340b48}: org/gradle/api/internal/artifacts/dsl/dependencies/DefaultDependencyHandlerBeanInfo> (0x00000000ee340b48) thrown at [./src/hotspot/share/classfile/systemDictionary.cpp, line 231]
Event: 5.374 Thread 0x0000012bcd0eb800 Exception <a 'java/lang/ClassNotFoundException'{0x00000000ee36c690}: org/gradle/api/internal/artifacts/dsl/dependencies/DefaultDependencyHandlerCustomizer> (0x00000000ee36c690) thrown at [./src/hotspot/share/classfile/systemDictionary.cpp, line 231]
Event: 5.376 Thread 0x0000012bcd0eb800 Exception <a 'java/lang/ClassNotFoundException'{0x00000000ee3ba3d0}: org/gradle/api/internal/artifacts/dsl/dependencies/DefaultDependencyHandler_DecoratedCustomizer> (0x00000000ee3ba3d0) thrown at [./src/hotspot/share/classfile/systemDictionary.cpp, line 231]
Event: 5.737 Thread 0x0000012bcd0eb800 Exception <a 'java/lang/NoSuchMethodError'{0x00000000efa92be8}: 'void java.lang.invoke.DirectMethodHandle$Holder.invokeSpecial(java.lang.Object, java.lang.Object, java.lang.Object, java.lang.Object)'> (0x00000000efa92be8) thrown at [./src/hotspot/share/interpreter/linkResolver.cpp, line 773]
Event: 5.848 Thread 0x0000012bcd0eb800 Exception <a 'java/lang/ClassNotFoundException'{0x00000000ef34dbd0}: build_4ko0shets4k2wk6wcebs67fb9BeanInfo> (0x00000000ef34dbd0) thrown at [./src/hotspot/share/classfile/systemDictionary.cpp, line 231]
Event: 5.849 Thread 0x0000012bcd0eb800 Exception <a 'java/lang/ClassNotFoundException'{0x00000000ef356728}: build_4ko0shets4k2wk6wcebs67fb9Customizer> (0x00000000ef356728) thrown at [./src/hotspot/share/classfile/systemDictionary.cpp, line 231]
Event: 5.880 Thread 0x0000012bcd0eb800 Exception <a 'java/lang/ClassNotFoundException'{0x00000000ef10d080}: org/gradle/api/internal/project/DefaultProject_DecoratedBeanInfo> (0x00000000ef10d080) thrown at [./src/hotspot/share/classfile/systemDictionary.cpp, line 231]
Event: 5.881 Thread 0x0000012bcd0eb800 Exception <a 'java/lang/ClassNotFoundException'{0x00000000ef128c90}: org/gradle/api/internal/project/DefaultProjectBeanInfo> (0x00000000ef128c90) thrown at [./src/hotspot/share/classfile/systemDictionary.cpp, line 231]
Event: 5.882 Thread 0x0000012bcd0eb800 Exception <a 'java/lang/ClassNotFoundException'{0x00000000ef144880}: org/gradle/api/internal/project/DefaultProjectCustomizer> (0x00000000ef144880) thrown at [./src/hotspot/share/classfile/systemDictionary.cpp, line 231]
Event: 5.886 Thread 0x0000012bcd0eb800 Exception <a 'java/lang/ClassNotFoundException'{0x00000000ef1e9410}: org/gradle/api/internal/project/DefaultProject_DecoratedCustomizer> (0x00000000ef1e9410) thrown at [./src/hotspot/share/classfile/systemDictionary.cpp, line 231]
Event: 5.897 Thread 0x0000012bcd0eb800 Exception <a 'java/lang/ClassNotFoundException'{0x00000000ef0acdc0}: org/gradle/api/internal/plugins/DefaultObjectConfigurationActionBeanInfo> (0x00000000ef0acdc0) thrown at [./src/hotspot/share/classfile/systemDictionary.cpp, line 231]
Event: 5.897 Thread 0x0000012bcd0eb800 Exception <a 'java/lang/ClassNotFoundException'{0x00000000ef0d0030}: org/gradle/api/internal/plugins/DefaultObjectConfigurationActionCustomizer> (0x00000000ef0d0030) thrown at [./src/hotspot/share/classfile/systemDictionary.cpp, line 231]
Event: 5.959 Thread 0x0000012bcd0eb800 Exception <a 'java/lang/NoSuchMethodError'{0x00000000eec340b0}: 'java.lang.Object java.lang.invoke.DirectMethodHandle$Holder.invokeSpecial(java.lang.Object, java.lang.Object, java.lang.Object, java.lang.Object, java.lang.Object, java.lang.Object, java.lang.Object, java.lang.Object, java.lang.Object, java.lang.Object)'> (0x00000000eec340b0) thrown at [./src/hotspot/share/interpreter/linkResolver.cpp, line 773]
Event: 5.960 Thread 0x0000012bcd0eb800 Exception <a 'java/lang/NoSuchMethodError'{0x00000000eec3de58}: 'java.lang.Object java.lang.invoke.DirectMethodHandle$Holder.invokeSpecial(java.lang.Object, java.lang.Object, java.lang.Object, java.lang.Object, java.lang.Object, java.lang.Object, java.lang.Object, java.lang.Object, java.lang.Object)'> (0x00000000eec3de58) thrown at [./src/hotspot/share/interpreter/linkResolver.cpp, line 773]
Event: 5.960 Thread 0x0000012bcd0eb800 Exception <a 'java/lang/NoSuchMethodError'{0x00000000eec42eb0}: 'java.lang.Object java.lang.invoke.Invokers$Holder.invoker(java.lang.Object, java.lang.Object, java.lang.Object, java.lang.Object, java.lang.Object, java.lang.Object, java.lang.Object, java.lang.Object, java.lang.Object)'> (0x00000000eec42eb0) thrown at [./src/hotspot/share/interpreter/linkResolver.cpp, line 773]

Events (20 events):
Event: 6.246 loading class kotlin/text/StringsKt___StringsJvmKt
Event: 6.246 loading class kotlin/text/StringsKt___StringsJvmKt done
Event: 6.247 loading class kotlin/text/StringsKt__StringsKt
Event: 6.247 loading class kotlin/text/StringsKt__StringsKt done
Event: 6.248 loading class kotlin/text/StringsKt__StringsJVMKt
Event: 6.248 loading class kotlin/text/StringsKt__StringsJVMKt done
Event: 6.249 loading class kotlin/text/StringsKt__StringNumberConversionsKt
Event: 6.249 loading class kotlin/text/StringsKt__StringNumberConversionsKt done
Event: 6.250 loading class kotlin/text/StringsKt__StringNumberConversionsJVMKt
Event: 6.250 loading class kotlin/text/StringsKt__StringNumberConversionsJVMKt done
Event: 6.251 loading class kotlin/text/StringsKt__StringBuilderKt
Event: 6.251 loading class kotlin/text/StringsKt__StringBuilderKt done
Event: 6.251 loading class kotlin/text/StringsKt__StringBuilderJVMKt
Event: 6.251 loading class kotlin/text/StringsKt__StringBuilderJVMKt done
Event: 6.251 loading class kotlin/text/StringsKt__RegexExtensionsKt
Event: 6.251 loading class kotlin/text/StringsKt__RegexExtensionsKt done
Event: 6.252 loading class kotlin/text/StringsKt__RegexExtensionsJVMKt
Event: 6.252 loading class kotlin/text/StringsKt__RegexExtensionsJVMKt done
Event: 6.252 loading class kotlin/text/StringsKt__IndentKt
Event: 6.252 loading class kotlin/text/StringsKt__IndentKt done


Dynamic libraries:
0x00007ff7edf10000 - 0x00007ff7edf1a000 	C:\Program Files\JetBrains\IntelliJ IDEA Community Edition 2020.1.3\jbr\bin\java.exe
0x00007ffb53e60000 - 0x00007ffb54050000 	C:\WINDOWS\SYSTEM32\ntdll.dll
0x00007ffb533b0000 - 0x00007ffb53462000 	C:\WINDOWS\System32\KERNEL32.DLL
0x00007ffb517a0000 - 0x00007ffb51a44000 	C:\WINDOWS\System32\KERNELBASE.dll
0x00007ffb51a50000 - 0x00007ffb51b4a000 	C:\WINDOWS\System32\ucrtbase.dll
0x00007ffb30e40000 - 0x00007ffb30e59000 	C:\Program Files\JetBrains\IntelliJ IDEA Community Edition 2020.1.3\jbr\bin\jli.dll
0x00007ffb51f10000 - 0x00007ffb520a4000 	C:\WINDOWS\System32\USER32.dll
0x00007ffb50ff0000 - 0x00007ffb51011000 	C:\WINDOWS\System32\win32u.dll
0x00007ffb52780000 - 0x00007ffb527a6000 	C:\WINDOWS\System32\GDI32.dll
0x00007ffb51cd0000 - 0x00007ffb51e65000 	C:\WINDOWS\System32\gdi32full.dll
0x00007ffb50df0000 - 0x00007ffb50e8e000 	C:\WINDOWS\System32\msvcp_win.dll
0x00007ffb30e20000 - 0x00007ffb30e37000 	C:\Program Files\JetBrains\IntelliJ IDEA Community Edition 2020.1.3\jbr\bin\VCRUNTIME140.dll
0x00007ffb41340000 - 0x00007ffb415c4000 	C:\WINDOWS\WinSxS\amd64_microsoft.windows.common-controls_6595b64144ccf1df_6.0.18362.900_none_e6beb9d913147d17\COMCTL32.dll
0x00007ffb53d20000 - 0x00007ffb53dbe000 	C:\WINDOWS\System32\msvcrt.dll
0x00007ffb52230000 - 0x00007ffb52565000 	C:\WINDOWS\System32\combase.dll
0x00007ffb520b0000 - 0x00007ffb521d0000 	C:\WINDOWS\System32\RPCRT4.dll
0x00007ffb51e70000 - 0x00007ffb51ef0000 	C:\WINDOWS\System32\bcryptPrimitives.dll
0x00007ffb527b0000 - 0x00007ffb527de000 	C:\WINDOWS\System32\IMM32.DLL
0x00007ffb11130000 - 0x00007ffb111cd000 	C:\Program Files\JetBrains\IntelliJ IDEA Community Edition 2020.1.3\jbr\bin\msvcp140.dll
0x00007ffb089f0000 - 0x00007ffb094ab000 	C:\Program Files\JetBrains\IntelliJ IDEA Community Edition 2020.1.3\jbr\bin\server\jvm.dll
0x00007ffb530e0000 - 0x00007ffb53183000 	C:\WINDOWS\System32\ADVAPI32.dll
0x00007ffb53190000 - 0x00007ffb53227000 	C:\WINDOWS\System32\sechost.dll
0x00007ffb52620000 - 0x00007ffb52628000 	C:\WINDOWS\System32\PSAPI.DLL
0x00007ffb3e6b0000 - 0x00007ffb3e6b9000 	C:\WINDOWS\SYSTEM32\WSOCK32.dll
0x00007ffb4e840000 - 0x00007ffb4e864000 	C:\WINDOWS\SYSTEM32\WINMM.dll
0x00007ffb527e0000 - 0x00007ffb5284f000 	C:\WINDOWS\System32\WS2_32.dll
0x00007ffb48ba0000 - 0x00007ffb48baa000 	C:\WINDOWS\SYSTEM32\VERSION.dll
0x00007ffb4e3c0000 - 0x00007ffb4e3ed000 	C:\WINDOWS\SYSTEM32\WINMMBASE.dll
0x00007ffb50f40000 - 0x00007ffb50f8a000 	C:\WINDOWS\System32\cfgmgr32.dll
0x00007ffb50dd0000 - 0x00007ffb50de1000 	C:\WINDOWS\System32\kernel.appcore.dll
0x00007ffb4d300000 - 0x00007ffb4d311000 	C:\Program Files\JetBrains\IntelliJ IDEA Community Edition 2020.1.3\jbr\bin\verify.dll
0x00007ffb4f720000 - 0x00007ffb4f914000 	C:\WINDOWS\SYSTEM32\DBGHELP.DLL
0x00007ffb3a9f0000 - 0x00007ffb3aa1a000 	C:\WINDOWS\SYSTEM32\dbgcore.DLL
0x00007ffb3dcf0000 - 0x00007ffb3dd19000 	C:\Program Files\JetBrains\IntelliJ IDEA Community Edition 2020.1.3\jbr\bin\java.dll
0x00007ffb3d270000 - 0x00007ffb3d288000 	C:\Program Files\JetBrains\IntelliJ IDEA Community Edition 2020.1.3\jbr\bin\zip.dll
0x00007ffb4d2f0000 - 0x00007ffb4d2fb000 	C:\Program Files\JetBrains\IntelliJ IDEA Community Edition 2020.1.3\jbr\bin\jimage.dll
0x00007ffb53630000 - 0x00007ffb53d16000 	C:\WINDOWS\System32\SHELL32.dll
0x00007ffb53030000 - 0x00007ffb530d9000 	C:\WINDOWS\System32\shcore.dll
0x00007ffb51020000 - 0x00007ffb517a0000 	C:\WINDOWS\System32\windows.storage.dll
0x00007ffb50d30000 - 0x00007ffb50d53000 	C:\WINDOWS\System32\profapi.dll
0x00007ffb50d60000 - 0x00007ffb50daa000 	C:\WINDOWS\System32\powrprof.dll
0x00007ffb50d20000 - 0x00007ffb50d30000 	C:\WINDOWS\System32\UMPDC.dll
0x00007ffb53dc0000 - 0x00007ffb53e12000 	C:\WINDOWS\System32\shlwapi.dll
0x00007ffb51ef0000 - 0x00007ffb51f07000 	C:\WINDOWS\System32\cryptsp.dll
0x00007ffb3c870000 - 0x00007ffb3c88a000 	C:\Program Files\JetBrains\IntelliJ IDEA Community Edition 2020.1.3\jbr\bin\net.dll
0x00007ffb46d70000 - 0x00007ffb46e60000 	C:\WINDOWS\SYSTEM32\WINHTTP.dll
0x00007ffb50530000 - 0x00007ffb50597000 	C:\WINDOWS\system32\mswsock.dll
0x00007ffb31170000 - 0x00007ffb31184000 	C:\Program Files\JetBrains\IntelliJ IDEA Community Edition 2020.1.3\jbr\bin\nio.dll
0x00007ffb195d0000 - 0x00007ffb195f6000 	C:\Users\Michael\.gradle\native\29\windows-amd64\native-platform.dll
0x00007ffb49d90000 - 0x00007ffb49d9a000 	C:\Program Files\JetBrains\IntelliJ IDEA Community Edition 2020.1.3\jbr\bin\management.dll
0x00007ffb499d0000 - 0x00007ffb499dc000 	C:\Program Files\JetBrains\IntelliJ IDEA Community Edition 2020.1.3\jbr\bin\management_ext.dll
0x00007ffb500a0000 - 0x00007ffb500d3000 	C:\WINDOWS\system32\rsaenh.dll
0x00007ffb51ca0000 - 0x00007ffb51cc6000 	C:\WINDOWS\System32\bcrypt.dll
0x00007ffb50c40000 - 0x00007ffb50c65000 	C:\WINDOWS\SYSTEM32\USERENV.dll
0x00007ffb50700000 - 0x00007ffb5070c000 	C:\WINDOWS\SYSTEM32\CRYPTBASE.dll
0x00007ffb50240000 - 0x00007ffb5027a000 	C:\WINDOWS\SYSTEM32\IPHLPAPI.DLL
0x00007ffb53470000 - 0x00007ffb53478000 	C:\WINDOWS\System32\NSI.dll
0x00007ffb472b0000 - 0x00007ffb472c6000 	C:\WINDOWS\SYSTEM32\dhcpcsvc6.DLL
0x00007ffb475d0000 - 0x00007ffb475ec000 	C:\WINDOWS\SYSTEM32\dhcpcsvc.DLL
0x00007ffb50280000 - 0x00007ffb5034b000 	C:\WINDOWS\SYSTEM32\DNSAPI.dll

dbghelp: loaded successfully - version: 4.0.5 - missing functions: none
symbol engine: initialized successfully - sym options: 0x614 - pdb path: .;C:\Program Files\JetBrains\IntelliJ IDEA Community Edition 2020.1.3\jbr\bin;C:\WINDOWS\SYSTEM32;C:\WINDOWS\WinSxS\amd64_microsoft.windows.common-controls_6595b64144ccf1df_6.0.18362.900_none_e6beb9d913147d17;C:\Program Files\JetBrains\IntelliJ IDEA Community Edition 2020.1.3\jbr\bin\server;C:\Users\Michael\.gradle\native\29\windows-amd64

VM Arguments:
jvm_args: --add-opens=java.base/java.util=ALL-UNNAMED --add-opens=java.base/java.lang=ALL-UNNAMED --add-opens=java.base/java.lang.invoke=ALL-UNNAMED --add-opens=java.prefs/java.util.prefs=ALL-UNNAMED -XX:MaxMetaspaceSize=256m -XX:+HeapDumpOnOutOfMemoryError -Xms256m -Xmx512m -Dfile.encoding=windows-1252 -Duser.country=US -Duser.language=en -Duser.variant 
java_command: org.gradle.launcher.daemon.bootstrap.GradleDaemon 5.3.1
java_class_path (initial): C:\Users\Michael\.gradle\wrapper\dists\gradle-5.3.1-bin\2mv1mot0raqcfrc13vm075008\gradle-5.3.1\lib\gradle-launcher-5.3.1.jar
Launcher Type: SUN_STANDARD

[Global flags]
     intx CICompilerCount                          = 3                                         {product} {ergonomic}
   size_t CompressedClassSpaceSize                 = 260046848                                 {product} {ergonomic}
     uint ConcGCThreads                            = 1                                         {product} {ergonomic}
     uint G1ConcRefinementThreads                  = 4                                         {product} {ergonomic}
   size_t G1HeapRegionSize                         = 1048576                                   {product} {ergonomic}
    uintx GCDrainStackTargetSize                   = 64                                        {product} {ergonomic}
     bool HeapDumpOnOutOfMemoryError               = true                                   {manageable} {command line}
   size_t InitialHeapSize                          = 268435456                                 {product} {command line}
   size_t MarkStackSize                            = 4194304                                   {product} {ergonomic}
   size_t MaxHeapSize                              = 536870912                                 {product} {command line}
   size_t MaxMetaspaceSize                         = 268435456                                 {product} {command line}
   size_t MaxNewSize                               = 321912832                                 {product} {ergonomic}
   size_t MinHeapDeltaBytes                        = 1048576                                   {product} {ergonomic}
    uintx NonNMethodCodeHeapSize                   = 5830732                                {pd product} {ergonomic}
    uintx NonProfiledCodeHeapSize                  = 122913754                              {pd product} {ergonomic}
    uintx ProfiledCodeHeapSize                     = 122913754                              {pd product} {ergonomic}
    uintx ReservedCodeCacheSize                    = 251658240                              {pd product} {ergonomic}
     bool SegmentedCodeCache                       = true                                      {product} {ergonomic}
     bool UseCompressedClassPointers               = true                                 {lp64_product} {ergonomic}
     bool UseCompressedOops                        = true                                 {lp64_product} {ergonomic}
     bool UseG1GC                                  = true                                      {product} {ergonomic}
     bool UseLargePagesIndividualAllocation        = false                                  {pd product} {ergonomic}

Logging:
Log output configuration:
 #0: stdout all=warning uptime,level,tags
 #1: stderr all=off uptime,level,tags

Environment Variables:
JAVA_HOME=C:\Program Files\Java\jdk-13
PATH=C:\Program Files (x86)\Common Files\Oracle\Java\javapath;C:\ProgramData\Oracle\Java\javapath;C:\Windows\System32;C:\Windows;C:\Windows\System32\wbem;C:\Windows\System32\WindowsPowerShell\v1.0\;C:\Android;C:\Windows\System32;C:\Windows\System32\OpenSSH\;C:\Program Files (x86)\GnuPG\bin;C:\Program Files\Java\jdk-13;C:\Program Files\Intel\WiFi\bin\;C:\Program Files\Common Files\Intel\WirelessCommon\;C:\Program Files\Git\cmd;C:\MinGW\bin;C:\Program Files (x86)\Intel\Intel(R) Management Engine Components\DAL;C:\Program Files\Intel\Intel(R) Management Engine Components\DAL;C:\Users\Michael\AppData\Local\Microsoft\WindowsApps;C:\Users\Michael\AppData\Local\atom\bin;C:\Users\Michael\AppData\Local\Microsoft\WindowsApps;;C:\Program Files\JetBrains\IntelliJ IDEA Community Edition 2020.1.3\bin;
USERNAME=Michael
OS=Windows_NT
PROCESSOR_IDENTIFIER=Intel64 Family 6 Model 142 Stepping 9, GenuineIntel



---------------  S Y S T E M  ---------------

OS: Windows 10 , 64 bit Build 18362 (10.0.18362.900)
OS uptime: 0 days 2:17 hours

CPU:total 4 (initial active 4) (2 cores per cpu, 2 threads per core) family 6 model 142 stepping 9, cmov, cx8, fxsr, mmx, sse, sse2, sse3, ssse3, sse4.1, sse4.2, popcnt, avx, avx2, aes, clmul, erms, 3dnowpref, lzcnt, ht, tsc, tscinvbit, bmi1, bmi2, adx, fma

Memory: 4k page, system-wide physical 8057M (1719M free)
TotalPageFile size 8057M (AvailPageFile size 5M)
current process WorkingSet (physical memory assigned to process): 275M, peak: 275M
current process commit charge ("private bytes"): 450M, peak: 452M

vm_info: OpenJDK 64-Bit Server VM (11.0.7+10-b765.64) for windows-amd64 JRE (11.0.7+10-b765.64), built on Jun 22 2020 14:48:21 by "" with MS VC++ 14.0 (VS2015)

END.
