#
# There is insufficient memory for the Java Runtime Environment to continue.
# Native memory allocation (malloc) failed to allocate 1549616 bytes for Chunk::new
# Possible reasons:
#   The system is out of physical RAM or swap space
#   The process is running with CompressedOops enabled, and the Java Heap may be blocking the growth of the native heap
# Possible solutions:
#   Reduce memory load on the system
#   Increase physical memory or swap space
#   Check if swap backing store is full
#   Decrease Java heap size (-Xmx/-Xms)
#   Decrease number of Java threads
#   Decrease Java thread stack sizes (-Xss)
#   Set larger code cache with -XX:ReservedCodeCacheSize=
#   JVM is running with Unscaled Compressed Oops mode in which the Java heap is
#     placed in the first 4GB address space. The Java Heap base address is the
#     maximum limit for the native heap growth. Please use -XX:HeapBaseMinAddress
#     to set the Java Heap base and to place the Java Heap above 4GB virtual address.
# This output file may be truncated or incomplete.
#
#  Out of Memory Error (./src/hotspot/share/memory/arena.cpp:197), pid=7120, tid=1904
#
# JRE version: OpenJDK Runtime Environment (11.0.7+10) (build 11.0.7+10-b765.64)
# Java VM: OpenJDK 64-Bit Server VM (11.0.7+10-b765.64, mixed mode, sharing, tiered, compressed oops, g1 gc, windows-amd64)
# No core dump will be written. Minidumps are not enabled by default on client versions of Windows
#

---------------  S U M M A R Y ------------

Command Line: -XX:MaxMetaspaceSize=256m -XX:+HeapDumpOnOutOfMemoryError --add-opens=java.base/java.util=ALL-UNNAMED --add-opens=java.base/java.lang=ALL-UNNAMED --add-opens=java.base/java.lang.invoke=ALL-UNNAMED --add-opens=java.prefs/java.util.prefs=ALL-UNNAMED -Xms256m -Xmx512m -Dfile.encoding=windows-1252 -Duser.country=US -Duser.language=en -Duser.variant org.gradle.launcher.daemon.bootstrap.GradleDaemon 5.3.1

Host: Intel(R) Core(TM) i5-7200U CPU @ 2.50GHz, 4 cores, 7G,  Windows 10 , 64 bit Build 18362 (10.0.18362.900)
Time: Thu Jul 16 19:42:07 2020 Central Europe Daylight Time elapsed time: 10 seconds (0d 0h 0m 10s)

---------------  T H R E A D  ---------------

Current thread (0x00000261feb60000):  JavaThread "C2 CompilerThread0" daemon [_thread_in_native, id=1904, stack(0x0000007b0e700000,0x0000007b0e800000)]


Current CompileTask:
C2:  10779 3924   !   4       java.net.URLClassLoader$1::run (63 bytes)

Stack: [0x0000007b0e700000,0x0000007b0e800000]
Native frames: (J=compiled Java code, j=interpreted, Vv=VM code, C=native code)
V  [jvm.dll+0x5dda4a]
V  [jvm.dll+0x711595]
V  [jvm.dll+0x712aed]
V  [jvm.dll+0x7131a3]
V  [jvm.dll+0x23e368]
V  [jvm.dll+0xb8a9c]
V  [jvm.dll+0xb8fac]
V  [jvm.dll+0x2b1d94]
V  [jvm.dll+0x501548]
V  [jvm.dll+0x1ff0c3]
V  [jvm.dll+0x1f8ebd]
V  [jvm.dll+0x1f65af]
V  [jvm.dll+0x17f21c]
V  [jvm.dll+0x204c67]
V  [jvm.dll+0x2034b1]
V  [jvm.dll+0x6da2cf]
V  [jvm.dll+0x6d3065]
V  [jvm.dll+0x5dc9f6]
C  [ucrtbase.dll+0x20e82]
C  [KERNEL32.DLL+0x17bd4]
C  [ntdll.dll+0x6ce51]


---------------  P R O C E S S  ---------------

Threads class SMR info:
_java_thread_list=0x00000261852198f0, length=28, elements={
0x00000261e8351000, 0x00000261feb3a800, 0x00000261feb3b800, 0x00000261feb5e000,
0x00000261feb5f000, 0x00000261feb60000, 0x00000261feb64000, 0x00000261ff4fc800,
0x00000261ff5cf800, 0x00000261ff5d5000, 0x0000026182c38000, 0x0000026182e85000,
0x000002618312b000, 0x0000026182ce0800, 0x0000026183028800, 0x0000026182e3a800,
0x0000026182e3c800, 0x0000026182e40800, 0x0000026182e41800, 0x0000026182e3e000,
0x00000261832a7000, 0x00000261832a4800, 0x00000261832a7800, 0x00000261832ab000,
0x00000261832a6000, 0x00000261832a8800, 0x00000261832a9800, 0x0000026183b8f800
}

Java Threads: ( => current thread )
  0x00000261e8351000 JavaThread "main" [_thread_blocked, id=6976, stack(0x0000007b0dc00000,0x0000007b0dd00000)]
  0x00000261feb3a800 JavaThread "Reference Handler" daemon [_thread_blocked, id=1344, stack(0x0000007b0e300000,0x0000007b0e400000)]
  0x00000261feb3b800 JavaThread "Finalizer" daemon [_thread_blocked, id=15936, stack(0x0000007b0e400000,0x0000007b0e500000)]
  0x00000261feb5e000 JavaThread "Signal Dispatcher" daemon [_thread_blocked, id=14400, stack(0x0000007b0e500000,0x0000007b0e600000)]
  0x00000261feb5f000 JavaThread "Attach Listener" daemon [_thread_blocked, id=11576, stack(0x0000007b0e600000,0x0000007b0e700000)]
=>0x00000261feb60000 JavaThread "C2 CompilerThread0" daemon [_thread_in_native, id=1904, stack(0x0000007b0e700000,0x0000007b0e800000)]
  0x00000261feb64000 JavaThread "C1 CompilerThread0" daemon [_thread_in_native, id=8204, stack(0x0000007b0e800000,0x0000007b0e900000)]
  0x00000261ff4fc800 JavaThread "Sweeper thread" daemon [_thread_blocked, id=10140, stack(0x0000007b0e900000,0x0000007b0ea00000)]
  0x00000261ff5cf800 JavaThread "Common-Cleaner" daemon [_thread_blocked, id=15688, stack(0x0000007b0ea00000,0x0000007b0eb00000)]
  0x00000261ff5d5000 JavaThread "Service Thread" daemon [_thread_blocked, id=13624, stack(0x0000007b0eb00000,0x0000007b0ec00000)]
  0x0000026182c38000 JavaThread "Daemon health stats" [_thread_blocked, id=12504, stack(0x0000007b0f200000,0x0000007b0f300000)]
  0x0000026182e85000 JavaThread "Incoming local TCP Connector on port 58720" [_thread_in_native, id=8576, stack(0x0000007b0f100000,0x0000007b0f200000)]
  0x000002618312b000 JavaThread "Daemon periodic checks" [_thread_blocked, id=8024, stack(0x0000007b0f300000,0x0000007b0f400000)]
  0x0000026182ce0800 JavaThread "Daemon" [_thread_blocked, id=13000, stack(0x0000007b0f400000,0x0000007b0f500000)]
  0x0000026183028800 JavaThread "Handler for socket connection from /127.0.0.1:58720 to /127.0.0.1:58721" [_thread_in_native, id=5300, stack(0x0000007b0f500000,0x0000007b0f600000)]
  0x0000026182e3a800 JavaThread "Cancel handler" [_thread_blocked, id=13544, stack(0x0000007b0f600000,0x0000007b0f700000)]
  0x0000026182e3c800 JavaThread "Daemon worker" [_thread_in_Java, id=1564, stack(0x0000007b0f700000,0x0000007b0f800000)]
  0x0000026182e40800 JavaThread "Asynchronous log dispatcher for DefaultDaemonConnection: socket connection from /127.0.0.1:58720 to /127.0.0.1:58721" [_thread_blocked, id=7136, stack(0x0000007b0f800000,0x0000007b0f900000)]
  0x0000026182e41800 JavaThread "Stdin handler" [_thread_blocked, id=4040, stack(0x0000007b0f900000,0x0000007b0fa00000)]
  0x0000026182e3e000 JavaThread "Thread-8" [_thread_blocked, id=16256, stack(0x0000007b0fa00000,0x0000007b0fb00000)]
  0x00000261832a7000 JavaThread "Cache worker for file hash cache (C:\Users\Michael\.gradle\caches\5.3.1\fileHashes)" [_thread_blocked, id=5284, stack(0x0000007b0fb00000,0x0000007b0fc00000)]
  0x00000261832a4800 JavaThread "File lock request listener" [_thread_in_native, id=5392, stack(0x0000007b0fc00000,0x0000007b0fd00000)]
  0x00000261832a7800 JavaThread "Cache worker for journal cache (C:\Users\Michael\.gradle\caches\journal-1)" [_thread_blocked, id=13320, stack(0x0000007b0fd00000,0x0000007b0fe00000)]
  0x00000261832ab000 JavaThread "Cache worker for file hash cache (C:\Users\Michael\IdeaProjects\Encryption-Decryption\.gradle\5.3.1\fileHashes)" [_thread_blocked, id=12680, stack(0x0000007b0fe00000,0x0000007b0ff00000)]
  0x00000261832a6000 JavaThread "Cache worker for cache directory md-supplier (C:\Users\Michael\.gradle\caches\5.3.1\md-supplier)" [_thread_blocked, id=14136, stack(0x0000007b0ff00000,0x0000007b10000000)]
  0x00000261832a8800 JavaThread "Cache worker for cache directory md-rule (C:\Users\Michael\.gradle\caches\5.3.1\md-rule)" [_thread_blocked, id=9872, stack(0x0000007b10000000,0x0000007b10100000)]
  0x00000261832a9800 JavaThread "Cache worker for execution history cache (C:\Users\Michael\.gradle\caches\5.3.1\executionHistory)" [_thread_blocked, id=7768, stack(0x0000007b10100000,0x0000007b10200000)]
  0x0000026183b8f800 JavaThread "C2 CompilerThread1" daemon [_thread_in_native, id=15840, stack(0x0000007b10200000,0x0000007b10300000)]

Other Threads:
  0x00000261feb35000 VMThread "VM Thread" [stack: 0x0000007b0e200000,0x0000007b0e300000] [id=7536]
  0x00000261ff5d8000 WatcherThread [stack: 0x0000007b0ec00000,0x0000007b0ed00000] [id=2724]
  0x00000261e8368800 GCTaskThread "GC Thread#0" [stack: 0x0000007b0dd00000,0x0000007b0de00000] [id=16252]
  0x000002618238e800 GCTaskThread "GC Thread#1" [stack: 0x0000007b0ee00000,0x0000007b0ef00000] [id=11536]
  0x000002618238f800 GCTaskThread "GC Thread#2" [stack: 0x0000007b0ef00000,0x0000007b0f000000] [id=4952]
  0x000002618265d000 GCTaskThread "GC Thread#3" [stack: 0x0000007b0f000000,0x0000007b0f100000] [id=5524]
  0x00000261e8379800 ConcurrentGCThread "G1 Main Marker" [stack: 0x0000007b0de00000,0x0000007b0df00000] [id=3300]
  0x00000261e837b800 ConcurrentGCThread "G1 Conc#0" [stack: 0x0000007b0df00000,0x0000007b0e000000] [id=11584]
  0x00000261e841d800 ConcurrentGCThread "G1 Refine#0" [stack: 0x0000007b0e000000,0x0000007b0e100000] [id=11456]
  0x00000261e841e800 ConcurrentGCThread "G1 Young RemSet Sampling" [stack: 0x0000007b0e100000,0x0000007b0e200000] [id=13880]

Threads with active compile tasks:
C2 CompilerThread0  10815 3924   !   4       java.net.URLClassLoader$1::run (63 bytes)
C1 CompilerThread0  10815 3990  s    3       java.lang.ClassValue$ClassValueMap::finishEntry (117 bytes)
C2 CompilerThread1  10815 3923       4       java.net.URLClassLoader$1::run (5 bytes)

VM state:not at safepoint (normal execution)

VM Mutex/Monitor currently owned by a thread: None

Heap address: 0x00000000e0000000, size: 512 MB, Compressed Oops mode: 32-bit
Narrow klass base: 0x0000000800000000, Narrow klass shift: 3
Compressed class space size: 260046848 Address: 0x0000000840000000

Heap:
 garbage-first heap   total 262144K, used 52812K [0x00000000e0000000, 0x0000000100000000)
  region size 1024K, 23 young (23552K), 10 survivors (10240K)
 Metaspace       used 35915K, capacity 36952K, committed 37040K, reserved 286720K
  class space    used 4763K, capacity 5087K, committed 5120K, reserved 253952K
Heap Regions: E=young(eden), S=young(survivor), O=old, HS=humongous(starts), HC=humongous(continues), CS=collection set, F=free, A=archive, TAMS=top-at-mark-start (previous, next)
|   0|0x00000000e0000000, 0x00000000e0100000, 0x00000000e0100000|100%| O|  |TAMS 0x00000000e0100000, 0x00000000e0000000| Untracked 
|   1|0x00000000e0100000, 0x00000000e0200000, 0x00000000e0200000|100%| O|  |TAMS 0x00000000e0200000, 0x00000000e0100000| Untracked 
|   2|0x00000000e0200000, 0x00000000e0300000, 0x00000000e0300000|100%|HS|  |TAMS 0x00000000e0300000, 0x00000000e0200000| Complete 
|   3|0x00000000e0300000, 0x00000000e0400000, 0x00000000e0400000|100%|HS|  |TAMS 0x00000000e0400000, 0x00000000e0300000| Complete 
|   4|0x00000000e0400000, 0x00000000e0500000, 0x00000000e0500000|100%|HC|  |TAMS 0x00000000e0500000, 0x00000000e0400000| Complete 
|   5|0x00000000e0500000, 0x00000000e0600000, 0x00000000e0600000|100%| O|  |TAMS 0x00000000e0600000, 0x00000000e0500000| Untracked 
|   6|0x00000000e0600000, 0x00000000e0700000, 0x00000000e0700000|100%| O|  |TAMS 0x00000000e0700000, 0x00000000e0600000| Untracked 
|   7|0x00000000e0700000, 0x00000000e0800000, 0x00000000e0800000|100%| O|  |TAMS 0x00000000e0800000, 0x00000000e0700000| Untracked 
|   8|0x00000000e0800000, 0x00000000e0900000, 0x00000000e0900000|100%| O|  |TAMS 0x00000000e0900000, 0x00000000e0800000| Untracked 
|   9|0x00000000e0900000, 0x00000000e0a00000, 0x00000000e0a00000|100%| O|  |TAMS 0x00000000e0a00000, 0x00000000e0900000| Untracked 
|  10|0x00000000e0a00000, 0x00000000e0b00000, 0x00000000e0b00000|100%| O|  |TAMS 0x00000000e0b00000, 0x00000000e0a00000| Untracked 
|  11|0x00000000e0b00000, 0x00000000e0c00000, 0x00000000e0c00000|100%| O|  |TAMS 0x00000000e0c00000, 0x00000000e0b00000| Untracked 
|  12|0x00000000e0c00000, 0x00000000e0d00000, 0x00000000e0d00000|100%| O|  |TAMS 0x00000000e0d00000, 0x00000000e0c00000| Untracked 
|  13|0x00000000e0d00000, 0x00000000e0e00000, 0x00000000e0e00000|100%|HS|  |TAMS 0x00000000e0e00000, 0x00000000e0d00000| Complete 
|  14|0x00000000e0e00000, 0x00000000e0f00000, 0x00000000e0f00000|100%|HC|  |TAMS 0x00000000e0f00000, 0x00000000e0e00000| Complete 
|  15|0x00000000e0f00000, 0x00000000e1000000, 0x00000000e1000000|100%|HS|  |TAMS 0x00000000e1000000, 0x00000000e0f00000| Complete 
|  16|0x00000000e1000000, 0x00000000e1100000, 0x00000000e1100000|100%|HC|  |TAMS 0x00000000e1100000, 0x00000000e1000000| Complete 
|  17|0x00000000e1100000, 0x00000000e1200000, 0x00000000e1200000|100%|HC|  |TAMS 0x00000000e1200000, 0x00000000e1100000| Complete 
|  18|0x00000000e1200000, 0x00000000e1300000, 0x00000000e1300000|100%|HS|  |TAMS 0x00000000e1300000, 0x00000000e1200000| Complete 
|  19|0x00000000e1300000, 0x00000000e1400000, 0x00000000e1400000|100%|HC|  |TAMS 0x00000000e1400000, 0x00000000e1300000| Complete 
|  20|0x00000000e1400000, 0x00000000e1500000, 0x00000000e1500000|100%|HC|  |TAMS 0x00000000e1500000, 0x00000000e1400000| Complete 
|  21|0x00000000e1500000, 0x00000000e1600000, 0x00000000e1600000|100%|HC|  |TAMS 0x00000000e1600000, 0x00000000e1500000| Complete 
|  22|0x00000000e1600000, 0x00000000e1700000, 0x00000000e1700000|100%|HS|  |TAMS 0x00000000e1700000, 0x00000000e1600000| Complete 
|  23|0x00000000e1700000, 0x00000000e1800000, 0x00000000e1800000|100%|HC|  |TAMS 0x00000000e1800000, 0x00000000e1700000| Complete 
|  24|0x00000000e1800000, 0x00000000e1900000, 0x00000000e1900000|100%| O|  |TAMS 0x00000000e1900000, 0x00000000e1800000| Untracked 
|  25|0x00000000e1900000, 0x00000000e1a00000, 0x00000000e1a00000|100%| O|  |TAMS 0x00000000e1a00000, 0x00000000e1900000| Untracked 
|  26|0x00000000e1a00000, 0x00000000e1b00000, 0x00000000e1b00000|100%| O|  |TAMS 0x00000000e1b00000, 0x00000000e1a00000| Untracked 
|  27|0x00000000e1b00000, 0x00000000e1c00000, 0x00000000e1c00000|100%| O|  |TAMS 0x00000000e1c00000, 0x00000000e1b00000| Untracked 
|  28|0x00000000e1c00000, 0x00000000e1d00000, 0x00000000e1d00000|100%| O|  |TAMS 0x00000000e1d00000, 0x00000000e1c00000| Untracked 
|  29|0x00000000e1d00000, 0x00000000e1e00000, 0x00000000e1e00000|100%| O|  |TAMS 0x00000000e1e00000, 0x00000000e1d00000| Untracked 
|  30|0x00000000e1e00000, 0x00000000e1e41600, 0x00000000e1f00000| 25%| O|  |TAMS 0x00000000e1e41600, 0x00000000e1e00000| Untracked 
|  31|0x00000000e1f00000, 0x00000000e1f00000, 0x00000000e2000000|  0%| F|  |TAMS 0x00000000e1f00000, 0x00000000e1f00000| Untracked 
|  32|0x00000000e2000000, 0x00000000e2000000, 0x00000000e2100000|  0%| F|  |TAMS 0x00000000e2000000, 0x00000000e2000000| Untracked 
|  33|0x00000000e2100000, 0x00000000e2100000, 0x00000000e2200000|  0%| F|  |TAMS 0x00000000e2100000, 0x00000000e2100000| Untracked 
|  34|0x00000000e2200000, 0x00000000e2200000, 0x00000000e2300000|  0%| F|  |TAMS 0x00000000e2200000, 0x00000000e2200000| Untracked 
|  35|0x00000000e2300000, 0x00000000e2300000, 0x00000000e2400000|  0%| F|  |TAMS 0x00000000e2300000, 0x00000000e2300000| Untracked 
|  36|0x00000000e2400000, 0x00000000e2400000, 0x00000000e2500000|  0%| F|  |TAMS 0x00000000e2400000, 0x00000000e2400000| Untracked 
|  37|0x00000000e2500000, 0x00000000e2500000, 0x00000000e2600000|  0%| F|  |TAMS 0x00000000e2500000, 0x00000000e2500000| Untracked 
|  38|0x00000000e2600000, 0x00000000e2600000, 0x00000000e2700000|  0%| F|  |TAMS 0x00000000e2600000, 0x00000000e2600000| Untracked 
|  39|0x00000000e2700000, 0x00000000e2700000, 0x00000000e2800000|  0%| F|  |TAMS 0x00000000e2700000, 0x00000000e2700000| Untracked 
|  40|0x00000000e2800000, 0x00000000e2800000, 0x00000000e2900000|  0%| F|  |TAMS 0x00000000e2800000, 0x00000000e2800000| Untracked 
|  41|0x00000000e2900000, 0x00000000e2900000, 0x00000000e2a00000|  0%| F|  |TAMS 0x00000000e2900000, 0x00000000e2900000| Untracked 
|  42|0x00000000e2a00000, 0x00000000e2a00000, 0x00000000e2b00000|  0%| F|  |TAMS 0x00000000e2a00000, 0x00000000e2a00000| Untracked 
|  43|0x00000000e2b00000, 0x00000000e2b00000, 0x00000000e2c00000|  0%| F|  |TAMS 0x00000000e2b00000, 0x00000000e2b00000| Untracked 
|  44|0x00000000e2c00000, 0x00000000e2c00000, 0x00000000e2d00000|  0%| F|  |TAMS 0x00000000e2c00000, 0x00000000e2c00000| Untracked 
|  45|0x00000000e2d00000, 0x00000000e2d00000, 0x00000000e2e00000|  0%| F|  |TAMS 0x00000000e2d00000, 0x00000000e2d00000| Untracked 
|  46|0x00000000e2e00000, 0x00000000e2e00000, 0x00000000e2f00000|  0%| F|  |TAMS 0x00000000e2e00000, 0x00000000e2e00000| Untracked 
|  47|0x00000000e2f00000, 0x00000000e2f00000, 0x00000000e3000000|  0%| F|  |TAMS 0x00000000e2f00000, 0x00000000e2f00000| Untracked 
|  48|0x00000000e3000000, 0x00000000e3000000, 0x00000000e3100000|  0%| F|  |TAMS 0x00000000e3000000, 0x00000000e3000000| Untracked 
|  49|0x00000000e3100000, 0x00000000e3100000, 0x00000000e3200000|  0%| F|  |TAMS 0x00000000e3100000, 0x00000000e3100000| Untracked 
|  50|0x00000000e3200000, 0x00000000e3200000, 0x00000000e3300000|  0%| F|  |TAMS 0x00000000e3200000, 0x00000000e3200000| Untracked 
|  51|0x00000000e3300000, 0x00000000e3300000, 0x00000000e3400000|  0%| F|  |TAMS 0x00000000e3300000, 0x00000000e3300000| Untracked 
|  52|0x00000000e3400000, 0x00000000e3400000, 0x00000000e3500000|  0%| F|  |TAMS 0x00000000e3400000, 0x00000000e3400000| Untracked 
|  53|0x00000000e3500000, 0x00000000e3500000, 0x00000000e3600000|  0%| F|  |TAMS 0x00000000e3500000, 0x00000000e3500000| Untracked 
|  54|0x00000000e3600000, 0x00000000e3600000, 0x00000000e3700000|  0%| F|  |TAMS 0x00000000e3600000, 0x00000000e3600000| Untracked 
|  55|0x00000000e3700000, 0x00000000e3700000, 0x00000000e3800000|  0%| F|  |TAMS 0x00000000e3700000, 0x00000000e3700000| Untracked 
|  56|0x00000000e3800000, 0x00000000e3800000, 0x00000000e3900000|  0%| F|  |TAMS 0x00000000e3800000, 0x00000000e3800000| Untracked 
|  57|0x00000000e3900000, 0x00000000e3900000, 0x00000000e3a00000|  0%| F|  |TAMS 0x00000000e3900000, 0x00000000e3900000| Untracked 
|  58|0x00000000e3a00000, 0x00000000e3a00000, 0x00000000e3b00000|  0%| F|  |TAMS 0x00000000e3a00000, 0x00000000e3a00000| Untracked 
|  59|0x00000000e3b00000, 0x00000000e3b00000, 0x00000000e3c00000|  0%| F|  |TAMS 0x00000000e3b00000, 0x00000000e3b00000| Untracked 
|  60|0x00000000e3c00000, 0x00000000e3c00000, 0x00000000e3d00000|  0%| F|  |TAMS 0x00000000e3c00000, 0x00000000e3c00000| Untracked 
|  61|0x00000000e3d00000, 0x00000000e3d00000, 0x00000000e3e00000|  0%| F|  |TAMS 0x00000000e3d00000, 0x00000000e3d00000| Untracked 
|  62|0x00000000e3e00000, 0x00000000e3e00000, 0x00000000e3f00000|  0%| F|  |TAMS 0x00000000e3e00000, 0x00000000e3e00000| Untracked 
|  63|0x00000000e3f00000, 0x00000000e3f00000, 0x00000000e4000000|  0%| F|  |TAMS 0x00000000e3f00000, 0x00000000e3f00000| Untracked 
|  64|0x00000000e4000000, 0x00000000e4000000, 0x00000000e4100000|  0%| F|  |TAMS 0x00000000e4000000, 0x00000000e4000000| Untracked 
|  65|0x00000000e4100000, 0x00000000e4100000, 0x00000000e4200000|  0%| F|  |TAMS 0x00000000e4100000, 0x00000000e4100000| Untracked 
|  66|0x00000000e4200000, 0x00000000e4200000, 0x00000000e4300000|  0%| F|  |TAMS 0x00000000e4200000, 0x00000000e4200000| Untracked 
|  67|0x00000000e4300000, 0x00000000e4300000, 0x00000000e4400000|  0%| F|  |TAMS 0x00000000e4300000, 0x00000000e4300000| Untracked 
|  68|0x00000000e4400000, 0x00000000e4400000, 0x00000000e4500000|  0%| F|  |TAMS 0x00000000e4400000, 0x00000000e4400000| Untracked 
|  69|0x00000000e4500000, 0x00000000e4500000, 0x00000000e4600000|  0%| F|  |TAMS 0x00000000e4500000, 0x00000000e4500000| Untracked 
|  70|0x00000000e4600000, 0x00000000e4600000, 0x00000000e4700000|  0%| F|  |TAMS 0x00000000e4600000, 0x00000000e4600000| Untracked 
|  71|0x00000000e4700000, 0x00000000e4700000, 0x00000000e4800000|  0%| F|  |TAMS 0x00000000e4700000, 0x00000000e4700000| Untracked 
|  72|0x00000000e4800000, 0x00000000e4800000, 0x00000000e4900000|  0%| F|  |TAMS 0x00000000e4800000, 0x00000000e4800000| Untracked 
|  73|0x00000000e4900000, 0x00000000e4900000, 0x00000000e4a00000|  0%| F|  |TAMS 0x00000000e4900000, 0x00000000e4900000| Untracked 
|  74|0x00000000e4a00000, 0x00000000e4a00000, 0x00000000e4b00000|  0%| F|  |TAMS 0x00000000e4a00000, 0x00000000e4a00000| Untracked 
|  75|0x00000000e4b00000, 0x00000000e4b00000, 0x00000000e4c00000|  0%| F|  |TAMS 0x00000000e4b00000, 0x00000000e4b00000| Untracked 
|  76|0x00000000e4c00000, 0x00000000e4c00000, 0x00000000e4d00000|  0%| F|  |TAMS 0x00000000e4c00000, 0x00000000e4c00000| Untracked 
|  77|0x00000000e4d00000, 0x00000000e4d00000, 0x00000000e4e00000|  0%| F|  |TAMS 0x00000000e4d00000, 0x00000000e4d00000| Untracked 
|  78|0x00000000e4e00000, 0x00000000e4e00000, 0x00000000e4f00000|  0%| F|  |TAMS 0x00000000e4e00000, 0x00000000e4e00000| Untracked 
|  79|0x00000000e4f00000, 0x00000000e4f00000, 0x00000000e5000000|  0%| F|  |TAMS 0x00000000e4f00000, 0x00000000e4f00000| Untracked 
|  80|0x00000000e5000000, 0x00000000e5000000, 0x00000000e5100000|  0%| F|  |TAMS 0x00000000e5000000, 0x00000000e5000000| Untracked 
|  81|0x00000000e5100000, 0x00000000e5100000, 0x00000000e5200000|  0%| F|  |TAMS 0x00000000e5100000, 0x00000000e5100000| Untracked 
|  82|0x00000000e5200000, 0x00000000e5200000, 0x00000000e5300000|  0%| F|  |TAMS 0x00000000e5200000, 0x00000000e5200000| Untracked 
|  83|0x00000000e5300000, 0x00000000e5300000, 0x00000000e5400000|  0%| F|  |TAMS 0x00000000e5300000, 0x00000000e5300000| Untracked 
|  84|0x00000000e5400000, 0x00000000e5400000, 0x00000000e5500000|  0%| F|  |TAMS 0x00000000e5400000, 0x00000000e5400000| Untracked 
|  85|0x00000000e5500000, 0x00000000e5500000, 0x00000000e5600000|  0%| F|  |TAMS 0x00000000e5500000, 0x00000000e5500000| Untracked 
|  86|0x00000000e5600000, 0x00000000e5600000, 0x00000000e5700000|  0%| F|  |TAMS 0x00000000e5600000, 0x00000000e5600000| Untracked 
|  87|0x00000000e5700000, 0x00000000e5700000, 0x00000000e5800000|  0%| F|  |TAMS 0x00000000e5700000, 0x00000000e5700000| Untracked 
|  88|0x00000000e5800000, 0x00000000e5800000, 0x00000000e5900000|  0%| F|  |TAMS 0x00000000e5800000, 0x00000000e5800000| Untracked 
|  89|0x00000000e5900000, 0x00000000e5900000, 0x00000000e5a00000|  0%| F|  |TAMS 0x00000000e5900000, 0x00000000e5900000| Untracked 
|  90|0x00000000e5a00000, 0x00000000e5a00000, 0x00000000e5b00000|  0%| F|  |TAMS 0x00000000e5a00000, 0x00000000e5a00000| Untracked 
|  91|0x00000000e5b00000, 0x00000000e5b00000, 0x00000000e5c00000|  0%| F|  |TAMS 0x00000000e5b00000, 0x00000000e5b00000| Untracked 
|  92|0x00000000e5c00000, 0x00000000e5c00000, 0x00000000e5d00000|  0%| F|  |TAMS 0x00000000e5c00000, 0x00000000e5c00000| Untracked 
|  93|0x00000000e5d00000, 0x00000000e5d00000, 0x00000000e5e00000|  0%| F|  |TAMS 0x00000000e5d00000, 0x00000000e5d00000| Untracked 
|  94|0x00000000e5e00000, 0x00000000e5e00000, 0x00000000e5f00000|  0%| F|  |TAMS 0x00000000e5e00000, 0x00000000e5e00000| Untracked 
|  95|0x00000000e5f00000, 0x00000000e5f00000, 0x00000000e6000000|  0%| F|  |TAMS 0x00000000e5f00000, 0x00000000e5f00000| Untracked 
|  96|0x00000000e6000000, 0x00000000e6000000, 0x00000000e6100000|  0%| F|  |TAMS 0x00000000e6000000, 0x00000000e6000000| Untracked 
|  97|0x00000000e6100000, 0x00000000e6100000, 0x00000000e6200000|  0%| F|  |TAMS 0x00000000e6100000, 0x00000000e6100000| Untracked 
|  98|0x00000000e6200000, 0x00000000e6200000, 0x00000000e6300000|  0%| F|  |TAMS 0x00000000e6200000, 0x00000000e6200000| Untracked 
|  99|0x00000000e6300000, 0x00000000e6300000, 0x00000000e6400000|  0%| F|  |TAMS 0x00000000e6300000, 0x00000000e6300000| Untracked 
| 100|0x00000000e6400000, 0x00000000e6400000, 0x00000000e6500000|  0%| F|  |TAMS 0x00000000e6400000, 0x00000000e6400000| Untracked 
| 101|0x00000000e6500000, 0x00000000e6500000, 0x00000000e6600000|  0%| F|  |TAMS 0x00000000e6500000, 0x00000000e6500000| Untracked 
| 102|0x00000000e6600000, 0x00000000e6600000, 0x00000000e6700000|  0%| F|  |TAMS 0x00000000e6600000, 0x00000000e6600000| Untracked 
| 103|0x00000000e6700000, 0x00000000e6700000, 0x00000000e6800000|  0%| F|  |TAMS 0x00000000e6700000, 0x00000000e6700000| Untracked 
| 104|0x00000000e6800000, 0x00000000e6800000, 0x00000000e6900000|  0%| F|  |TAMS 0x00000000e6800000, 0x00000000e6800000| Untracked 
| 105|0x00000000e6900000, 0x00000000e6900000, 0x00000000e6a00000|  0%| F|  |TAMS 0x00000000e6900000, 0x00000000e6900000| Untracked 
| 106|0x00000000e6a00000, 0x00000000e6a00000, 0x00000000e6b00000|  0%| F|  |TAMS 0x00000000e6a00000, 0x00000000e6a00000| Untracked 
| 107|0x00000000e6b00000, 0x00000000e6b00000, 0x00000000e6c00000|  0%| F|  |TAMS 0x00000000e6b00000, 0x00000000e6b00000| Untracked 
| 108|0x00000000e6c00000, 0x00000000e6c00000, 0x00000000e6d00000|  0%| F|  |TAMS 0x00000000e6c00000, 0x00000000e6c00000| Untracked 
| 109|0x00000000e6d00000, 0x00000000e6d00000, 0x00000000e6e00000|  0%| F|  |TAMS 0x00000000e6d00000, 0x00000000e6d00000| Untracked 
| 110|0x00000000e6e00000, 0x00000000e6e00000, 0x00000000e6f00000|  0%| F|  |TAMS 0x00000000e6e00000, 0x00000000e6e00000| Untracked 
| 111|0x00000000e6f00000, 0x00000000e6f00000, 0x00000000e7000000|  0%| F|  |TAMS 0x00000000e6f00000, 0x00000000e6f00000| Untracked 
| 112|0x00000000e7000000, 0x00000000e7000000, 0x00000000e7100000|  0%| F|  |TAMS 0x00000000e7000000, 0x00000000e7000000| Untracked 
| 113|0x00000000e7100000, 0x00000000e7100000, 0x00000000e7200000|  0%| F|  |TAMS 0x00000000e7100000, 0x00000000e7100000| Untracked 
| 114|0x00000000e7200000, 0x00000000e7200000, 0x00000000e7300000|  0%| F|  |TAMS 0x00000000e7200000, 0x00000000e7200000| Untracked 
| 115|0x00000000e7300000, 0x00000000e7300000, 0x00000000e7400000|  0%| F|  |TAMS 0x00000000e7300000, 0x00000000e7300000| Untracked 
| 116|0x00000000e7400000, 0x00000000e7400000, 0x00000000e7500000|  0%| F|  |TAMS 0x00000000e7400000, 0x00000000e7400000| Untracked 
| 117|0x00000000e7500000, 0x00000000e7500000, 0x00000000e7600000|  0%| F|  |TAMS 0x00000000e7500000, 0x00000000e7500000| Untracked 
| 118|0x00000000e7600000, 0x00000000e7600000, 0x00000000e7700000|  0%| F|  |TAMS 0x00000000e7600000, 0x00000000e7600000| Untracked 
| 119|0x00000000e7700000, 0x00000000e7700000, 0x00000000e7800000|  0%| F|  |TAMS 0x00000000e7700000, 0x00000000e7700000| Untracked 
| 120|0x00000000e7800000, 0x00000000e7800000, 0x00000000e7900000|  0%| F|  |TAMS 0x00000000e7800000, 0x00000000e7800000| Untracked 
| 121|0x00000000e7900000, 0x00000000e7900000, 0x00000000e7a00000|  0%| F|  |TAMS 0x00000000e7900000, 0x00000000e7900000| Untracked 
| 122|0x00000000e7a00000, 0x00000000e7a00000, 0x00000000e7b00000|  0%| F|  |TAMS 0x00000000e7a00000, 0x00000000e7a00000| Untracked 
| 123|0x00000000e7b00000, 0x00000000e7b00000, 0x00000000e7c00000|  0%| F|  |TAMS 0x00000000e7b00000, 0x00000000e7b00000| Untracked 
| 124|0x00000000e7c00000, 0x00000000e7c00000, 0x00000000e7d00000|  0%| F|  |TAMS 0x00000000e7c00000, 0x00000000e7c00000| Untracked 
| 125|0x00000000e7d00000, 0x00000000e7d00000, 0x00000000e7e00000|  0%| F|  |TAMS 0x00000000e7d00000, 0x00000000e7d00000| Untracked 
| 126|0x00000000e7e00000, 0x00000000e7e00000, 0x00000000e7f00000|  0%| F|  |TAMS 0x00000000e7e00000, 0x00000000e7e00000| Untracked 
| 127|0x00000000e7f00000, 0x00000000e7f00000, 0x00000000e8000000|  0%| F|  |TAMS 0x00000000e7f00000, 0x00000000e7f00000| Untracked 
| 128|0x00000000e8000000, 0x00000000e8000000, 0x00000000e8100000|  0%| F|  |TAMS 0x00000000e8000000, 0x00000000e8000000| Untracked 
| 129|0x00000000e8100000, 0x00000000e8100000, 0x00000000e8200000|  0%| F|  |TAMS 0x00000000e8100000, 0x00000000e8100000| Untracked 
| 130|0x00000000e8200000, 0x00000000e8200000, 0x00000000e8300000|  0%| F|  |TAMS 0x00000000e8200000, 0x00000000e8200000| Untracked 
| 131|0x00000000e8300000, 0x00000000e8300000, 0x00000000e8400000|  0%| F|  |TAMS 0x00000000e8300000, 0x00000000e8300000| Untracked 
| 132|0x00000000e8400000, 0x00000000e8400000, 0x00000000e8500000|  0%| F|  |TAMS 0x00000000e8400000, 0x00000000e8400000| Untracked 
| 133|0x00000000e8500000, 0x00000000e8500000, 0x00000000e8600000|  0%| F|  |TAMS 0x00000000e8500000, 0x00000000e8500000| Untracked 
| 134|0x00000000e8600000, 0x00000000e8600000, 0x00000000e8700000|  0%| F|  |TAMS 0x00000000e8600000, 0x00000000e8600000| Untracked 
| 135|0x00000000e8700000, 0x00000000e8700000, 0x00000000e8800000|  0%| F|  |TAMS 0x00000000e8700000, 0x00000000e8700000| Untracked 
| 136|0x00000000e8800000, 0x00000000e8800000, 0x00000000e8900000|  0%| F|  |TAMS 0x00000000e8800000, 0x00000000e8800000| Untracked 
| 137|0x00000000e8900000, 0x00000000e8900000, 0x00000000e8a00000|  0%| F|  |TAMS 0x00000000e8900000, 0x00000000e8900000| Untracked 
| 138|0x00000000e8a00000, 0x00000000e8a00000, 0x00000000e8b00000|  0%| F|  |TAMS 0x00000000e8a00000, 0x00000000e8a00000| Untracked 
| 139|0x00000000e8b00000, 0x00000000e8b00000, 0x00000000e8c00000|  0%| F|  |TAMS 0x00000000e8b00000, 0x00000000e8b00000| Untracked 
| 140|0x00000000e8c00000, 0x00000000e8c00000, 0x00000000e8d00000|  0%| F|  |TAMS 0x00000000e8c00000, 0x00000000e8c00000| Untracked 
| 141|0x00000000e8d00000, 0x00000000e8d00000, 0x00000000e8e00000|  0%| F|  |TAMS 0x00000000e8d00000, 0x00000000e8d00000| Untracked 
| 142|0x00000000e8e00000, 0x00000000e8e00000, 0x00000000e8f00000|  0%| F|  |TAMS 0x00000000e8e00000, 0x00000000e8e00000| Untracked 
| 143|0x00000000e8f00000, 0x00000000e8f00000, 0x00000000e9000000|  0%| F|  |TAMS 0x00000000e8f00000, 0x00000000e8f00000| Untracked 
| 144|0x00000000e9000000, 0x00000000e9000000, 0x00000000e9100000|  0%| F|  |TAMS 0x00000000e9000000, 0x00000000e9000000| Untracked 
| 145|0x00000000e9100000, 0x00000000e9100000, 0x00000000e9200000|  0%| F|  |TAMS 0x00000000e9100000, 0x00000000e9100000| Untracked 
| 146|0x00000000e9200000, 0x00000000e9200000, 0x00000000e9300000|  0%| F|  |TAMS 0x00000000e9200000, 0x00000000e9200000| Untracked 
| 147|0x00000000e9300000, 0x00000000e9300000, 0x00000000e9400000|  0%| F|  |TAMS 0x00000000e9300000, 0x00000000e9300000| Untracked 
| 148|0x00000000e9400000, 0x00000000e9400000, 0x00000000e9500000|  0%| F|  |TAMS 0x00000000e9400000, 0x00000000e9400000| Untracked 
| 149|0x00000000e9500000, 0x00000000e9500000, 0x00000000e9600000|  0%| F|  |TAMS 0x00000000e9500000, 0x00000000e9500000| Untracked 
| 150|0x00000000e9600000, 0x00000000e9600000, 0x00000000e9700000|  0%| F|  |TAMS 0x00000000e9600000, 0x00000000e9600000| Untracked 
| 151|0x00000000e9700000, 0x00000000e9700000, 0x00000000e9800000|  0%| F|  |TAMS 0x00000000e9700000, 0x00000000e9700000| Untracked 
| 152|0x00000000e9800000, 0x00000000e9800000, 0x00000000e9900000|  0%| F|  |TAMS 0x00000000e9800000, 0x00000000e9800000| Untracked 
| 153|0x00000000e9900000, 0x00000000e9900000, 0x00000000e9a00000|  0%| F|  |TAMS 0x00000000e9900000, 0x00000000e9900000| Untracked 
| 154|0x00000000e9a00000, 0x00000000e9a00000, 0x00000000e9b00000|  0%| F|  |TAMS 0x00000000e9a00000, 0x00000000e9a00000| Untracked 
| 155|0x00000000e9b00000, 0x00000000e9b00000, 0x00000000e9c00000|  0%| F|  |TAMS 0x00000000e9b00000, 0x00000000e9b00000| Untracked 
| 156|0x00000000e9c00000, 0x00000000e9c00000, 0x00000000e9d00000|  0%| F|  |TAMS 0x00000000e9c00000, 0x00000000e9c00000| Untracked 
| 157|0x00000000e9d00000, 0x00000000e9d00000, 0x00000000e9e00000|  0%| F|  |TAMS 0x00000000e9d00000, 0x00000000e9d00000| Untracked 
| 158|0x00000000e9e00000, 0x00000000e9e00000, 0x00000000e9f00000|  0%| F|  |TAMS 0x00000000e9e00000, 0x00000000e9e00000| Untracked 
| 159|0x00000000e9f00000, 0x00000000e9f00000, 0x00000000ea000000|  0%| F|  |TAMS 0x00000000e9f00000, 0x00000000e9f00000| Untracked 
| 160|0x00000000ea000000, 0x00000000ea000000, 0x00000000ea100000|  0%| F|  |TAMS 0x00000000ea000000, 0x00000000ea000000| Untracked 
| 161|0x00000000ea100000, 0x00000000ea100000, 0x00000000ea200000|  0%| F|  |TAMS 0x00000000ea100000, 0x00000000ea100000| Untracked 
| 162|0x00000000ea200000, 0x00000000ea200000, 0x00000000ea300000|  0%| F|  |TAMS 0x00000000ea200000, 0x00000000ea200000| Untracked 
| 163|0x00000000ea300000, 0x00000000ea300000, 0x00000000ea400000|  0%| F|  |TAMS 0x00000000ea300000, 0x00000000ea300000| Untracked 
| 164|0x00000000ea400000, 0x00000000ea400000, 0x00000000ea500000|  0%| F|  |TAMS 0x00000000ea400000, 0x00000000ea400000| Untracked 
| 165|0x00000000ea500000, 0x00000000ea500000, 0x00000000ea600000|  0%| F|  |TAMS 0x00000000ea500000, 0x00000000ea500000| Untracked 
| 166|0x00000000ea600000, 0x00000000ea600000, 0x00000000ea700000|  0%| F|  |TAMS 0x00000000ea600000, 0x00000000ea600000| Untracked 
| 167|0x00000000ea700000, 0x00000000ea700000, 0x00000000ea800000|  0%| F|  |TAMS 0x00000000ea700000, 0x00000000ea700000| Untracked 
| 168|0x00000000ea800000, 0x00000000ea800000, 0x00000000ea900000|  0%| F|  |TAMS 0x00000000ea800000, 0x00000000ea800000| Untracked 
| 169|0x00000000ea900000, 0x00000000ea900000, 0x00000000eaa00000|  0%| F|  |TAMS 0x00000000ea900000, 0x00000000ea900000| Untracked 
| 170|0x00000000eaa00000, 0x00000000eaa00000, 0x00000000eab00000|  0%| F|  |TAMS 0x00000000eaa00000, 0x00000000eaa00000| Untracked 
| 171|0x00000000eab00000, 0x00000000eab00000, 0x00000000eac00000|  0%| F|  |TAMS 0x00000000eab00000, 0x00000000eab00000| Untracked 
| 172|0x00000000eac00000, 0x00000000eac00000, 0x00000000ead00000|  0%| F|  |TAMS 0x00000000eac00000, 0x00000000eac00000| Untracked 
| 173|0x00000000ead00000, 0x00000000ead00000, 0x00000000eae00000|  0%| F|  |TAMS 0x00000000ead00000, 0x00000000ead00000| Untracked 
| 174|0x00000000eae00000, 0x00000000eae00000, 0x00000000eaf00000|  0%| F|  |TAMS 0x00000000eae00000, 0x00000000eae00000| Untracked 
| 175|0x00000000eaf00000, 0x00000000eaf00000, 0x00000000eb000000|  0%| F|  |TAMS 0x00000000eaf00000, 0x00000000eaf00000| Untracked 
| 176|0x00000000eb000000, 0x00000000eb000000, 0x00000000eb100000|  0%| F|  |TAMS 0x00000000eb000000, 0x00000000eb000000| Untracked 
| 177|0x00000000eb100000, 0x00000000eb100000, 0x00000000eb200000|  0%| F|  |TAMS 0x00000000eb100000, 0x00000000eb100000| Untracked 
| 178|0x00000000eb200000, 0x00000000eb200000, 0x00000000eb300000|  0%| F|  |TAMS 0x00000000eb200000, 0x00000000eb200000| Untracked 
| 179|0x00000000eb300000, 0x00000000eb300000, 0x00000000eb400000|  0%| F|  |TAMS 0x00000000eb300000, 0x00000000eb300000| Untracked 
| 180|0x00000000eb400000, 0x00000000eb400000, 0x00000000eb500000|  0%| F|  |TAMS 0x00000000eb400000, 0x00000000eb400000| Untracked 
| 181|0x00000000eb500000, 0x00000000eb500000, 0x00000000eb600000|  0%| F|  |TAMS 0x00000000eb500000, 0x00000000eb500000| Untracked 
| 182|0x00000000eb600000, 0x00000000eb600000, 0x00000000eb700000|  0%| F|  |TAMS 0x00000000eb600000, 0x00000000eb600000| Untracked 
| 183|0x00000000eb700000, 0x00000000eb700000, 0x00000000eb800000|  0%| F|  |TAMS 0x00000000eb700000, 0x00000000eb700000| Untracked 
| 184|0x00000000eb800000, 0x00000000eb800000, 0x00000000eb900000|  0%| F|  |TAMS 0x00000000eb800000, 0x00000000eb800000| Untracked 
| 185|0x00000000eb900000, 0x00000000eb900000, 0x00000000eba00000|  0%| F|  |TAMS 0x00000000eb900000, 0x00000000eb900000| Untracked 
| 186|0x00000000eba00000, 0x00000000eba00000, 0x00000000ebb00000|  0%| F|  |TAMS 0x00000000eba00000, 0x00000000eba00000| Untracked 
| 187|0x00000000ebb00000, 0x00000000ebb00000, 0x00000000ebc00000|  0%| F|  |TAMS 0x00000000ebb00000, 0x00000000ebb00000| Untracked 
| 188|0x00000000ebc00000, 0x00000000ebc00000, 0x00000000ebd00000|  0%| F|  |TAMS 0x00000000ebc00000, 0x00000000ebc00000| Untracked 
| 189|0x00000000ebd00000, 0x00000000ebd00000, 0x00000000ebe00000|  0%| F|  |TAMS 0x00000000ebd00000, 0x00000000ebd00000| Untracked 
| 190|0x00000000ebe00000, 0x00000000ebe00000, 0x00000000ebf00000|  0%| F|  |TAMS 0x00000000ebe00000, 0x00000000ebe00000| Untracked 
| 191|0x00000000ebf00000, 0x00000000ebf00000, 0x00000000ec000000|  0%| F|  |TAMS 0x00000000ebf00000, 0x00000000ebf00000| Untracked 
| 192|0x00000000ec000000, 0x00000000ec000000, 0x00000000ec100000|  0%| F|  |TAMS 0x00000000ec000000, 0x00000000ec000000| Untracked 
| 193|0x00000000ec100000, 0x00000000ec100000, 0x00000000ec200000|  0%| F|  |TAMS 0x00000000ec100000, 0x00000000ec100000| Untracked 
| 194|0x00000000ec200000, 0x00000000ec200000, 0x00000000ec300000|  0%| F|  |TAMS 0x00000000ec200000, 0x00000000ec200000| Untracked 
| 195|0x00000000ec300000, 0x00000000ec300000, 0x00000000ec400000|  0%| F|  |TAMS 0x00000000ec300000, 0x00000000ec300000| Untracked 
| 196|0x00000000ec400000, 0x00000000ec400000, 0x00000000ec500000|  0%| F|  |TAMS 0x00000000ec400000, 0x00000000ec400000| Untracked 
| 197|0x00000000ec500000, 0x00000000ec500000, 0x00000000ec600000|  0%| F|  |TAMS 0x00000000ec500000, 0x00000000ec500000| Untracked 
| 198|0x00000000ec600000, 0x00000000ec600000, 0x00000000ec700000|  0%| F|  |TAMS 0x00000000ec600000, 0x00000000ec600000| Untracked 
| 199|0x00000000ec700000, 0x00000000ec700000, 0x00000000ec800000|  0%| F|  |TAMS 0x00000000ec700000, 0x00000000ec700000| Untracked 
| 200|0x00000000ec800000, 0x00000000ec800000, 0x00000000ec900000|  0%| F|  |TAMS 0x00000000ec800000, 0x00000000ec800000| Untracked 
| 201|0x00000000ec900000, 0x00000000ec900000, 0x00000000eca00000|  0%| F|  |TAMS 0x00000000ec900000, 0x00000000ec900000| Untracked 
| 202|0x00000000eca00000, 0x00000000eca00000, 0x00000000ecb00000|  0%| F|  |TAMS 0x00000000eca00000, 0x00000000eca00000| Untracked 
| 203|0x00000000ecb00000, 0x00000000ecb00000, 0x00000000ecc00000|  0%| F|  |TAMS 0x00000000ecb00000, 0x00000000ecb00000| Untracked 
| 204|0x00000000ecc00000, 0x00000000ecc00000, 0x00000000ecd00000|  0%| F|  |TAMS 0x00000000ecc00000, 0x00000000ecc00000| Untracked 
| 205|0x00000000ecd00000, 0x00000000ecd51b98, 0x00000000ece00000| 31%| S|CS|TAMS 0x00000000ecd00000, 0x00000000ecd00000| Complete 
| 206|0x00000000ece00000, 0x00000000ecf00000, 0x00000000ecf00000|100%| S|CS|TAMS 0x00000000ece00000, 0x00000000ece00000| Complete 
| 207|0x00000000ecf00000, 0x00000000ed000000, 0x00000000ed000000|100%| S|CS|TAMS 0x00000000ecf00000, 0x00000000ecf00000| Complete 
| 208|0x00000000ed000000, 0x00000000ed100000, 0x00000000ed100000|100%| S|CS|TAMS 0x00000000ed000000, 0x00000000ed000000| Complete 
| 209|0x00000000ed100000, 0x00000000ed200000, 0x00000000ed200000|100%| S|CS|TAMS 0x00000000ed100000, 0x00000000ed100000| Complete 
| 210|0x00000000ed200000, 0x00000000ed300000, 0x00000000ed300000|100%| S|CS|TAMS 0x00000000ed200000, 0x00000000ed200000| Complete 
| 211|0x00000000ed300000, 0x00000000ed400000, 0x00000000ed400000|100%| S|CS|TAMS 0x00000000ed300000, 0x00000000ed300000| Complete 
| 212|0x00000000ed400000, 0x00000000ed500000, 0x00000000ed500000|100%| S|CS|TAMS 0x00000000ed400000, 0x00000000ed400000| Complete 
| 213|0x00000000ed500000, 0x00000000ed600000, 0x00000000ed600000|100%| S|CS|TAMS 0x00000000ed500000, 0x00000000ed500000| Complete 
| 214|0x00000000ed600000, 0x00000000ed700000, 0x00000000ed700000|100%| S|CS|TAMS 0x00000000ed600000, 0x00000000ed600000| Complete 
| 215|0x00000000ed700000, 0x00000000ed700000, 0x00000000ed800000|  0%| F|  |TAMS 0x00000000ed700000, 0x00000000ed700000| Untracked 
| 216|0x00000000ed800000, 0x00000000ed800000, 0x00000000ed900000|  0%| F|  |TAMS 0x00000000ed800000, 0x00000000ed800000| Untracked 
| 217|0x00000000ed900000, 0x00000000ed900000, 0x00000000eda00000|  0%| F|  |TAMS 0x00000000ed900000, 0x00000000ed900000| Untracked 
| 218|0x00000000eda00000, 0x00000000eda00000, 0x00000000edb00000|  0%| F|  |TAMS 0x00000000eda00000, 0x00000000eda00000| Untracked 
| 219|0x00000000edb00000, 0x00000000edb00000, 0x00000000edc00000|  0%| F|  |TAMS 0x00000000edb00000, 0x00000000edb00000| Untracked 
| 220|0x00000000edc00000, 0x00000000edc00000, 0x00000000edd00000|  0%| F|  |TAMS 0x00000000edc00000, 0x00000000edc00000| Untracked 
| 221|0x00000000edd00000, 0x00000000edd00000, 0x00000000ede00000|  0%| F|  |TAMS 0x00000000edd00000, 0x00000000edd00000| Untracked 
| 222|0x00000000ede00000, 0x00000000ede00000, 0x00000000edf00000|  0%| F|  |TAMS 0x00000000ede00000, 0x00000000ede00000| Untracked 
| 223|0x00000000edf00000, 0x00000000edf00000, 0x00000000ee000000|  0%| F|  |TAMS 0x00000000edf00000, 0x00000000edf00000| Untracked 
| 224|0x00000000ee000000, 0x00000000ee000000, 0x00000000ee100000|  0%| F|  |TAMS 0x00000000ee000000, 0x00000000ee000000| Untracked 
| 225|0x00000000ee100000, 0x00000000ee100000, 0x00000000ee200000|  0%| F|  |TAMS 0x00000000ee100000, 0x00000000ee100000| Untracked 
| 226|0x00000000ee200000, 0x00000000ee200000, 0x00000000ee300000|  0%| F|  |TAMS 0x00000000ee200000, 0x00000000ee200000| Untracked 
| 227|0x00000000ee300000, 0x00000000ee300000, 0x00000000ee400000|  0%| F|  |TAMS 0x00000000ee300000, 0x00000000ee300000| Untracked 
| 228|0x00000000ee400000, 0x00000000ee400000, 0x00000000ee500000|  0%| F|  |TAMS 0x00000000ee400000, 0x00000000ee400000| Untracked 
| 229|0x00000000ee500000, 0x00000000ee500000, 0x00000000ee600000|  0%| F|  |TAMS 0x00000000ee500000, 0x00000000ee500000| Untracked 
| 230|0x00000000ee600000, 0x00000000ee600000, 0x00000000ee700000|  0%| F|  |TAMS 0x00000000ee600000, 0x00000000ee600000| Untracked 
| 231|0x00000000ee700000, 0x00000000ee700000, 0x00000000ee800000|  0%| F|  |TAMS 0x00000000ee700000, 0x00000000ee700000| Untracked 
| 232|0x00000000ee800000, 0x00000000ee800000, 0x00000000ee900000|  0%| F|  |TAMS 0x00000000ee800000, 0x00000000ee800000| Untracked 
| 233|0x00000000ee900000, 0x00000000ee900000, 0x00000000eea00000|  0%| F|  |TAMS 0x00000000ee900000, 0x00000000ee900000| Untracked 
| 234|0x00000000eea00000, 0x00000000eea00000, 0x00000000eeb00000|  0%| F|  |TAMS 0x00000000eea00000, 0x00000000eea00000| Untracked 
| 235|0x00000000eeb00000, 0x00000000eeb00000, 0x00000000eec00000|  0%| F|  |TAMS 0x00000000eeb00000, 0x00000000eeb00000| Untracked 
| 236|0x00000000eec00000, 0x00000000eec00000, 0x00000000eed00000|  0%| F|  |TAMS 0x00000000eec00000, 0x00000000eec00000| Untracked 
| 237|0x00000000eed00000, 0x00000000eed00000, 0x00000000eee00000|  0%| F|  |TAMS 0x00000000eed00000, 0x00000000eed00000| Untracked 
| 238|0x00000000eee00000, 0x00000000eee00000, 0x00000000eef00000|  0%| F|  |TAMS 0x00000000eee00000, 0x00000000eee00000| Untracked 
| 239|0x00000000eef00000, 0x00000000eef00000, 0x00000000ef000000|  0%| F|  |TAMS 0x00000000eef00000, 0x00000000eef00000| Untracked 
| 240|0x00000000ef000000, 0x00000000ef000000, 0x00000000ef100000|  0%| F|  |TAMS 0x00000000ef000000, 0x00000000ef000000| Untracked 
| 241|0x00000000ef100000, 0x00000000ef100000, 0x00000000ef200000|  0%| F|  |TAMS 0x00000000ef100000, 0x00000000ef100000| Untracked 
| 242|0x00000000ef200000, 0x00000000ef200000, 0x00000000ef300000|  0%| F|  |TAMS 0x00000000ef200000, 0x00000000ef200000| Untracked 
| 243|0x00000000ef300000, 0x00000000ef400000, 0x00000000ef400000|100%| E|  |TAMS 0x00000000ef300000, 0x00000000ef300000| Complete 
| 244|0x00000000ef400000, 0x00000000ef500000, 0x00000000ef500000|100%| E|CS|TAMS 0x00000000ef400000, 0x00000000ef400000| Complete 
| 245|0x00000000ef500000, 0x00000000ef600000, 0x00000000ef600000|100%| E|CS|TAMS 0x00000000ef500000, 0x00000000ef500000| Complete 
| 246|0x00000000ef600000, 0x00000000ef700000, 0x00000000ef700000|100%| E|CS|TAMS 0x00000000ef600000, 0x00000000ef600000| Complete 
| 247|0x00000000ef700000, 0x00000000ef800000, 0x00000000ef800000|100%| E|CS|TAMS 0x00000000ef700000, 0x00000000ef700000| Complete 
| 248|0x00000000ef800000, 0x00000000ef900000, 0x00000000ef900000|100%| E|CS|TAMS 0x00000000ef800000, 0x00000000ef800000| Complete 
| 249|0x00000000ef900000, 0x00000000efa00000, 0x00000000efa00000|100%| E|CS|TAMS 0x00000000ef900000, 0x00000000ef900000| Complete 
| 250|0x00000000efa00000, 0x00000000efb00000, 0x00000000efb00000|100%| E|CS|TAMS 0x00000000efa00000, 0x00000000efa00000| Complete 
| 251|0x00000000efb00000, 0x00000000efc00000, 0x00000000efc00000|100%| E|CS|TAMS 0x00000000efb00000, 0x00000000efb00000| Complete 
| 252|0x00000000efc00000, 0x00000000efd00000, 0x00000000efd00000|100%| E|CS|TAMS 0x00000000efc00000, 0x00000000efc00000| Complete 
| 253|0x00000000efd00000, 0x00000000efe00000, 0x00000000efe00000|100%| E|CS|TAMS 0x00000000efd00000, 0x00000000efd00000| Complete 
| 254|0x00000000efe00000, 0x00000000eff00000, 0x00000000eff00000|100%| E|CS|TAMS 0x00000000efe00000, 0x00000000efe00000| Complete 
| 255|0x00000000eff00000, 0x00000000f0000000, 0x00000000f0000000|100%| E|CS|TAMS 0x00000000eff00000, 0x00000000eff00000| Complete 

Card table byte_map: [0x00000261fd370000,0x00000261fd470000] _byte_map_base: 0x00000261fcc70000

Marking Bits (Prev, Next): (CMBitMap*) 0x00000261e8376858, (CMBitMap*) 0x00000261e8376890
 Prev Bits: [0x00000261fd570000, 0x00000261fdd70000)
 Next Bits: [0x00000261fdd70000, 0x00000261fe570000)

Polling page: 0x00000261e8420000

Metaspace:

Usage:
  Non-class:     31.12 MB capacity,    30.45 MB ( 98%) used,   625.14 KB (  2%) free+waste,    61.06 KB ( <1%) overhead. 
      Class:      4.97 MB capacity,     4.66 MB ( 94%) used,   288.63 KB (  6%) free+waste,    29.81 KB ( <1%) overhead. 
       Both:     36.09 MB capacity,    35.10 MB ( 97%) used,   913.77 KB (  2%) free+waste,    90.88 KB ( <1%) overhead. 

Virtual space:
  Non-class space:       32.00 MB reserved,      31.17 MB ( 97%) committed 
      Class space:      248.00 MB reserved,       5.00 MB (  2%) committed 
             Both:      280.00 MB reserved,      36.17 MB ( 13%) committed 

Chunk freelists:
   Non-Class:  55.00 KB
       Class:  1.00 KB
        Both:  56.00 KB

MaxMetaspaceSize: 256.00 MB
CompressedClassSpaceSize: 248.00 MB

CodeHeap 'non-profiled nmethods': size=120064Kb used=2198Kb max_used=2198Kb free=117865Kb
 bounds [0x00000261f5700000, 0x00000261f5970000, 0x00000261fcc40000]
CodeHeap 'profiled nmethods': size=120000Kb used=9300Kb max_used=9300Kb free=110700Kb
 bounds [0x00000261ee1d0000, 0x00000261eeaf0000, 0x00000261f5700000]
CodeHeap 'non-nmethods': size=5696Kb used=2229Kb max_used=2267Kb free=3466Kb
 bounds [0x00000261edc40000, 0x00000261edeb0000, 0x00000261ee1d0000]
 total_blobs=6021 nmethods=3772 adapters=694
 compilation: enabled
              stopped_count=0, restarted_count=0
 full_count=0

Compilation events (20 events):
Event: 10.760 Thread 0x00000261feb64000 3980       3       java.util.regex.Matcher::appendTail (19 bytes)
Event: 10.761 Thread 0x00000261feb64000 nmethod 3980 0x00000261eeae0490 code [0x00000261eeae0680, 0x00000261eeae0a00]
Event: 10.761 Thread 0x00000261feb64000 3981       3       sun.reflect.generics.reflectiveObjects.ParameterizedTypeImpl::toString (209 bytes)
Event: 10.763 Thread 0x00000261feb64000 nmethod 3981 0x00000261eeae0b90 code [0x00000261eeae1020, 0x00000261eeae2e30]
Event: 10.763 Thread 0x00000261feb64000 3982       3       java.util.StringJoiner::setEmptyValue (20 bytes)
Event: 10.763 Thread 0x00000261feb64000 nmethod 3982 0x00000261eeae3810 code [0x00000261eeae3a00, 0x00000261eeae3f60]
Event: 10.763 Thread 0x00000261feb64000 3983       3       java.lang.ClassLoader::createOrGetClassLoaderValueMap (37 bytes)
Event: 10.764 Thread 0x00000261feb64000 nmethod 3983 0x00000261eeae4110 code [0x00000261eeae4320, 0x00000261eeae4910]
Event: 10.764 Thread 0x00000261feb64000 3984       3       java.util.Collections$UnmodifiableMap$UnmodifiableEntrySet$UnmodifiableEntry::getKey (10 bytes)
Event: 10.764 Thread 0x00000261feb64000 nmethod 3984 0x00000261eeae4b10 code [0x00000261eeae4ce0, 0x00000261eeae4f30]
Event: 10.767 Thread 0x00000261feb64000 3985       3       java.util.Collections$SynchronizedCollection::iterator (10 bytes)
Event: 10.767 Thread 0x00000261feb64000 nmethod 3985 0x00000261eeae5010 code [0x00000261eeae51e0, 0x00000261eeae5430]
Event: 10.767 Thread 0x00000261feb64000 3986  s    3       java.util.Hashtable::isEmpty (13 bytes)
Event: 10.768 Thread 0x00000261feb64000 nmethod 3986 0x00000261eeae5510 code [0x00000261eeae56c0, 0x00000261eeae5a38]
Event: 10.768 Thread 0x00000261feb64000 3987       3       java.util.Hashtable$Enumerator::<init> (51 bytes)
Event: 10.768 Thread 0x00000261feb64000 nmethod 3987 0x00000261eeae5b10 code [0x00000261eeae5ce0, 0x00000261eeae5f98]
Event: 10.768 Thread 0x00000261feb64000 3988       3       groovy.lang.MetaClassImpl$1::compare (13 bytes)
Event: 10.769 Thread 0x00000261feb64000 nmethod 3988 0x00000261eeae6090 code [0x00000261eeae62c0, 0x00000261eeae6af0]
Event: 10.769 Thread 0x00000261feb64000 3989       3       groovy.lang.MetaClassImpl$1::compare (12 bytes)
Event: 10.769 Thread 0x00000261feb64000 nmethod 3989 0x00000261eeae6d90 code [0x00000261eeae6fa0, 0x00000261eeae7570]

GC Heap History (14 events):
Event: 0.812 GC heap before
{Heap before GC invocations=0 (full 0):
 garbage-first heap   total 262144K, used 18432K [0x00000000e0000000, 0x0000000100000000)
  region size 1024K, 14 young (14336K), 0 survivors (0K)
 Metaspace       used 2724K, capacity 5718K, committed 5760K, reserved 262144K
  class space    used 333K, capacity 630K, committed 640K, reserved 253952K
}
Event: 0.822 GC heap after
{Heap after GC invocations=1 (full 0):
 garbage-first heap   total 262144K, used 7302K [0x00000000e0000000, 0x0000000100000000)
  region size 1024K, 2 young (2048K), 2 survivors (2048K)
 Metaspace       used 2724K, capacity 5718K, committed 5760K, reserved 262144K
  class space    used 333K, capacity 630K, committed 640K, reserved 253952K
}
Event: 1.148 GC heap before
{Heap before GC invocations=1 (full 0):
 garbage-first heap   total 262144K, used 18566K [0x00000000e0000000, 0x0000000100000000)
  region size 1024K, 13 young (13312K), 2 survivors (2048K)
 Metaspace       used 3848K, capacity 6508K, committed 6656K, reserved 262144K
  class space    used 486K, capacity 765K, committed 768K, reserved 253952K
}
Event: 1.151 GC heap after
{Heap after GC invocations=2 (full 0):
 garbage-first heap   total 262144K, used 7830K [0x00000000e0000000, 0x0000000100000000)
  region size 1024K, 1 young (1024K), 1 survivors (1024K)
 Metaspace       used 3848K, capacity 6508K, committed 6656K, reserved 262144K
  class space    used 486K, capacity 765K, committed 768K, reserved 253952K
}
Event: 2.102 GC heap before
{Heap before GC invocations=2 (full 0):
 garbage-first heap   total 262144K, used 38550K [0x00000000e0000000, 0x0000000100000000)
  region size 1024K, 31 young (31744K), 1 survivors (1024K)
 Metaspace       used 5993K, capacity 7733K, committed 8064K, reserved 262144K
  class space    used 827K, capacity 1029K, committed 1152K, reserved 253952K
}
Event: 2.107 GC heap after
{Heap after GC invocations=3 (full 0):
 garbage-first heap   total 262144K, used 12940K [0x00000000e0000000, 0x0000000100000000)
  region size 1024K, 4 young (4096K), 4 survivors (4096K)
 Metaspace       used 5993K, capacity 7733K, committed 8064K, reserved 262144K
  class space    used 827K, capacity 1029K, committed 1152K, reserved 253952K
}
Event: 3.921 GC heap before
{Heap before GC invocations=3 (full 0):
 garbage-first heap   total 262144K, used 53900K [0x00000000e0000000, 0x0000000100000000)
  region size 1024K, 44 young (45056K), 4 survivors (4096K)
 Metaspace       used 13056K, capacity 13460K, committed 13696K, reserved 266240K
  class space    used 1909K, capacity 2050K, committed 2176K, reserved 253952K
}
Event: 3.928 GC heap after
{Heap after GC invocations=4 (full 0):
 garbage-first heap   total 262144K, used 15733K [0x00000000e0000000, 0x0000000100000000)
  region size 1024K, 3 young (3072K), 3 survivors (3072K)
 Metaspace       used 13056K, capacity 13460K, committed 13696K, reserved 266240K
  class space    used 1909K, capacity 2050K, committed 2176K, reserved 253952K
}
Event: 6.013 GC heap before
{Heap before GC invocations=4 (full 0):
 garbage-first heap   total 262144K, used 75125K [0x00000000e0000000, 0x0000000100000000)
  region size 1024K, 52 young (53248K), 3 survivors (3072K)
 Metaspace       used 20553K, capacity 21145K, committed 21296K, reserved 272384K
  class space    used 2927K, capacity 3142K, committed 3200K, reserved 253952K
}
Event: 6.027 GC heap after
{Heap after GC invocations=5 (full 0):
 garbage-first heap   total 262144K, used 31331K [0x00000000e0000000, 0x0000000100000000)
  region size 1024K, 7 young (7168K), 7 survivors (7168K)
 Metaspace       used 20553K, capacity 21145K, committed 21296K, reserved 272384K
  class space    used 2927K, capacity 3142K, committed 3200K, reserved 253952K
}
Event: 8.600 GC heap before
{Heap before GC invocations=6 (full 0):
 garbage-first heap   total 262144K, used 116323K [0x00000000e0000000, 0x0000000100000000)
  region size 1024K, 87 young (89088K), 7 survivors (7168K)
 Metaspace       used 31965K, capacity 32686K, committed 32816K, reserved 282624K
  class space    used 4337K, capacity 4615K, committed 4736K, reserved 253952K
}
Event: 8.616 GC heap after
{Heap after GC invocations=7 (full 0):
 garbage-first heap   total 262144K, used 36952K [0x00000000e0000000, 0x0000000100000000)
  region size 1024K, 10 young (10240K), 10 survivors (10240K)
 Metaspace       used 31965K, capacity 32686K, committed 32816K, reserved 282624K
  class space    used 4337K, capacity 4615K, committed 4736K, reserved 253952K
}
Event: 10.404 GC heap before
{Heap before GC invocations=7 (full 0):
 garbage-first heap   total 262144K, used 77912K [0x00000000e0000000, 0x0000000100000000)
  region size 1024K, 51 young (52224K), 10 survivors (10240K)
 Metaspace       used 34945K, capacity 35805K, committed 35888K, reserved 286720K
  class space    used 4603K, capacity 4920K, committed 4992K, reserved 253952K
}
Event: 10.427 GC heap after
{Heap after GC invocations=8 (full 0):
 garbage-first heap   total 262144K, used 40524K [0x00000000e0000000, 0x0000000100000000)
  region size 1024K, 10 young (10240K), 10 survivors (10240K)
 Metaspace       used 34945K, capacity 35805K, committed 35888K, reserved 286720K
  class space    used 4603K, capacity 4920K, committed 4992K, reserved 253952K
}

Deoptimization events (20 events):
Event: 10.392 Thread 0x0000026182e3c800 Uncommon trap: trap_request=0xffffff4d fr.pc=0x00000261f59085cc relative=0x000000000000566c
Event: 10.392 Thread 0x0000026182e3c800 Uncommon trap: reason=unstable_if action=reinterpret pc=0x00000261f59085cc method=org.objectweb.asm.Frame.execute(IILorg/objectweb/asm/Symbol;Lorg/objectweb/asm/SymbolTable;)V @ 1 c2
Event: 10.392 Thread 0x0000026182e3c800 DEOPT PACKING pc=0x00000261f59085cc sp=0x0000007b0f7fbb70
Event: 10.392 Thread 0x0000026182e3c800 DEOPT UNPACKING pc=0x00000261edc6922f sp=0x0000007b0f7fbb18 mode 2
Event: 10.484 Thread 0x0000026182e3c800 Uncommon trap: trap_request=0xffffff4d fr.pc=0x00000261f58fafe8 relative=0x0000000000000da8
Event: 10.484 Thread 0x0000026182e3c800 Uncommon trap: reason=unstable_if action=reinterpret pc=0x00000261f58fafe8 method=org.objectweb.asm.Type.appendDescriptor(Ljava/lang/Class;Ljava/lang/StringBuilder;)V @ 6 c2
Event: 10.484 Thread 0x0000026182e3c800 DEOPT PACKING pc=0x00000261f58fafe8 sp=0x0000007b0f7f8f10
Event: 10.484 Thread 0x0000026182e3c800 DEOPT UNPACKING pc=0x00000261edc6922f sp=0x0000007b0f7f8ef8 mode 2
Event: 10.565 Thread 0x0000026182e3c800 Uncommon trap: trap_request=0xffffff4d fr.pc=0x00000261f57cacb8 relative=0x0000000000000278
Event: 10.565 Thread 0x0000026182e3c800 Uncommon trap: reason=unstable_if action=reinterpret pc=0x00000261f57cacb8 method=java.util.HashMap.hash(Ljava/lang/Object;)I @ 1 c2
Event: 10.565 Thread 0x0000026182e3c800 DEOPT PACKING pc=0x00000261f57cacb8 sp=0x0000007b0f7f9740
Event: 10.565 Thread 0x0000026182e3c800 DEOPT UNPACKING pc=0x00000261edc6922f sp=0x0000007b0f7f9678 mode 2
Event: 10.565 Thread 0x0000026182e3c800 Uncommon trap: trap_request=0xffffff4d fr.pc=0x00000261f57bd284 relative=0x0000000000000704
Event: 10.565 Thread 0x0000026182e3c800 Uncommon trap: reason=unstable_if action=reinterpret pc=0x00000261f57bd284 method=java.util.HashMap.hash(Ljava/lang/Object;)I @ 1 c2
Event: 10.565 Thread 0x0000026182e3c800 DEOPT PACKING pc=0x00000261f57bd284 sp=0x0000007b0f7f96f0
Event: 10.565 Thread 0x0000026182e3c800 DEOPT UNPACKING pc=0x00000261edc6922f sp=0x0000007b0f7f9670 mode 2
Event: 10.565 Thread 0x0000026182e3c800 Uncommon trap: trap_request=0xffffff4d fr.pc=0x00000261f57a9ed0 relative=0x00000000000006f0
Event: 10.565 Thread 0x0000026182e3c800 Uncommon trap: reason=unstable_if action=reinterpret pc=0x00000261f57a9ed0 method=java.util.HashMap.putVal(ILjava/lang/Object;Ljava/lang/Object;ZZ)Ljava/lang/Object; @ 85 c2
Event: 10.565 Thread 0x0000026182e3c800 DEOPT PACKING pc=0x00000261f57a9ed0 sp=0x0000007b0f7f9660
Event: 10.565 Thread 0x0000026182e3c800 DEOPT UNPACKING pc=0x00000261edc6922f sp=0x0000007b0f7f9618 mode 2

Classes redefined (0 events):
No events

Internal exceptions (20 events):
Event: 10.209 Thread 0x0000026182e3c800 Exception <a 'java/security/PrivilegedActionException'{0x00000000eda29c98}> (0x00000000eda29c98) thrown at [./src/hotspot/share/prims/jvm.cpp, line 1297]
Event: 10.209 Thread 0x0000026182e3c800 Exception <a 'java/security/PrivilegedActionException'{0x00000000eda33cb8}> (0x00000000eda33cb8) thrown at [./src/hotspot/share/prims/jvm.cpp, line 1297]
Event: 10.209 Thread 0x0000026182e3c800 Exception <a 'java/security/PrivilegedActionException'{0x00000000eda34cd0}> (0x00000000eda34cd0) thrown at [./src/hotspot/share/prims/jvm.cpp, line 1297]
Event: 10.210 Thread 0x0000026182e3c800 Exception <a 'java/security/PrivilegedActionException'{0x00000000eda3bfd8}> (0x00000000eda3bfd8) thrown at [./src/hotspot/share/prims/jvm.cpp, line 1297]
Event: 10.210 Thread 0x0000026182e3c800 Exception <a 'java/security/PrivilegedActionException'{0x00000000eda3cff0}> (0x00000000eda3cff0) thrown at [./src/hotspot/share/prims/jvm.cpp, line 1297]
Event: 10.210 Thread 0x0000026182e3c800 Exception <a 'java/lang/ClassNotFoundException'{0x00000000eda44a70}: org/codehaus/groovy/runtime/GStringImplBeanInfo> (0x00000000eda44a70) thrown at [./src/hotspot/share/classfile/systemDictionary.cpp, line 231]
Event: 10.210 Thread 0x0000026182e3c800 Exception <a 'java/security/PrivilegedActionException'{0x00000000eda4b628}> (0x00000000eda4b628) thrown at [./src/hotspot/share/prims/jvm.cpp, line 1297]
Event: 10.211 Thread 0x0000026182e3c800 Exception <a 'java/security/PrivilegedActionException'{0x00000000eda4c640}> (0x00000000eda4c640) thrown at [./src/hotspot/share/prims/jvm.cpp, line 1297]
Event: 10.211 Thread 0x0000026182e3c800 Exception <a 'java/security/PrivilegedActionException'{0x00000000eda566b8}> (0x00000000eda566b8) thrown at [./src/hotspot/share/prims/jvm.cpp, line 1297]
Event: 10.211 Thread 0x0000026182e3c800 Exception <a 'java/security/PrivilegedActionException'{0x00000000eda576d0}> (0x00000000eda576d0) thrown at [./src/hotspot/share/prims/jvm.cpp, line 1297]
Event: 10.211 Thread 0x0000026182e3c800 Exception <a 'java/security/PrivilegedActionException'{0x00000000eda5e9e0}> (0x00000000eda5e9e0) thrown at [./src/hotspot/share/prims/jvm.cpp, line 1297]
Event: 10.211 Thread 0x0000026182e3c800 Exception <a 'java/security/PrivilegedActionException'{0x00000000eda5f9f8}> (0x00000000eda5f9f8) thrown at [./src/hotspot/share/prims/jvm.cpp, line 1297]
Event: 10.212 Thread 0x0000026182e3c800 Exception <a 'java/lang/ClassNotFoundException'{0x00000000eda67480}: org/codehaus/groovy/runtime/GStringImplCustomizer> (0x00000000eda67480) thrown at [./src/hotspot/share/classfile/systemDictionary.cpp, line 231]
Event: 10.214 Thread 0x0000026182e3c800 Implicit null exception at 0x00000261f584546f to 0x00000261f584552a
Event: 10.565 Thread 0x0000026182e3c800 Implicit null exception at 0x00000261f57caa84 to 0x00000261f57cacae
Event: 10.565 Thread 0x0000026182e3c800 Implicit null exception at 0x00000261f57bcbcb to 0x00000261f57bd268
Event: 10.756 Thread 0x0000026182e3c800 Exception <a 'java/lang/ClassNotFoundException'{0x00000000ef655640}: org/gradle/api/internal/project/DefaultProject_DecoratedBeanInfo> (0x00000000ef655640) thrown at [./src/hotspot/share/classfile/systemDictionary.cpp, line 231]
Event: 10.756 Thread 0x0000026182e3c800 Exception <a 'java/lang/ClassNotFoundException'{0x00000000ef665c40}: org/gradle/api/internal/project/DefaultProjectBeanInfo> (0x00000000ef665c40) thrown at [./src/hotspot/share/classfile/systemDictionary.cpp, line 231]
Event: 10.757 Thread 0x0000026182e3c800 Exception <a 'java/lang/ClassNotFoundException'{0x00000000ef676208}: org/gradle/api/internal/project/DefaultProjectCustomizer> (0x00000000ef676208) thrown at [./src/hotspot/share/classfile/systemDictionary.cpp, line 231]
Event: 10.765 Thread 0x0000026182e3c800 Exception <a 'java/lang/ClassNotFoundException'{0x00000000ef50ec18}: org/gradle/api/internal/project/DefaultProject_DecoratedCustomizer> (0x00000000ef50ec18) thrown at [./src/hotspot/share/classfile/systemDictionary.cpp, line 231]

Events (20 events):
Event: 10.765 loading class org/gradle/api/internal/project/DefaultProject_DecoratedCustomizer
Event: 10.765 loading class org/gradle/api/internal/project/DefaultProject_DecoratedCustomizer done
Event: 10.765 loading class org/gradle/api/internal/project/DefaultProject_DecoratedCustomizer
Event: 10.765 loading class org/gradle/api/internal/project/DefaultProject_DecoratedCustomizer done
Event: 10.765 loading class org/gradle/api/internal/project/DefaultProject_DecoratedCustomizer
Event: 10.765 loading class org/gradle/api/internal/project/DefaultProject_DecoratedCustomizer done
Event: 10.769 loading class org/xml/sax/Locator
Event: 10.769 loading class org/xml/sax/Locator done
Event: 10.769 loading class org/xml/sax/SAXParseException
Event: 10.769 loading class org/xml/sax/SAXException
Event: 10.770 loading class org/xml/sax/SAXException done
Event: 10.770 loading class org/xml/sax/SAXParseException done
Event: 10.770 loading class org/apache/tools/ant/BuildLogger
Event: 10.770 loading class org/apache/tools/ant/BuildLogger done
Event: 10.770 loading class org/apache/tools/ant/BuildListener
Event: 10.770 loading class org/apache/tools/ant/BuildListener done
Event: 10.771 loading class org/apache/tools/ant/DemuxInputStream
Event: 10.771 loading class org/apache/tools/ant/DemuxInputStream done
Event: 10.771 loading class org/apache/tools/ant/DemuxOutputStream
Event: 10.771 loading class org/apache/tools/ant/DemuxOutputStream done


Dynamic libraries:
0x00007ff6f1b40000 - 0x00007ff6f1b4a000 	C:\Program Files\JetBrains\IntelliJ IDEA Community Edition 2020.1.3\jbr\bin\java.exe
0x00007ff90b860000 - 0x00007ff90ba50000 	C:\WINDOWS\SYSTEM32\ntdll.dll
0x00007ff909b60000 - 0x00007ff909c12000 	C:\WINDOWS\System32\KERNEL32.DLL
0x00007ff908c80000 - 0x00007ff908f24000 	C:\WINDOWS\System32\KERNELBASE.dll
0x00007ff9087f0000 - 0x00007ff9088ea000 	C:\WINDOWS\System32\ucrtbase.dll
0x00007ff8e4630000 - 0x00007ff8e4649000 	C:\Program Files\JetBrains\IntelliJ IDEA Community Edition 2020.1.3\jbr\bin\jli.dll
0x00007ff90b390000 - 0x00007ff90b524000 	C:\WINDOWS\System32\USER32.dll
0x00007ff9098e0000 - 0x00007ff909901000 	C:\WINDOWS\System32\win32u.dll
0x00007ff909c20000 - 0x00007ff909c46000 	C:\WINDOWS\System32\GDI32.dll
0x00007ff908f60000 - 0x00007ff9090f5000 	C:\WINDOWS\System32\gdi32full.dll
0x00007ff908ac0000 - 0x00007ff908b5e000 	C:\WINDOWS\System32\msvcp_win.dll
0x00007ff8e38d0000 - 0x00007ff8e38e7000 	C:\Program Files\JetBrains\IntelliJ IDEA Community Edition 2020.1.3\jbr\bin\VCRUNTIME140.dll
0x00007ff8f7770000 - 0x00007ff8f79f4000 	C:\WINDOWS\WinSxS\amd64_microsoft.windows.common-controls_6595b64144ccf1df_6.0.18362.900_none_e6beb9d913147d17\COMCTL32.dll
0x00007ff9099b0000 - 0x00007ff909a4e000 	C:\WINDOWS\System32\msvcrt.dll
0x00007ff90aed0000 - 0x00007ff90b205000 	C:\WINDOWS\System32\combase.dll
0x00007ff90a160000 - 0x00007ff90a280000 	C:\WINDOWS\System32\RPCRT4.dll
0x00007ff9088f0000 - 0x00007ff908970000 	C:\WINDOWS\System32\bcryptPrimitives.dll
0x00007ff90b740000 - 0x00007ff90b76e000 	C:\WINDOWS\System32\IMM32.DLL
0x00007ff8c4b30000 - 0x00007ff8c4bcd000 	C:\Program Files\JetBrains\IntelliJ IDEA Community Edition 2020.1.3\jbr\bin\msvcp140.dll
0x00007ff89dc00000 - 0x00007ff89e6bb000 	C:\Program Files\JetBrains\IntelliJ IDEA Community Edition 2020.1.3\jbr\bin\server\jvm.dll
0x00007ff909a50000 - 0x00007ff909af3000 	C:\WINDOWS\System32\ADVAPI32.dll
0x00007ff909910000 - 0x00007ff9099a7000 	C:\WINDOWS\System32\sechost.dll
0x00007ff90a280000 - 0x00007ff90a288000 	C:\WINDOWS\System32\PSAPI.DLL
0x00007ff8f2520000 - 0x00007ff8f2529000 	C:\WINDOWS\SYSTEM32\WSOCK32.dll
0x00007ff90b270000 - 0x00007ff90b2df000 	C:\WINDOWS\System32\WS2_32.dll
0x00007ff906590000 - 0x00007ff9065b4000 	C:\WINDOWS\SYSTEM32\WINMM.dll
0x00007ff8f7a10000 - 0x00007ff8f7a1a000 	C:\WINDOWS\SYSTEM32\VERSION.dll
0x00007ff9062c0000 - 0x00007ff9062ed000 	C:\WINDOWS\SYSTEM32\WINMMBASE.dll
0x00007ff908b60000 - 0x00007ff908baa000 	C:\WINDOWS\System32\cfgmgr32.dll
0x00007ff908730000 - 0x00007ff908741000 	C:\WINDOWS\System32\kernel.appcore.dll
0x00007ff8fbec0000 - 0x00007ff8fbed1000 	C:\Program Files\JetBrains\IntelliJ IDEA Community Edition 2020.1.3\jbr\bin\verify.dll
0x00007ff907120000 - 0x00007ff907314000 	C:\WINDOWS\SYSTEM32\DBGHELP.DLL
0x00007ff8f1480000 - 0x00007ff8f14aa000 	C:\WINDOWS\SYSTEM32\dbgcore.DLL
0x00007ff8fbb90000 - 0x00007ff8fbbb9000 	C:\Program Files\JetBrains\IntelliJ IDEA Community Edition 2020.1.3\jbr\bin\java.dll
0x00007ff8f2c60000 - 0x00007ff8f2c78000 	C:\Program Files\JetBrains\IntelliJ IDEA Community Edition 2020.1.3\jbr\bin\zip.dll
0x00007ff904bd0000 - 0x00007ff904bdb000 	C:\Program Files\JetBrains\IntelliJ IDEA Community Edition 2020.1.3\jbr\bin\jimage.dll
0x00007ff90a310000 - 0x00007ff90a9f6000 	C:\WINDOWS\System32\SHELL32.dll
0x00007ff909f00000 - 0x00007ff909fa9000 	C:\WINDOWS\System32\shcore.dll
0x00007ff909160000 - 0x00007ff9098e0000 	C:\WINDOWS\System32\windows.storage.dll
0x00007ff908750000 - 0x00007ff908773000 	C:\WINDOWS\System32\profapi.dll
0x00007ff9087a0000 - 0x00007ff9087ea000 	C:\WINDOWS\System32\powrprof.dll
0x00007ff908720000 - 0x00007ff908730000 	C:\WINDOWS\System32\UMPDC.dll
0x00007ff90b210000 - 0x00007ff90b262000 	C:\WINDOWS\System32\shlwapi.dll
0x00007ff908c60000 - 0x00007ff908c77000 	C:\WINDOWS\System32\cryptsp.dll
0x00007ff8f2c40000 - 0x00007ff8f2c5a000 	C:\Program Files\JetBrains\IntelliJ IDEA Community Edition 2020.1.3\jbr\bin\net.dll
0x00007ff8f7ba0000 - 0x00007ff8f7c90000 	C:\WINDOWS\SYSTEM32\WINHTTP.dll
0x00007ff907f30000 - 0x00007ff907f97000 	C:\WINDOWS\system32\mswsock.dll
0x00007ff8f2ae0000 - 0x00007ff8f2af4000 	C:\Program Files\JetBrains\IntelliJ IDEA Community Edition 2020.1.3\jbr\bin\nio.dll
0x00007ff904c40000 - 0x00007ff904c66000 	C:\Users\Michael\.gradle\native\29\windows-amd64\native-platform.dll
0x00007ff902780000 - 0x00007ff90278a000 	C:\Program Files\JetBrains\IntelliJ IDEA Community Edition 2020.1.3\jbr\bin\management.dll
0x00007ff901610000 - 0x00007ff90161c000 	C:\Program Files\JetBrains\IntelliJ IDEA Community Edition 2020.1.3\jbr\bin\management_ext.dll
0x00007ff907aa0000 - 0x00007ff907ad3000 	C:\WINDOWS\system32\rsaenh.dll
0x00007ff908f30000 - 0x00007ff908f56000 	C:\WINDOWS\System32\bcrypt.dll
0x00007ff908640000 - 0x00007ff908665000 	C:\WINDOWS\SYSTEM32\USERENV.dll
0x00007ff908100000 - 0x00007ff90810c000 	C:\WINDOWS\SYSTEM32\CRYPTBASE.dll
0x00007ff907c40000 - 0x00007ff907c7a000 	C:\WINDOWS\SYSTEM32\IPHLPAPI.DLL
0x00007ff90b360000 - 0x00007ff90b368000 	C:\WINDOWS\System32\NSI.dll
0x00007ff8fb070000 - 0x00007ff8fb086000 	C:\WINDOWS\SYSTEM32\dhcpcsvc6.DLL
0x00007ff8fb140000 - 0x00007ff8fb15c000 	C:\WINDOWS\SYSTEM32\dhcpcsvc.DLL
0x00007ff907c80000 - 0x00007ff907d4b000 	C:\WINDOWS\SYSTEM32\DNSAPI.dll

dbghelp: loaded successfully - version: 4.0.5 - missing functions: none
symbol engine: initialized successfully - sym options: 0x614 - pdb path: .;C:\Program Files\JetBrains\IntelliJ IDEA Community Edition 2020.1.3\jbr\bin;C:\WINDOWS\SYSTEM32;C:\WINDOWS\WinSxS\amd64_microsoft.windows.common-controls_6595b64144ccf1df_6.0.18362.900_none_e6beb9d913147d17;C:\Program Files\JetBrains\IntelliJ IDEA Community Edition 2020.1.3\jbr\bin\server;C:\Users\Michael\.gradle\native\29\windows-amd64

VM Arguments:
jvm_args: -XX:MaxMetaspaceSize=256m -XX:+HeapDumpOnOutOfMemoryError --add-opens=java.base/java.util=ALL-UNNAMED --add-opens=java.base/java.lang=ALL-UNNAMED --add-opens=java.base/java.lang.invoke=ALL-UNNAMED --add-opens=java.prefs/java.util.prefs=ALL-UNNAMED -Xms256m -Xmx512m -Dfile.encoding=windows-1252 -Duser.country=US -Duser.language=en -Duser.variant 
java_command: org.gradle.launcher.daemon.bootstrap.GradleDaemon 5.3.1
java_class_path (initial): C:\Users\Michael\.gradle\wrapper\dists\gradle-5.3.1-bin\2mv1mot0raqcfrc13vm075008\gradle-5.3.1\lib\gradle-launcher-5.3.1.jar
Launcher Type: SUN_STANDARD

[Global flags]
     intx CICompilerCount                          = 3                                         {product} {ergonomic}
   size_t CompressedClassSpaceSize                 = 260046848                                 {product} {ergonomic}
     uint ConcGCThreads                            = 1                                         {product} {ergonomic}
     uint G1ConcRefinementThreads                  = 4                                         {product} {ergonomic}
   size_t G1HeapRegionSize                         = 1048576                                   {product} {ergonomic}
    uintx GCDrainStackTargetSize                   = 64                                        {product} {ergonomic}
     bool HeapDumpOnOutOfMemoryError               = true                                   {manageable} {command line}
   size_t InitialHeapSize                          = 268435456                                 {product} {command line}
   size_t MarkStackSize                            = 4194304                                   {product} {ergonomic}
   size_t MaxHeapSize                              = 536870912                                 {product} {command line}
   size_t MaxMetaspaceSize                         = 268435456                                 {product} {command line}
   size_t MaxNewSize                               = 321912832                                 {product} {ergonomic}
   size_t MinHeapDeltaBytes                        = 1048576                                   {product} {ergonomic}
    uintx NonNMethodCodeHeapSize                   = 5830732                                {pd product} {ergonomic}
    uintx NonProfiledCodeHeapSize                  = 122913754                              {pd product} {ergonomic}
    uintx ProfiledCodeHeapSize                     = 122913754                              {pd product} {ergonomic}
    uintx ReservedCodeCacheSize                    = 251658240                              {pd product} {ergonomic}
     bool SegmentedCodeCache                       = true                                      {product} {ergonomic}
     bool UseCompressedClassPointers               = true                                 {lp64_product} {ergonomic}
     bool UseCompressedOops                        = true                                 {lp64_product} {ergonomic}
     bool UseG1GC                                  = true                                      {product} {ergonomic}
     bool UseLargePagesIndividualAllocation        = false                                  {pd product} {ergonomic}

Logging:
Log output configuration:
 #0: stdout all=warning uptime,level,tags
 #1: stderr all=off uptime,level,tags

Environment Variables:
JAVA_HOME=C:\Program Files\Java\jdk-13
PATH=C:\Program Files (x86)\Common Files\Oracle\Java\javapath;C:\ProgramData\Oracle\Java\javapath;C:\Windows\System32;C:\Windows;C:\Windows\System32\wbem;C:\Windows\System32\WindowsPowerShell\v1.0\;C:\Android;C:\Windows\System32;C:\Windows\System32\OpenSSH\;C:\Program Files (x86)\GnuPG\bin;C:\Program Files (x86)\Intel\Intel(R) Management Engine Components\DAL;C:\Program Files\Intel\Intel(R) Management Engine Components\DAL;C:\Program Files\Java\jdk-13;C:\Program Files\Intel\WiFi\bin\;C:\Program Files\Common Files\Intel\WirelessCommon\;C:\Program Files\Git\cmd;C:\MinGW\bin;C:\Users\Michael\AppData\Local\Microsoft\WindowsApps;C:\Users\Michael\AppData\Local\atom\bin;C:\Users\Michael\AppData\Local\Microsoft\WindowsApps;;C:\Program Files\JetBrains\IntelliJ IDEA Community Edition 2020.1.3\bin;
USERNAME=Michael
OS=Windows_NT
PROCESSOR_IDENTIFIER=Intel64 Family 6 Model 142 Stepping 9, GenuineIntel



---------------  S Y S T E M  ---------------

OS: Windows 10 , 64 bit Build 18362 (10.0.18362.900)
OS uptime: 0 days 0:49 hours

CPU:total 4 (initial active 4) (2 cores per cpu, 2 threads per core) family 6 model 142 stepping 9, cmov, cx8, fxsr, mmx, sse, sse2, sse3, ssse3, sse4.1, sse4.2, popcnt, avx, avx2, aes, clmul, erms, 3dnowpref, lzcnt, ht, tsc, tscinvbit, bmi1, bmi2, adx, fma

Memory: 4k page, system-wide physical 8058M (1765M free)
TotalPageFile size 8058M (AvailPageFile size 3M)
current process WorkingSet (physical memory assigned to process): 279M, peak: 279M
current process commit charge ("private bytes"): 437M, peak: 437M

vm_info: OpenJDK 64-Bit Server VM (11.0.7+10-b765.64) for windows-amd64 JRE (11.0.7+10-b765.64), built on Jun 22 2020 14:48:21 by "" with MS VC++ 14.0 (VS2015)

END.
