#
# There is insufficient memory for the Java Runtime Environment to continue.
# Native memory allocation (mmap) failed to map 67108864 bytes for Failed to commit area from 0x00000000fc000000 to 0x0000000100000000 of length 67108864.
# Possible reasons:
#   The system is out of physical RAM or swap space
#   The process is running with CompressedOops enabled, and the Java Heap may be blocking the growth of the native heap
# Possible solutions:
#   Reduce memory load on the system
#   Increase physical memory or swap space
#   Check if swap backing store is full
#   Decrease Java heap size (-Xmx/-Xms)
#   Decrease number of Java threads
#   Decrease Java thread stack sizes (-Xss)
#   Set larger code cache with -XX:ReservedCodeCacheSize=
# This output file may be truncated or incomplete.
#
#  Out of Memory Error (./src/hotspot/os/windows/os_windows.cpp:3303), pid=5832, tid=4716
#
# JRE version:  (11.0.7+10) (build )
# Java VM: OpenJDK 64-Bit Server VM (11.0.7+10-b765.64, mixed mode, sharing, tiered, compressed oops, g1 gc, windows-amd64)
# No core dump will be written. Minidumps are not enabled by default on client versions of Windows
#

---------------  S U M M A R Y ------------

Command Line: -Xmx64m -Xms64m -Dorg.gradle.appname=gradlew org.gradle.wrapper.GradleWrapperMain :Encryption-Decryption-task:testClasses

Host: Intel(R) Core(TM) i5-7200U CPU @ 2.50GHz, 4 cores, 7G,  Windows 10 , 64 bit Build 18362 (10.0.18362.900)
Time: Fri Jul 17 00:11:37 2020 Central Europe Daylight Time elapsed time: 0 seconds (0d 0h 0m 0s)

---------------  T H R E A D  ---------------

Current thread (0x0000016c5e7d3000):  JavaThread "Unknown thread" [_thread_in_vm, id=4716, stack(0x000000586ce00000,0x000000586cf00000)]

Stack: [0x000000586ce00000,0x000000586cf00000]
Native frames: (J=compiled Java code, j=interpreted, Vv=VM code, C=native code)
V  [jvm.dll+0x5dda4a]
V  [jvm.dll+0x711595]
V  [jvm.dll+0x712aed]
V  [jvm.dll+0x7131a3]
V  [jvm.dll+0x23e368]
V  [jvm.dll+0x5daf04]
V  [jvm.dll+0x5d0085]
V  [jvm.dll+0x2fb0cb]
V  [jvm.dll+0x2fb03a]
V  [jvm.dll+0x2faf12]
V  [jvm.dll+0x2ffdf6]
V  [jvm.dll+0x348393]
V  [jvm.dll+0x348a96]
V  [jvm.dll+0x348493]
V  [jvm.dll+0x2d59e8]
V  [jvm.dll+0x2d6b87]
V  [jvm.dll+0x6f04e7]
V  [jvm.dll+0x6f1cdc]
V  [jvm.dll+0x355909]
V  [jvm.dll+0x6d42ae]
V  [jvm.dll+0x3bda13]
V  [jvm.dll+0x3bfc51]
C  [jli.dll+0x5363]
C  [ucrtbase.dll+0x20e82]
C  [KERNEL32.DLL+0x17bd4]
C  [ntdll.dll+0x6ce51]


---------------  P R O C E S S  ---------------

Threads class SMR info:
_java_thread_list=0x0000016c5c72a5d0, length=0, elements={
}

Java Threads: ( => current thread )

Other Threads:
  0x0000016c5e7ec800 GCTaskThread "GC Thread#0" [stack: 0x000000586cf00000,0x000000586d000000] [id=7292]
  0x0000016c5e7f6000 ConcurrentGCThread "G1 Main Marker" [stack: 0x000000586d000000,0x000000586d100000] [id=13832]
  0x0000016c5e7f7000 ConcurrentGCThread "G1 Conc#0" [stack: 0x000000586d100000,0x000000586d200000] [id=6436]

[error occurred during error reporting (printing all threads), id 0xc0000005, EXCEPTION_ACCESS_VIOLATION (0xc0000005) at pc=0x00007ffb08cd5fc7]

VM state:not at safepoint (not fully initialized)

VM Mutex/Monitor currently owned by a thread:  ([mutex/lock_event])
[0x0000016c5e7cf530] Heap_lock - owner thread: 0x0000016c5e7d3000

Heap address: 0x00000000fc000000, size: 64 MB, Compressed Oops mode: Non-zero based: 0x00000000fc000000
Narrow klass base: 0x0000000000000000, Narrow klass shift: 0

GC Heap History (0 events):
No events

Deoptimization events (0 events):
No events

Classes redefined (0 events):
No events

Internal exceptions (0 events):
No events

Events (2 events):
Event: 0.009 Loaded shared library C:\Program Files\JetBrains\IntelliJ IDEA Community Edition 2020.1.3\jbr\bin\zip.dll
Event: 0.009 Loaded shared library C:\Program Files\JetBrains\IntelliJ IDEA Community Edition 2020.1.3\jbr\bin\jimage.dll


Dynamic libraries:
0x00007ff7edf10000 - 0x00007ff7edf1a000 	C:\Program Files\JetBrains\IntelliJ IDEA Community Edition 2020.1.3\jbr\bin\java.exe
0x00007ffb53e60000 - 0x00007ffb54050000 	C:\WINDOWS\SYSTEM32\ntdll.dll
0x00007ffb533b0000 - 0x00007ffb53462000 	C:\WINDOWS\System32\KERNEL32.DLL
0x00007ffb517a0000 - 0x00007ffb51a44000 	C:\WINDOWS\System32\KERNELBASE.dll
0x00007ffb51a50000 - 0x00007ffb51b4a000 	C:\WINDOWS\System32\ucrtbase.dll
0x00007ffb25350000 - 0x00007ffb25367000 	C:\Program Files\JetBrains\IntelliJ IDEA Community Edition 2020.1.3\jbr\bin\VCRUNTIME140.dll
0x00007ffb29820000 - 0x00007ffb29839000 	C:\Program Files\JetBrains\IntelliJ IDEA Community Edition 2020.1.3\jbr\bin\jli.dll
0x00007ffb51f10000 - 0x00007ffb520a4000 	C:\WINDOWS\System32\USER32.dll
0x00007ffb50ff0000 - 0x00007ffb51011000 	C:\WINDOWS\System32\win32u.dll
0x00007ffb41340000 - 0x00007ffb415c4000 	C:\WINDOWS\WinSxS\amd64_microsoft.windows.common-controls_6595b64144ccf1df_6.0.18362.900_none_e6beb9d913147d17\COMCTL32.dll
0x00007ffb52780000 - 0x00007ffb527a6000 	C:\WINDOWS\System32\GDI32.dll
0x00007ffb53d20000 - 0x00007ffb53dbe000 	C:\WINDOWS\System32\msvcrt.dll
0x00007ffb51cd0000 - 0x00007ffb51e65000 	C:\WINDOWS\System32\gdi32full.dll
0x00007ffb52230000 - 0x00007ffb52565000 	C:\WINDOWS\System32\combase.dll
0x00007ffb50df0000 - 0x00007ffb50e8e000 	C:\WINDOWS\System32\msvcp_win.dll
0x00007ffb520b0000 - 0x00007ffb521d0000 	C:\WINDOWS\System32\RPCRT4.dll
0x00007ffb51e70000 - 0x00007ffb51ef0000 	C:\WINDOWS\System32\bcryptPrimitives.dll
0x00007ffb527b0000 - 0x00007ffb527de000 	C:\WINDOWS\System32\IMM32.DLL
0x00007ffb0d760000 - 0x00007ffb0d7fd000 	C:\Program Files\JetBrains\IntelliJ IDEA Community Edition 2020.1.3\jbr\bin\msvcp140.dll
0x00007ffb089f0000 - 0x00007ffb094ab000 	C:\Program Files\JetBrains\IntelliJ IDEA Community Edition 2020.1.3\jbr\bin\server\jvm.dll
0x00007ffb530e0000 - 0x00007ffb53183000 	C:\WINDOWS\System32\ADVAPI32.dll
0x00007ffb53190000 - 0x00007ffb53227000 	C:\WINDOWS\System32\sechost.dll
0x00007ffb52620000 - 0x00007ffb52628000 	C:\WINDOWS\System32\PSAPI.DLL
0x00007ffb3e6b0000 - 0x00007ffb3e6b9000 	C:\WINDOWS\SYSTEM32\WSOCK32.dll
0x00007ffb4e840000 - 0x00007ffb4e864000 	C:\WINDOWS\SYSTEM32\WINMM.dll
0x00007ffb48ba0000 - 0x00007ffb48baa000 	C:\WINDOWS\SYSTEM32\VERSION.dll
0x00007ffb527e0000 - 0x00007ffb5284f000 	C:\WINDOWS\System32\WS2_32.dll
0x00007ffb4e3c0000 - 0x00007ffb4e3ed000 	C:\WINDOWS\SYSTEM32\winmmbase.dll
0x00007ffb50f40000 - 0x00007ffb50f8a000 	C:\WINDOWS\System32\cfgmgr32.dll
0x00007ffb50dd0000 - 0x00007ffb50de1000 	C:\WINDOWS\System32\kernel.appcore.dll
0x00007ffb3dd00000 - 0x00007ffb3dd11000 	C:\Program Files\JetBrains\IntelliJ IDEA Community Edition 2020.1.3\jbr\bin\verify.dll
0x00007ffb4f720000 - 0x00007ffb4f914000 	C:\WINDOWS\SYSTEM32\DBGHELP.DLL
0x00007ffb3a9f0000 - 0x00007ffb3aa1a000 	C:\WINDOWS\SYSTEM32\dbgcore.DLL
0x00007ffb3d260000 - 0x00007ffb3d289000 	C:\Program Files\JetBrains\IntelliJ IDEA Community Edition 2020.1.3\jbr\bin\java.dll
0x00007ffb3c870000 - 0x00007ffb3c888000 	C:\Program Files\JetBrains\IntelliJ IDEA Community Edition 2020.1.3\jbr\bin\zip.dll
0x00007ffb49d90000 - 0x00007ffb49d9b000 	C:\Program Files\JetBrains\IntelliJ IDEA Community Edition 2020.1.3\jbr\bin\jimage.dll

dbghelp: loaded successfully - version: 4.0.5 - missing functions: none
symbol engine: initialized successfully - sym options: 0x614 - pdb path: .;C:\Program Files\JetBrains\IntelliJ IDEA Community Edition 2020.1.3\jbr\bin;C:\WINDOWS\SYSTEM32;C:\WINDOWS\WinSxS\amd64_microsoft.windows.common-controls_6595b64144ccf1df_6.0.18362.900_none_e6beb9d913147d17;C:\Program Files\JetBrains\IntelliJ IDEA Community Edition 2020.1.3\jbr\bin\server

VM Arguments:
jvm_args: -Xmx64m -Xms64m -Dorg.gradle.appname=gradlew 
java_command: org.gradle.wrapper.GradleWrapperMain :Encryption-Decryption-task:testClasses
java_class_path (initial): C:\Users\Michael\IdeaProjects\Encryption-Decryption\\gradle\wrapper\gradle-wrapper.jar
Launcher Type: SUN_STANDARD

[Global flags]
     intx CICompilerCount                          = 3                                         {product} {ergonomic}
     uint ConcGCThreads                            = 1                                         {product} {ergonomic}
     uint G1ConcRefinementThreads                  = 4                                         {product} {ergonomic}
   size_t G1HeapRegionSize                         = 1048576                                   {product} {ergonomic}
    uintx GCDrainStackTargetSize                   = 64                                        {product} {ergonomic}
   size_t InitialHeapSize                          = 67108864                                  {product} {command line}
   size_t MarkStackSize                            = 4194304                                   {product} {ergonomic}
   size_t MaxHeapSize                              = 67108864                                  {product} {command line}
   size_t MinHeapDeltaBytes                        = 1048576                                   {product} {ergonomic}
    uintx NonNMethodCodeHeapSize                   = 5830732                                {pd product} {ergonomic}
    uintx NonProfiledCodeHeapSize                  = 122913754                              {pd product} {ergonomic}
    uintx ProfiledCodeHeapSize                     = 122913754                              {pd product} {ergonomic}
    uintx ReservedCodeCacheSize                    = 251658240                              {pd product} {ergonomic}
     bool SegmentedCodeCache                       = true                                      {product} {ergonomic}
     bool UseCompressedClassPointers               = true                                 {lp64_product} {ergonomic}
     bool UseCompressedOops                        = true                                 {lp64_product} {ergonomic}
     bool UseG1GC                                  = true                                      {product} {ergonomic}
     bool UseLargePagesIndividualAllocation        = false                                  {pd product} {ergonomic}

Logging:
Log output configuration:
 #0: stdout all=warning uptime,level,tags
 #1: stderr all=off uptime,level,tags

Environment Variables:
JAVA_HOME=C:\Program Files\JetBrains\IntelliJ IDEA Community Edition 2020.1.3\jbr
CLASSPATH=C:\Users\Michael\IdeaProjects\Encryption-Decryption\\gradle\wrapper\gradle-wrapper.jar
PATH=C:\Program Files (x86)\Common Files\Oracle\Java\javapath;C:\ProgramData\Oracle\Java\javapath;C:\Windows\System32;C:\Windows;C:\Windows\System32\wbem;C:\Windows\System32\WindowsPowerShell\v1.0\;C:\Android;C:\Windows\System32;C:\Windows\System32\OpenSSH\;C:\Program Files (x86)\GnuPG\bin;C:\Program Files (x86)\Intel\Intel(R) Management Engine Components\DAL;C:\Program Files\Intel\Intel(R) Management Engine Components\DAL;C:\Program Files\Java\jdk-13;C:\Program Files\Intel\WiFi\bin\;C:\Program Files\Common Files\Intel\WirelessCommon\;C:\Program Files\Git\cmd;C:\MinGW\bin;C:\Users\Michael\AppData\Local\Microsoft\WindowsApps;C:\Users\Michael\AppData\Local\atom\bin;C:\Users\Michael\AppData\Local\Microsoft\WindowsApps;;C:\Program Files\JetBrains\IntelliJ IDEA Community Edition 2020.1.3\bin;
USERNAME=Michael
OS=Windows_NT
PROCESSOR_IDENTIFIER=Intel64 Family 6 Model 142 Stepping 9, GenuineIntel



---------------  S Y S T E M  ---------------

OS: Windows 10 , 64 bit Build 18362 (10.0.18362.900)
OS uptime: 0 days 1:36 hours

CPU:total 4 (initial active 4) (2 cores per cpu, 2 threads per core) family 6 model 142 stepping 9, cmov, cx8, fxsr, mmx, sse, sse2, sse3, ssse3, sse4.1, sse4.2, popcnt, avx, avx2, aes, clmul, erms, 3dnowpref, lzcnt, ht, tsc, tscinvbit, bmi1, bmi2, adx, fma

Memory: 4k page, system-wide physical 8057M (1550M free)
TotalPageFile size 8057M (AvailPageFile size 25M)
current process WorkingSet (physical memory assigned to process): 9M, peak: 9M
current process commit charge ("private bytes"): 51M, peak: 115M

vm_info: OpenJDK 64-Bit Server VM (11.0.7+10-b765.64) for windows-amd64 JRE (11.0.7+10-b765.64), built on Jun 22 2020 14:48:21 by "" with MS VC++ 14.0 (VS2015)

END.
